<root>
  <Event xmlns="http://schemas.microsoft.com/win/2004/08/events/event">
    <System>
      <Provider Name="Microsoft-Windows-Sysmon" Guid="{5770385f-c22a-43e0-bf4c-06f5698ffbd9}" />
      <EventID>1</EventID>
      <Version>5</Version>
      <Level>4</Level>
      <Task>1</Task>
      <Opcode>0</Opcode>
      <Keywords>0x8000000000000000</Keywords>
      <TimeCreated SystemTime="2026-01-23T15:05:30.5500494Z" />
      <EventRecordID>3547</EventRecordID>
      <Correlation />
      <Execution ProcessID="1456" ThreadID="3492" />
      <Channel>Microsoft-Windows-Sysmon/Operational</Channel>
      <Computer>DESKTOP-U2U3HDH</Computer>
      <Security UserID="S-1-5-18" />
    </System>
    <EventData>
      <Data Name="RuleName">-</Data>
      <Data Name="UtcTime">2026-01-23 15:05:30.514</Data>
      <Data Name="ProcessGuid">{bdb1c22b-8e3a-6973-5e05-000000001700}</Data>
      <Data Name="ProcessId">1564</Data>
      <Data Name="Image">C:\Program Files\PowerShell\7\pwsh.exe</Data>
      <Data Name="FileVersion">7.5.4.500</Data>
      <Data Name="Description">PowerShell 7</Data>
      <Data Name="Product">PowerShell</Data>
      <Data Name="Company">Microsoft Corporation</Data>
      <Data Name="OriginalFileName">pwsh.dll</Data>
      <Data Name="CommandLine">"pwsh" -NonInteractive -File "C:\ProgramData\psandman\inputs\example_161_generated.ps1"</Data>
      <Data Name="CurrentDirectory">C:\Windows\system32\</Data>
      <Data Name="User">DESKTOP-U2U3HDH\rizz</Data>
      <Data Name="LogonGuid">{bdb1c22b-8e0e-6973-35e5-160000000000}</Data>
      <Data Name="LogonId">0x16e535</Data>
      <Data Name="TerminalSessionId">0</Data>
      <Data Name="IntegrityLevel">High</Data>
      <Data Name="Hashes">SHA1=97C1583FAD2DE5B1ED2AEAD21B938FBF6E946DAF,MD5=77D8EFAF7D34FE7B6974A448CF541FF2,SHA256=A7AD362B22E0E289772CCCF78C7AF3B99E32F3084E675392E4A9FFDDF380BF05,IMPHASH=7A8C872F8E13D32F36A675B52EDA1D6E</Data>
      <Data Name="ParentProcessGuid">{bdb1c22b-8e0e-6973-5205-000000001700}</Data>
      <Data Name="ParentProcessId">4552</Data>
      <Data Name="ParentImage">C:\Program Files\PowerShell\7\pwsh.exe</Data>
      <Data Name="ParentCommandLine">"C:\Program Files\PowerShell\7\pwsh.exe" -NoProfile -ExecutionPolicy Bypass -Command "&amp; C:/ProgramData/psandman/exec-analysis-scripts.ps1 example_161_generated.ps1"</Data>
      <Data Name="ParentUser">DESKTOP-U2U3HDH\rizz</Data>
    </EventData>
  </Event>
  <Event xmlns="http://schemas.microsoft.com/win/2004/08/events/event">
    <System>
      <Provider Name="Microsoft-Windows-Sysmon" Guid="{5770385f-c22a-43e0-bf4c-06f5698ffbd9}" />
      <EventID>11</EventID>
      <Version>2</Version>
      <Level>4</Level>
      <Task>11</Task>
      <Opcode>0</Opcode>
      <Keywords>0x8000000000000000</Keywords>
      <TimeCreated SystemTime="2026-01-23T15:05:33.8734786Z" />
      <EventRecordID>3624</EventRecordID>
      <Correlation />
      <Execution ProcessID="1456" ThreadID="3492" />
      <Channel>Microsoft-Windows-Sysmon/Operational</Channel>
      <Computer>DESKTOP-U2U3HDH</Computer>
      <Security UserID="S-1-5-18" />
    </System>
    <EventData>
      <Data Name="RuleName">-</Data>
      <Data Name="UtcTime">2026-01-23 15:05:33.871</Data>
      <Data Name="ProcessGuid">{bdb1c22b-8e3a-6973-5e05-000000001700}</Data>
      <Data Name="ProcessId">1564</Data>
      <Data Name="Image">C:\Program Files\PowerShell\7\pwsh.exe</Data>
      <Data Name="TargetFilename">C:\Users\rizz\AppData\Local\Temp\__PSScriptPolicyTest_jfetigzq.zgo.ps1</Data>
      <Data Name="CreationUtcTime">2026-01-23 15:05:33.871</Data>
      <Data Name="User">DESKTOP-U2U3HDH\rizz</Data>
    </EventData>
  </Event>
  <Event xmlns="http://schemas.microsoft.com/win/2004/08/events/event">
    <System>
      <Provider Name="Microsoft-Windows-Sysmon" Guid="{5770385f-c22a-43e0-bf4c-06f5698ffbd9}" />
      <EventID>11</EventID>
      <Version>2</Version>
      <Level>4</Level>
      <Task>11</Task>
      <Opcode>0</Opcode>
      <Keywords>0x8000000000000000</Keywords>
      <TimeCreated SystemTime="2026-01-23T15:05:33.8757104Z" />
      <EventRecordID>3625</EventRecordID>
      <Correlation />
      <Execution ProcessID="1456" ThreadID="3492" />
      <Channel>Microsoft-Windows-Sysmon/Operational</Channel>
      <Computer>DESKTOP-U2U3HDH</Computer>
      <Security UserID="S-1-5-18" />
    </System>
    <EventData>
      <Data Name="RuleName">-</Data>
      <Data Name="UtcTime">2026-01-23 15:05:33.871</Data>
      <Data Name="ProcessGuid">{bdb1c22b-8e3a-6973-5e05-000000001700}</Data>
      <Data Name="ProcessId">1564</Data>
      <Data Name="Image">C:\Program Files\PowerShell\7\pwsh.exe</Data>
      <Data Name="TargetFilename">C:\Users\rizz\AppData\Local\Temp\__PSScriptPolicyTest_i42fe0rc.za3.psm1</Data>
      <Data Name="CreationUtcTime">2026-01-23 15:05:33.871</Data>
      <Data Name="User">DESKTOP-U2U3HDH\rizz</Data>
    </EventData>
  </Event>
  <Event xmlns="http://schemas.microsoft.com/win/2004/08/events/event">
    <System>
      <Provider Name="Microsoft-Windows-Sysmon" Guid="{5770385f-c22a-43e0-bf4c-06f5698ffbd9}" />
      <EventID>1</EventID>
      <Version>5</Version>
      <Level>4</Level>
      <Task>1</Task>
      <Opcode>0</Opcode>
      <Keywords>0x8000000000000000</Keywords>
      <TimeCreated SystemTime="2026-01-23T15:05:35.9961057Z" />
      <EventRecordID>3687</EventRecordID>
      <Correlation />
      <Execution ProcessID="1456" ThreadID="3492" />
      <Channel>Microsoft-Windows-Sysmon/Operational</Channel>
      <Computer>DESKTOP-U2U3HDH</Computer>
      <Security UserID="S-1-5-18" />
    </System>
    <EventData>
      <Data Name="RuleName">-</Data>
      <Data Name="UtcTime">2026-01-23 15:05:35.967</Data>
      <Data Name="ProcessGuid">{bdb1c22b-8e3f-6973-5f05-000000001700}</Data>
      <Data Name="ProcessId">3836</Data>
      <Data Name="Image">C:\Windows\System32\WindowsPowerShell\v1.0\powershell.exe</Data>
      <Data Name="FileVersion">10.0.19041.2913 (WinBuild.160101.0800)</Data>
      <Data Name="Description">Windows PowerShell</Data>
      <Data Name="Product">Microsoft« Windows« Operating System</Data>
      <Data Name="Company">Microsoft Corporation</Data>
      <Data Name="OriginalFileName">PowerShell.EXE</Data>
      <Data Name="CommandLine">"C:\Windows\System32\WindowsPowerShell\v1.0\powershell.exe" -Version 5.1 -s -NoLogo -NoProfile</Data>
      <Data Name="CurrentDirectory">C:\Windows\system32\</Data>
      <Data Name="User">DESKTOP-U2U3HDH\rizz</Data>
      <Data Name="LogonGuid">{bdb1c22b-8e0e-6973-35e5-160000000000}</Data>
      <Data Name="LogonId">0x16e535</Data>
      <Data Name="TerminalSessionId">0</Data>
      <Data Name="IntegrityLevel">High</Data>
      <Data Name="Hashes">SHA1=EB39E26A364ECD0691A59FCEF61A90334112617E,MD5=BCF01E61144D6D6325650134823198B8,SHA256=B4E7BC24BF3F5C3DA2EB6E9EC5EC10F90099DEFA91B820F2F3FC70DD9E4785C4,IMPHASH=88CB9A420410BDA787E305B65518A934</Data>
      <Data Name="ParentProcessGuid">{bdb1c22b-8e3a-6973-5e05-000000001700}</Data>
      <Data Name="ParentProcessId">1564</Data>
      <Data Name="ParentImage">C:\Program Files\PowerShell\7\pwsh.exe</Data>
      <Data Name="ParentCommandLine">"pwsh" -NonInteractive -File "C:\ProgramData\psandman\inputs\example_161_generated.ps1"</Data>
      <Data Name="ParentUser">DESKTOP-U2U3HDH\rizz</Data>
    </EventData>
  </Event>
  <Event xmlns="http://schemas.microsoft.com/win/2004/08/events/event">
    <System>
      <Provider Name="Microsoft-Windows-Sysmon" Guid="{5770385f-c22a-43e0-bf4c-06f5698ffbd9}" />
      <EventID>11</EventID>
      <Version>2</Version>
      <Level>4</Level>
      <Task>11</Task>
      <Opcode>0</Opcode>
      <Keywords>0x8000000000000000</Keywords>
      <TimeCreated SystemTime="2026-01-23T15:05:40.5520402Z" />
      <EventRecordID>3762</EventRecordID>
      <Correlation />
      <Execution ProcessID="1456" ThreadID="3492" />
      <Channel>Microsoft-Windows-Sysmon/Operational</Channel>
      <Computer>DESKTOP-U2U3HDH</Computer>
      <Security UserID="S-1-5-18" />
    </System>
    <EventData>
      <Data Name="RuleName">-</Data>
      <Data Name="UtcTime">2026-01-23 15:05:40.538</Data>
      <Data Name="ProcessGuid">{bdb1c22b-8e3f-6973-5f05-000000001700}</Data>
      <Data Name="ProcessId">3836</Data>
      <Data Name="Image">C:\Windows\System32\WindowsPowerShell\v1.0\powershell.exe</Data>
      <Data Name="TargetFilename">C:\Users\rizz\AppData\Local\Temp\__PSScriptPolicyTest_uquafn5l.rqn.ps1</Data>
      <Data Name="CreationUtcTime">2026-01-23 15:05:40.538</Data>
      <Data Name="User">DESKTOP-U2U3HDH\rizz</Data>
    </EventData>
  </Event>
  <Event xmlns="http://schemas.microsoft.com/win/2004/08/events/event">
    <System>
      <Provider Name="Microsoft-Windows-Sysmon" Guid="{5770385f-c22a-43e0-bf4c-06f5698ffbd9}" />
      <EventID>11</EventID>
      <Version>2</Version>
      <Level>4</Level>
      <Task>11</Task>
      <Opcode>0</Opcode>
      <Keywords>0x8000000000000000</Keywords>
      <TimeCreated SystemTime="2026-01-23T15:05:40.5532860Z" />
      <EventRecordID>3763</EventRecordID>
      <Correlation />
      <Execution ProcessID="1456" ThreadID="3492" />
      <Channel>Microsoft-Windows-Sysmon/Operational</Channel>
      <Computer>DESKTOP-U2U3HDH</Computer>
      <Security UserID="S-1-5-18" />
    </System>
    <EventData>
      <Data Name="RuleName">-</Data>
      <Data Name="UtcTime">2026-01-23 15:05:40.552</Data>
      <Data Name="ProcessGuid">{bdb1c22b-8e3f-6973-5f05-000000001700}</Data>
      <Data Name="ProcessId">3836</Data>
      <Data Name="Image">C:\Windows\System32\WindowsPowerShell\v1.0\powershell.exe</Data>
      <Data Name="TargetFilename">C:\Users\rizz\AppData\Local\Temp\__PSScriptPolicyTest_c5ghl00q.rh0.psm1</Data>
      <Data Name="CreationUtcTime">2026-01-23 15:05:40.552</Data>
      <Data Name="User">DESKTOP-U2U3HDH\rizz</Data>
    </EventData>
  </Event>
  <Event xmlns="http://schemas.microsoft.com/win/2004/08/events/event">
    <System>
      <Provider Name="Microsoft-Windows-Sysmon" Guid="{5770385f-c22a-43e0-bf4c-06f5698ffbd9}" />
      <EventID>11</EventID>
      <Version>2</Version>
      <Level>4</Level>
      <Task>11</Task>
      <Opcode>0</Opcode>
      <Keywords>0x8000000000000000</Keywords>
      <TimeCreated SystemTime="2026-01-23T15:05:44.5639975Z" />
      <EventRecordID>3796</EventRecordID>
      <Correlation />
      <Execution ProcessID="1456" ThreadID="3492" />
      <Channel>Microsoft-Windows-Sysmon/Operational</Channel>
      <Computer>DESKTOP-U2U3HDH</Computer>
      <Security UserID="S-1-5-18" />
    </System>
    <EventData>
      <Data Name="RuleName">-</Data>
      <Data Name="UtcTime">2026-01-23 15:05:44.558</Data>
      <Data Name="ProcessGuid">{bdb1c22b-8e3a-6973-5e05-000000001700}</Data>
      <Data Name="ProcessId">1564</Data>
      <Data Name="Image">C:\Program Files\PowerShell\7\pwsh.exe</Data>
      <Data Name="TargetFilename">C:\Users\rizz\AppData\Local\Microsoft\PowerShell\StartupProfileData-NonInteractive</Data>
      <Data Name="CreationUtcTime">2025-12-14 17:54:33.280</Data>
      <Data Name="User">DESKTOP-U2U3HDH\rizz</Data>
    </EventData>
  </Event>
  <Event xmlns="http://schemas.microsoft.com/win/2004/08/events/event">
    <System>
      <Provider Name="Microsoft-Windows-Sysmon" Guid="{5770385f-c22a-43e0-bf4c-06f5698ffbd9}" />
      <EventID>11</EventID>
      <Version>2</Version>
      <Level>4</Level>
      <Task>11</Task>
      <Opcode>0</Opcode>
      <Keywords>0x8000000000000000</Keywords>
      <TimeCreated SystemTime="2026-01-23T15:05:45.1531077Z" />
      <EventRecordID>3797</EventRecordID>
      <Correlation />
      <Execution ProcessID="1456" ThreadID="3492" />
      <Channel>Microsoft-Windows-Sysmon/Operational</Channel>
      <Computer>DESKTOP-U2U3HDH</Computer>
      <Security UserID="S-1-5-18" />
    </System>
    <EventData>
      <Data Name="RuleName">-</Data>
      <Data Name="UtcTime">2026-01-23 15:05:45.099</Data>
      <Data Name="ProcessGuid">{bdb1c22b-8e3a-6973-5e05-000000001700}</Data>
      <Data Name="ProcessId">1564</Data>
      <Data Name="Image">C:\Program Files\PowerShell\7\pwsh.exe</Data>
      <Data Name="TargetFilename">C:\Users\rizz\AppData\Local\Temp\remoteIpMoProxy_maliciouscmds_1.0_localhost_0dcc5605-0f7e-4e39-92b7-55b2ceadaf1b</Data>
      <Data Name="CreationUtcTime">2026-01-23 15:05:45.099</Data>
      <Data Name="User">DESKTOP-U2U3HDH\rizz</Data>
    </EventData>
  </Event>
  <Event xmlns="http://schemas.microsoft.com/win/2004/08/events/event">
    <System>
      <Provider Name="Microsoft-Windows-Sysmon" Guid="{5770385f-c22a-43e0-bf4c-06f5698ffbd9}" />
      <EventID>11</EventID>
      <Version>2</Version>
      <Level>4</Level>
      <Task>11</Task>
      <Opcode>0</Opcode>
      <Keywords>0x8000000000000000</Keywords>
      <TimeCreated SystemTime="2026-01-23T15:05:45.1531379Z" />
      <EventRecordID>3798</EventRecordID>
      <Correlation />
      <Execution ProcessID="1456" ThreadID="3492" />
      <Channel>Microsoft-Windows-Sysmon/Operational</Channel>
      <Computer>DESKTOP-U2U3HDH</Computer>
      <Security UserID="S-1-5-18" />
    </System>
    <EventData>
      <Data Name="RuleName">-</Data>
      <Data Name="UtcTime">2026-01-23 15:05:45.099</Data>
      <Data Name="ProcessGuid">{bdb1c22b-8e3a-6973-5e05-000000001700}</Data>
      <Data Name="ProcessId">1564</Data>
      <Data Name="Image">C:\Program Files\PowerShell\7\pwsh.exe</Data>
      <Data Name="TargetFilename">C:\Users\rizz\AppData\Local\Temp\tmp_yn30suwn.tlx</Data>
      <Data Name="CreationUtcTime">2026-01-23 15:05:45.099</Data>
      <Data Name="User">DESKTOP-U2U3HDH\rizz</Data>
    </EventData>
  </Event>
  <Event xmlns="http://schemas.microsoft.com/win/2004/08/events/event">
    <System>
      <Provider Name="Microsoft-Windows-Sysmon" Guid="{5770385f-c22a-43e0-bf4c-06f5698ffbd9}" />
      <EventID>11</EventID>
      <Version>2</Version>
      <Level>4</Level>
      <Task>11</Task>
      <Opcode>0</Opcode>
      <Keywords>0x8000000000000000</Keywords>
      <TimeCreated SystemTime="2026-01-23T15:05:46.5821505Z" />
      <EventRecordID>3800</EventRecordID>
      <Correlation />
      <Execution ProcessID="1456" ThreadID="3492" />
      <Channel>Microsoft-Windows-Sysmon/Operational</Channel>
      <Computer>DESKTOP-U2U3HDH</Computer>
      <Security UserID="S-1-5-18" />
    </System>
    <EventData>
      <Data Name="RuleName">-</Data>
      <Data Name="UtcTime">2026-01-23 15:05:46.576</Data>
      <Data Name="ProcessGuid">{bdb1c22b-8e3a-6973-5e05-000000001700}</Data>
      <Data Name="ProcessId">1564</Data>
      <Data Name="Image">C:\Program Files\PowerShell\7\pwsh.exe</Data>
      <Data Name="TargetFilename">C:\Users\rizz\AppData\Local\Microsoft\PowerShell\ModuleAnalysisCache-0C86AEE9</Data>
      <Data Name="CreationUtcTime">2025-12-15 07:06:03.741</Data>
      <Data Name="User">DESKTOP-U2U3HDH\rizz</Data>
    </EventData>
  </Event>
  <Event xmlns="http://schemas.microsoft.com/win/2004/08/events/event">
    <System>
      <Provider Name="Microsoft-Windows-Sysmon" Guid="{5770385f-c22a-43e0-bf4c-06f5698ffbd9}" />
      <EventID>11</EventID>
      <Version>2</Version>
      <Level>4</Level>
      <Task>11</Task>
      <Opcode>0</Opcode>
      <Keywords>0x8000000000000000</Keywords>
      <TimeCreated SystemTime="2026-01-23T15:05:48.4240600Z" />
      <EventRecordID>3801</EventRecordID>
      <Correlation />
      <Execution ProcessID="1456" ThreadID="3492" />
      <Channel>Microsoft-Windows-Sysmon/Operational</Channel>
      <Computer>DESKTOP-U2U3HDH</Computer>
      <Security UserID="S-1-5-18" />
    </System>
    <EventData>
      <Data Name="RuleName">-</Data>
      <Data Name="UtcTime">2026-01-23 15:05:48.415</Data>
      <Data Name="ProcessGuid">{bdb1c22b-8e3a-6973-5e05-000000001700}</Data>
      <Data Name="ProcessId">1564</Data>
      <Data Name="Image">C:\Program Files\PowerShell\7\pwsh.exe</Data>
      <Data Name="TargetFilename">C:\Users\rizz\AppData\Local\Temp\tmp_yn30suwn.tlx\remoteIpMoProxy_maliciouscmds_1.0_localhost_0dcc5605-0f7e-4e39-92b7-55b2ceadaf1b.psm1</Data>
      <Data Name="CreationUtcTime">2026-01-23 15:05:48.415</Data>
      <Data Name="User">DESKTOP-U2U3HDH\rizz</Data>
    </EventData>
  </Event>
  <Event xmlns="http://schemas.microsoft.com/win/2004/08/events/event">
    <System>
      <Provider Name="Microsoft-Windows-Sysmon" Guid="{5770385f-c22a-43e0-bf4c-06f5698ffbd9}" />
      <EventID>11</EventID>
      <Version>2</Version>
      <Level>4</Level>
      <Task>11</Task>
      <Opcode>0</Opcode>
      <Keywords>0x8000000000000000</Keywords>
      <TimeCreated SystemTime="2026-01-23T15:05:48.4419721Z" />
      <EventRecordID>3802</EventRecordID>
      <Correlation />
      <Execution ProcessID="1456" ThreadID="3492" />
      <Channel>Microsoft-Windows-Sysmon/Operational</Channel>
      <Computer>DESKTOP-U2U3HDH</Computer>
      <Security UserID="S-1-5-18" />
    </System>
    <EventData>
      <Data Name="RuleName">-</Data>
      <Data Name="UtcTime">2026-01-23 15:05:48.427</Data>
      <Data Name="ProcessGuid">{bdb1c22b-8e3a-6973-5e05-000000001700}</Data>
      <Data Name="ProcessId">1564</Data>
      <Data Name="Image">C:\Program Files\PowerShell\7\pwsh.exe</Data>
      <Data Name="TargetFilename">C:\Users\rizz\AppData\Local\Temp\tmp_yn30suwn.tlx\remoteIpMoProxy_maliciouscmds_1.0_localhost_0dcc5605-0f7e-4e39-92b7-55b2ceadaf1b.format.ps1xml</Data>
      <Data Name="CreationUtcTime">2026-01-23 15:05:48.427</Data>
      <Data Name="User">DESKTOP-U2U3HDH\rizz</Data>
    </EventData>
  </Event>
  <Event xmlns="http://schemas.microsoft.com/win/2004/08/events/event">
    <System>
      <Provider Name="Microsoft-Windows-Sysmon" Guid="{5770385f-c22a-43e0-bf4c-06f5698ffbd9}" />
      <EventID>11</EventID>
      <Version>2</Version>
      <Level>4</Level>
      <Task>11</Task>
      <Opcode>0</Opcode>
      <Keywords>0x8000000000000000</Keywords>
      <TimeCreated SystemTime="2026-01-23T15:05:48.4427062Z" />
      <EventRecordID>3803</EventRecordID>
      <Correlation />
      <Execution ProcessID="1456" ThreadID="3492" />
      <Channel>Microsoft-Windows-Sysmon/Operational</Channel>
      <Computer>DESKTOP-U2U3HDH</Computer>
      <Security UserID="S-1-5-18" />
    </System>
    <EventData>
      <Data Name="RuleName">-</Data>
      <Data Name="UtcTime">2026-01-23 15:05:48.427</Data>
      <Data Name="ProcessGuid">{bdb1c22b-8e3a-6973-5e05-000000001700}</Data>
      <Data Name="ProcessId">1564</Data>
      <Data Name="Image">C:\Program Files\PowerShell\7\pwsh.exe</Data>
      <Data Name="TargetFilename">C:\Users\rizz\AppData\Local\Temp\tmp_yn30suwn.tlx\remoteIpMoProxy_maliciouscmds_1.0_localhost_0dcc5605-0f7e-4e39-92b7-55b2ceadaf1b.psd1</Data>
      <Data Name="CreationUtcTime">2026-01-23 15:05:48.427</Data>
      <Data Name="User">DESKTOP-U2U3HDH\rizz</Data>
    </EventData>
  </Event>
  <Event xmlns="http://schemas.microsoft.com/win/2004/08/events/event">
    <System>
      <Provider Name="Microsoft-Windows-Sysmon" Guid="{5770385f-c22a-43e0-bf4c-06f5698ffbd9}" />
      <EventID>11</EventID>
      <Version>2</Version>
      <Level>4</Level>
      <Task>11</Task>
      <Opcode>0</Opcode>
      <Keywords>0x8000000000000000</Keywords>
      <TimeCreated SystemTime="2026-01-23T15:05:48.4920633Z" />
      <EventRecordID>3804</EventRecordID>
      <Correlation />
      <Execution ProcessID="1456" ThreadID="3492" />
      <Channel>Microsoft-Windows-Sysmon/Operational</Channel>
      <Computer>DESKTOP-U2U3HDH</Computer>
      <Security UserID="S-1-5-18" />
    </System>
    <EventData>
      <Data Name="RuleName">-</Data>
      <Data Name="UtcTime">2026-01-23 15:05:48.487</Data>
      <Data Name="ProcessGuid">{bdb1c22b-8e3a-6973-5e05-000000001700}</Data>
      <Data Name="ProcessId">1564</Data>
      <Data Name="Image">C:\Program Files\PowerShell\7\pwsh.exe</Data>
      <Data Name="TargetFilename">C:\Users\rizz\AppData\Local\Temp\remoteIpMoProxy_maliciouscmds_1.0_localhost_0dcc5605-0f7e-4e39-92b7-55b2ceadaf1b\remoteIpMoProxy_maliciouscmds_1.0_localhost_0dcc5605-0f7e-4e39-92b7-55b2ceadaf1b.format.ps1xml</Data>
      <Data Name="CreationUtcTime">2026-01-23 15:05:48.487</Data>
      <Data Name="User">DESKTOP-U2U3HDH\rizz</Data>
    </EventData>
  </Event>
  <Event xmlns="http://schemas.microsoft.com/win/2004/08/events/event">
    <System>
      <Provider Name="Microsoft-Windows-Sysmon" Guid="{5770385f-c22a-43e0-bf4c-06f5698ffbd9}" />
      <EventID>11</EventID>
      <Version>2</Version>
      <Level>4</Level>
      <Task>11</Task>
      <Opcode>0</Opcode>
      <Keywords>0x8000000000000000</Keywords>
      <TimeCreated SystemTime="2026-01-23T15:05:48.5287102Z" />
      <EventRecordID>3806</EventRecordID>
      <Correlation />
      <Execution ProcessID="1456" ThreadID="3492" />
      <Channel>Microsoft-Windows-Sysmon/Operational</Channel>
      <Computer>DESKTOP-U2U3HDH</Computer>
      <Security UserID="S-1-5-18" />
    </System>
    <EventData>
      <Data Name="RuleName">-</Data>
      <Data Name="UtcTime">2026-01-23 15:05:48.527</Data>
      <Data Name="ProcessGuid">{bdb1c22b-8e3a-6973-5e05-000000001700}</Data>
      <Data Name="ProcessId">1564</Data>
      <Data Name="Image">C:\Program Files\PowerShell\7\pwsh.exe</Data>
      <Data Name="TargetFilename">C:\Users\rizz\AppData\Local\Temp\remoteIpMoProxy_maliciouscmds_1.0_localhost_0dcc5605-0f7e-4e39-92b7-55b2ceadaf1b\remoteIpMoProxy_maliciouscmds_1.0_localhost_0dcc5605-0f7e-4e39-92b7-55b2ceadaf1b.psd1</Data>
      <Data Name="CreationUtcTime">2026-01-23 15:05:48.511</Data>
      <Data Name="User">DESKTOP-U2U3HDH\rizz</Data>
    </EventData>
  </Event>
  <Event xmlns="http://schemas.microsoft.com/win/2004/08/events/event">
    <System>
      <Provider Name="Microsoft-Windows-Sysmon" Guid="{5770385f-c22a-43e0-bf4c-06f5698ffbd9}" />
      <EventID>11</EventID>
      <Version>2</Version>
      <Level>4</Level>
      <Task>11</Task>
      <Opcode>0</Opcode>
      <Keywords>0x8000000000000000</Keywords>
      <TimeCreated SystemTime="2026-01-23T15:05:48.5340984Z" />
      <EventRecordID>3807</EventRecordID>
      <Correlation />
      <Execution ProcessID="1456" ThreadID="3492" />
      <Channel>Microsoft-Windows-Sysmon/Operational</Channel>
      <Computer>DESKTOP-U2U3HDH</Computer>
      <Security UserID="S-1-5-18" />
    </System>
    <EventData>
      <Data Name="RuleName">-</Data>
      <Data Name="UtcTime">2026-01-23 15:05:48.527</Data>
      <Data Name="ProcessGuid">{bdb1c22b-8e3a-6973-5e05-000000001700}</Data>
      <Data Name="ProcessId">1564</Data>
      <Data Name="Image">C:\Program Files\PowerShell\7\pwsh.exe</Data>
      <Data Name="TargetFilename">C:\Users\rizz\AppData\Local\Temp\remoteIpMoProxy_maliciouscmds_1.0_localhost_0dcc5605-0f7e-4e39-92b7-55b2ceadaf1b\remoteIpMoProxy_maliciouscmds_1.0_localhost_0dcc5605-0f7e-4e39-92b7-55b2ceadaf1b.psm1</Data>
      <Data Name="CreationUtcTime">2026-01-23 15:05:48.527</Data>
      <Data Name="User">DESKTOP-U2U3HDH\rizz</Data>
    </EventData>
  </Event>
  <Event xmlns="http://schemas.microsoft.com/win/2004/08/events/event">
    <System>
      <Provider Name="Microsoft-Windows-Sysmon" Guid="{5770385f-c22a-43e0-bf4c-06f5698ffbd9}" />
      <EventID>22</EventID>
      <Version>5</Version>
      <Level>4</Level>
      <Task>22</Task>
      <Opcode>0</Opcode>
      <Keywords>0x8000000000000000</Keywords>
      <TimeCreated SystemTime="2026-01-23T15:06:02.4012066Z" />
      <EventRecordID>4162</EventRecordID>
      <Correlation />
      <Execution ProcessID="1456" ThreadID="5092" />
      <Channel>Microsoft-Windows-Sysmon/Operational</Channel>
      <Computer>DESKTOP-U2U3HDH</Computer>
      <Security UserID="S-1-5-18" />
    </System>
    <EventData>
      <Data Name="RuleName">-</Data>
      <Data Name="UtcTime">2026-01-23 15:06:05.143</Data>
      <Data Name="ProcessGuid">{bdb1c22b-8e3a-6973-5e05-000000001700}</Data>
      <Data Name="ProcessId">1564</Data>
      <Data Name="QueryName">dc.services.visualstudio.com</Data>
      <Data Name="QueryStatus">9701</Data>
      <Data Name="QueryResults">-</Data>
      <Data Name="Image">C:\Program Files\PowerShell\7\pwsh.exe</Data>
      <Data Name="User">DESKTOP-U2U3HDH\rizz</Data>
    </EventData>
  </Event>
</root>