<root>
  <Event xmlns="http://schemas.microsoft.com/win/2004/08/events/event">
    <System>
      <Provider Name="Microsoft-Windows-Sysmon" Guid="{5770385f-c22a-43e0-bf4c-06f5698ffbd9}" />
      <EventID>1</EventID>
      <Version>5</Version>
      <Level>4</Level>
      <Task>1</Task>
      <Opcode>0</Opcode>
      <Keywords>0x8000000000000000</Keywords>
      <TimeCreated SystemTime="2026-01-05T10:41:46.4454763Z" />
      <EventRecordID>3548</EventRecordID>
      <Correlation />
      <Execution ProcessID="3420" ThreadID="2032" />
      <Channel>Microsoft-Windows-Sysmon/Operational</Channel>
      <Computer>DESKTOP-U2U3HDH</Computer>
      <Security UserID="S-1-5-18" />
    </System>
    <EventData>
      <Data Name="RuleName">-</Data>
      <Data Name="UtcTime">2026-01-05 10:41:46.415</Data>
      <Data Name="ProcessGuid">{bdb1c22b-956a-695b-1405-000000001700}</Data>
      <Data Name="ProcessId">3324</Data>
      <Data Name="Image">C:\Program Files\PowerShell\7\pwsh.exe</Data>
      <Data Name="FileVersion">7.5.4.500</Data>
      <Data Name="Description">PowerShell 7</Data>
      <Data Name="Product">PowerShell</Data>
      <Data Name="Company">Microsoft Corporation</Data>
      <Data Name="OriginalFileName">pwsh.dll</Data>
      <Data Name="CommandLine">"pwsh" -NonInteractive -File "C:\ProgramData\psandman\inputs\example_594_generated_train_openai.ps1"</Data>
      <Data Name="CurrentDirectory">C:\Windows\system32\</Data>
      <Data Name="User">DESKTOP-U2U3HDH\rizz</Data>
      <Data Name="LogonGuid">{bdb1c22b-9535-695b-4dd6-140000000000}</Data>
      <Data Name="LogonId">0x14d64d</Data>
      <Data Name="TerminalSessionId">0</Data>
      <Data Name="IntegrityLevel">High</Data>
      <Data Name="Hashes">SHA1=97C1583FAD2DE5B1ED2AEAD21B938FBF6E946DAF,MD5=77D8EFAF7D34FE7B6974A448CF541FF2,SHA256=A7AD362B22E0E289772CCCF78C7AF3B99E32F3084E675392E4A9FFDDF380BF05,IMPHASH=7A8C872F8E13D32F36A675B52EDA1D6E</Data>
      <Data Name="ParentProcessGuid">{bdb1c22b-9536-695b-0205-000000001700}</Data>
      <Data Name="ParentProcessId">4308</Data>
      <Data Name="ParentImage">C:\Program Files\PowerShell\7\pwsh.exe</Data>
      <Data Name="ParentCommandLine">"C:\Program Files\PowerShell\7\pwsh.exe" -NoProfile -ExecutionPolicy Bypass -Command "&amp; C:/ProgramData/psandman/exec-analysis-scripts.ps1 example_594_generated_train_openai.ps1"</Data>
      <Data Name="ParentUser">DESKTOP-U2U3HDH\rizz</Data>
    </EventData>
  </Event>
  <Event xmlns="http://schemas.microsoft.com/win/2004/08/events/event">
    <System>
      <Provider Name="Microsoft-Windows-Sysmon" Guid="{5770385f-c22a-43e0-bf4c-06f5698ffbd9}" />
      <EventID>11</EventID>
      <Version>2</Version>
      <Level>4</Level>
      <Task>11</Task>
      <Opcode>0</Opcode>
      <Keywords>0x8000000000000000</Keywords>
      <TimeCreated SystemTime="2026-01-05T10:41:50.6747027Z" />
      <EventRecordID>3624</EventRecordID>
      <Correlation />
      <Execution ProcessID="3420" ThreadID="2032" />
      <Channel>Microsoft-Windows-Sysmon/Operational</Channel>
      <Computer>DESKTOP-U2U3HDH</Computer>
      <Security UserID="S-1-5-18" />
    </System>
    <EventData>
      <Data Name="RuleName">-</Data>
      <Data Name="UtcTime">2026-01-05 10:41:50.647</Data>
      <Data Name="ProcessGuid">{bdb1c22b-956a-695b-1405-000000001700}</Data>
      <Data Name="ProcessId">3324</Data>
      <Data Name="Image">C:\Program Files\PowerShell\7\pwsh.exe</Data>
      <Data Name="TargetFilename">C:\Users\rizz\AppData\Local\Temp\__PSScriptPolicyTest_svuwbvn5.t21.ps1</Data>
      <Data Name="CreationUtcTime">2026-01-05 10:41:50.647</Data>
      <Data Name="User">DESKTOP-U2U3HDH\rizz</Data>
    </EventData>
  </Event>
  <Event xmlns="http://schemas.microsoft.com/win/2004/08/events/event">
    <System>
      <Provider Name="Microsoft-Windows-Sysmon" Guid="{5770385f-c22a-43e0-bf4c-06f5698ffbd9}" />
      <EventID>11</EventID>
      <Version>2</Version>
      <Level>4</Level>
      <Task>11</Task>
      <Opcode>0</Opcode>
      <Keywords>0x8000000000000000</Keywords>
      <TimeCreated SystemTime="2026-01-05T10:41:50.6759561Z" />
      <EventRecordID>3625</EventRecordID>
      <Correlation />
      <Execution ProcessID="3420" ThreadID="2032" />
      <Channel>Microsoft-Windows-Sysmon/Operational</Channel>
      <Computer>DESKTOP-U2U3HDH</Computer>
      <Security UserID="S-1-5-18" />
    </System>
    <EventData>
      <Data Name="RuleName">-</Data>
      <Data Name="UtcTime">2026-01-05 10:41:50.647</Data>
      <Data Name="ProcessGuid">{bdb1c22b-956a-695b-1405-000000001700}</Data>
      <Data Name="ProcessId">3324</Data>
      <Data Name="Image">C:\Program Files\PowerShell\7\pwsh.exe</Data>
      <Data Name="TargetFilename">C:\Users\rizz\AppData\Local\Temp\__PSScriptPolicyTest_1vj10nyr.cdk.psm1</Data>
      <Data Name="CreationUtcTime">2026-01-05 10:41:50.647</Data>
      <Data Name="User">DESKTOP-U2U3HDH\rizz</Data>
    </EventData>
  </Event>
  <Event xmlns="http://schemas.microsoft.com/win/2004/08/events/event">
    <System>
      <Provider Name="Microsoft-Windows-Sysmon" Guid="{5770385f-c22a-43e0-bf4c-06f5698ffbd9}" />
      <EventID>22</EventID>
      <Version>5</Version>
      <Level>4</Level>
      <Task>22</Task>
      <Opcode>0</Opcode>
      <Keywords>0x8000000000000000</Keywords>
      <TimeCreated SystemTime="2026-01-05T10:41:56.1161345Z" />
      <EventRecordID>3694</EventRecordID>
      <Correlation />
      <Execution ProcessID="3420" ThreadID="3788" />
      <Channel>Microsoft-Windows-Sysmon/Operational</Channel>
      <Computer>DESKTOP-U2U3HDH</Computer>
      <Security UserID="S-1-5-18" />
    </System>
    <EventData>
      <Data Name="RuleName">-</Data>
      <Data Name="UtcTime">2026-01-05 10:41:54.123</Data>
      <Data Name="ProcessGuid">{bdb1c22b-956a-695b-1405-000000001700}</Data>
      <Data Name="ProcessId">3324</Data>
      <Data Name="QueryName">DESKTOP-U2U3HDH</Data>
      <Data Name="QueryStatus">0</Data>
      <Data Name="QueryResults">fe80::31ed:ab77:1fb7:5289;::ffff:169.254.179.188;</Data>
      <Data Name="Image">C:\Program Files\PowerShell\7\pwsh.exe</Data>
      <Data Name="User">DESKTOP-U2U3HDH\rizz</Data>
    </EventData>
  </Event>
  <Event xmlns="http://schemas.microsoft.com/win/2004/08/events/event">
    <System>
      <Provider Name="Microsoft-Windows-Sysmon" Guid="{5770385f-c22a-43e0-bf4c-06f5698ffbd9}" />
      <EventID>11</EventID>
      <Version>2</Version>
      <Level>4</Level>
      <Task>11</Task>
      <Opcode>0</Opcode>
      <Keywords>0x8000000000000000</Keywords>
      <TimeCreated SystemTime="2026-01-05T10:42:03.1934449Z" />
      <EventRecordID>3698</EventRecordID>
      <Correlation />
      <Execution ProcessID="3420" ThreadID="2032" />
      <Channel>Microsoft-Windows-Sysmon/Operational</Channel>
      <Computer>DESKTOP-U2U3HDH</Computer>
      <Security UserID="S-1-5-18" />
    </System>
    <EventData>
      <Data Name="RuleName">-</Data>
      <Data Name="UtcTime">2026-01-05 10:42:03.183</Data>
      <Data Name="ProcessGuid">{bdb1c22b-956a-695b-1405-000000001700}</Data>
      <Data Name="ProcessId">3324</Data>
      <Data Name="Image">C:\Program Files\PowerShell\7\pwsh.exe</Data>
      <Data Name="TargetFilename">C:\Users\rizz\AppData\Local\Microsoft\PowerShell\StartupProfileData-NonInteractive</Data>
      <Data Name="CreationUtcTime">2025-12-14 17:54:33.280</Data>
      <Data Name="User">DESKTOP-U2U3HDH\rizz</Data>
    </EventData>
  </Event>
  <Event xmlns="http://schemas.microsoft.com/win/2004/08/events/event">
    <System>
      <Provider Name="Microsoft-Windows-Sysmon" Guid="{5770385f-c22a-43e0-bf4c-06f5698ffbd9}" />
      <EventID>22</EventID>
      <Version>5</Version>
      <Level>4</Level>
      <Task>22</Task>
      <Opcode>0</Opcode>
      <Keywords>0x8000000000000000</Keywords>
      <TimeCreated SystemTime="2026-01-05T10:42:23.7101731Z" />
      <EventRecordID>3957</EventRecordID>
      <Correlation />
      <Execution ProcessID="3420" ThreadID="3788" />
      <Channel>Microsoft-Windows-Sysmon/Operational</Channel>
      <Computer>DESKTOP-U2U3HDH</Computer>
      <Security UserID="S-1-5-18" />
    </System>
    <EventData>
      <Data Name="RuleName">-</Data>
      <Data Name="UtcTime">2026-01-05 10:42:21.686</Data>
      <Data Name="ProcessGuid">{bdb1c22b-956a-695b-1405-000000001700}</Data>
      <Data Name="ProcessId">3324</Data>
      <Data Name="QueryName">dc.services.visualstudio.com</Data>
      <Data Name="QueryStatus">9701</Data>
      <Data Name="QueryResults">-</Data>
      <Data Name="Image">C:\Program Files\PowerShell\7\pwsh.exe</Data>
      <Data Name="User">DESKTOP-U2U3HDH\rizz</Data>
    </EventData>
  </Event>
</root>