<root>
  <Event xmlns="http://schemas.microsoft.com/win/2004/08/events/event">
    <System>
      <Provider Name="Microsoft-Windows-Sysmon" Guid="{5770385f-c22a-43e0-bf4c-06f5698ffbd9}" />
      <EventID>1</EventID>
      <Version>5</Version>
      <Level>4</Level>
      <Task>1</Task>
      <Opcode>0</Opcode>
      <Keywords>0x8000000000000000</Keywords>
      <TimeCreated SystemTime="2026-01-05T10:04:51.1226797Z" />
      <EventRecordID>3526</EventRecordID>
      <Correlation />
      <Execution ProcessID="2264" ThreadID="2628" />
      <Channel>Microsoft-Windows-Sysmon/Operational</Channel>
      <Computer>DESKTOP-U2U3HDH</Computer>
      <Security UserID="S-1-5-18" />
    </System>
    <EventData>
      <Data Name="RuleName">-</Data>
      <Data Name="UtcTime">2026-01-05 10:04:50.946</Data>
      <Data Name="ProcessGuid">{bdb1c22b-8cc2-695b-1205-000000001700}</Data>
      <Data Name="ProcessId">1248</Data>
      <Data Name="Image">C:\Program Files\PowerShell\7\pwsh.exe</Data>
      <Data Name="FileVersion">7.5.4.500</Data>
      <Data Name="Description">PowerShell 7</Data>
      <Data Name="Product">PowerShell</Data>
      <Data Name="Company">Microsoft Corporation</Data>
      <Data Name="OriginalFileName">pwsh.dll</Data>
      <Data Name="CommandLine">"pwsh" -NonInteractive -File "C:\ProgramData\psandman\inputs\example_351_generated_train_openai.ps1"</Data>
      <Data Name="CurrentDirectory">C:\Windows\system32\</Data>
      <Data Name="User">DESKTOP-U2U3HDH\rizz</Data>
      <Data Name="LogonGuid">{bdb1c22b-8c73-695b-fd47-150000000000}</Data>
      <Data Name="LogonId">0x1547fd</Data>
      <Data Name="TerminalSessionId">0</Data>
      <Data Name="IntegrityLevel">High</Data>
      <Data Name="Hashes">SHA1=97C1583FAD2DE5B1ED2AEAD21B938FBF6E946DAF,MD5=77D8EFAF7D34FE7B6974A448CF541FF2,SHA256=A7AD362B22E0E289772CCCF78C7AF3B99E32F3084E675392E4A9FFDDF380BF05,IMPHASH=7A8C872F8E13D32F36A675B52EDA1D6E</Data>
      <Data Name="ParentProcessGuid">{bdb1c22b-8c73-695b-0105-000000001700}</Data>
      <Data Name="ParentProcessId">2796</Data>
      <Data Name="ParentImage">C:\Program Files\PowerShell\7\pwsh.exe</Data>
      <Data Name="ParentCommandLine">"C:\Program Files\PowerShell\7\pwsh.exe" -NoProfile -ExecutionPolicy Bypass -Command "&amp; C:/ProgramData/psandman/exec-analysis-scripts.ps1 example_351_generated_train_openai.ps1"</Data>
      <Data Name="ParentUser">DESKTOP-U2U3HDH\rizz</Data>
    </EventData>
  </Event>
  <Event xmlns="http://schemas.microsoft.com/win/2004/08/events/event">
    <System>
      <Provider Name="Microsoft-Windows-Sysmon" Guid="{5770385f-c22a-43e0-bf4c-06f5698ffbd9}" />
      <EventID>11</EventID>
      <Version>2</Version>
      <Level>4</Level>
      <Task>11</Task>
      <Opcode>0</Opcode>
      <Keywords>0x8000000000000000</Keywords>
      <TimeCreated SystemTime="2026-01-05T10:04:55.1152089Z" />
      <EventRecordID>3643</EventRecordID>
      <Correlation />
      <Execution ProcessID="2264" ThreadID="2628" />
      <Channel>Microsoft-Windows-Sysmon/Operational</Channel>
      <Computer>DESKTOP-U2U3HDH</Computer>
      <Security UserID="S-1-5-18" />
    </System>
    <EventData>
      <Data Name="RuleName">-</Data>
      <Data Name="UtcTime">2026-01-05 10:04:55.088</Data>
      <Data Name="ProcessGuid">{bdb1c22b-8cc2-695b-1205-000000001700}</Data>
      <Data Name="ProcessId">1248</Data>
      <Data Name="Image">C:\Program Files\PowerShell\7\pwsh.exe</Data>
      <Data Name="TargetFilename">C:\Users\rizz\AppData\Local\Temp\__PSScriptPolicyTest_1nghqmrx.hcc.ps1</Data>
      <Data Name="CreationUtcTime">2026-01-05 10:04:55.088</Data>
      <Data Name="User">DESKTOP-U2U3HDH\rizz</Data>
    </EventData>
  </Event>
  <Event xmlns="http://schemas.microsoft.com/win/2004/08/events/event">
    <System>
      <Provider Name="Microsoft-Windows-Sysmon" Guid="{5770385f-c22a-43e0-bf4c-06f5698ffbd9}" />
      <EventID>11</EventID>
      <Version>2</Version>
      <Level>4</Level>
      <Task>11</Task>
      <Opcode>0</Opcode>
      <Keywords>0x8000000000000000</Keywords>
      <TimeCreated SystemTime="2026-01-05T10:04:55.1188600Z" />
      <EventRecordID>3644</EventRecordID>
      <Correlation />
      <Execution ProcessID="2264" ThreadID="2628" />
      <Channel>Microsoft-Windows-Sysmon/Operational</Channel>
      <Computer>DESKTOP-U2U3HDH</Computer>
      <Security UserID="S-1-5-18" />
    </System>
    <EventData>
      <Data Name="RuleName">-</Data>
      <Data Name="UtcTime">2026-01-05 10:04:55.088</Data>
      <Data Name="ProcessGuid">{bdb1c22b-8cc2-695b-1205-000000001700}</Data>
      <Data Name="ProcessId">1248</Data>
      <Data Name="Image">C:\Program Files\PowerShell\7\pwsh.exe</Data>
      <Data Name="TargetFilename">C:\Users\rizz\AppData\Local\Temp\__PSScriptPolicyTest_uzjqxn1i.u0v.psm1</Data>
      <Data Name="CreationUtcTime">2026-01-05 10:04:55.088</Data>
      <Data Name="User">DESKTOP-U2U3HDH\rizz</Data>
    </EventData>
  </Event>
  <Event xmlns="http://schemas.microsoft.com/win/2004/08/events/event">
    <System>
      <Provider Name="Microsoft-Windows-Sysmon" Guid="{5770385f-c22a-43e0-bf4c-06f5698ffbd9}" />
      <EventID>11</EventID>
      <Version>2</Version>
      <Level>4</Level>
      <Task>11</Task>
      <Opcode>0</Opcode>
      <Keywords>0x8000000000000000</Keywords>
      <TimeCreated SystemTime="2026-01-05T10:04:57.2223846Z" />
      <EventRecordID>3696</EventRecordID>
      <Correlation />
      <Execution ProcessID="2264" ThreadID="2628" />
      <Channel>Microsoft-Windows-Sysmon/Operational</Channel>
      <Computer>DESKTOP-U2U3HDH</Computer>
      <Security UserID="S-1-5-18" />
    </System>
    <EventData>
      <Data Name="RuleName">-</Data>
      <Data Name="UtcTime">2026-01-05 10:04:57.201</Data>
      <Data Name="ProcessGuid">{bdb1c22b-8cc2-695b-1205-000000001700}</Data>
      <Data Name="ProcessId">1248</Data>
      <Data Name="Image">C:\Program Files\PowerShell\7\pwsh.exe</Data>
      <Data Name="TargetFilename">C:\Users\rizz\AppData\Local\Temp\tmpdtie1l.tmp</Data>
      <Data Name="CreationUtcTime">2026-01-05 10:04:57.201</Data>
      <Data Name="User">DESKTOP-U2U3HDH\rizz</Data>
    </EventData>
  </Event>
  <Event xmlns="http://schemas.microsoft.com/win/2004/08/events/event">
    <System>
      <Provider Name="Microsoft-Windows-Sysmon" Guid="{5770385f-c22a-43e0-bf4c-06f5698ffbd9}" />
      <EventID>11</EventID>
      <Version>2</Version>
      <Level>4</Level>
      <Task>11</Task>
      <Opcode>0</Opcode>
      <Keywords>0x8000000000000000</Keywords>
      <TimeCreated SystemTime="2026-01-05T10:04:57.6278694Z" />
      <EventRecordID>3707</EventRecordID>
      <Correlation />
      <Execution ProcessID="2264" ThreadID="2628" />
      <Channel>Microsoft-Windows-Sysmon/Operational</Channel>
      <Computer>DESKTOP-U2U3HDH</Computer>
      <Security UserID="S-1-5-18" />
    </System>
    <EventData>
      <Data Name="RuleName">-</Data>
      <Data Name="UtcTime">2026-01-05 10:04:57.621</Data>
      <Data Name="ProcessGuid">{bdb1c22b-8cc2-695b-1205-000000001700}</Data>
      <Data Name="ProcessId">1248</Data>
      <Data Name="Image">C:\Program Files\PowerShell\7\pwsh.exe</Data>
      <Data Name="TargetFilename">C:\Users\rizz\payload.vbs</Data>
      <Data Name="CreationUtcTime">2026-01-05 10:04:57.621</Data>
      <Data Name="User">DESKTOP-U2U3HDH\rizz</Data>
    </EventData>
  </Event>
  <Event xmlns="http://schemas.microsoft.com/win/2004/08/events/event">
    <System>
      <Provider Name="Microsoft-Windows-Sysmon" Guid="{5770385f-c22a-43e0-bf4c-06f5698ffbd9}" />
      <EventID>13</EventID>
      <Version>2</Version>
      <Level>4</Level>
      <Task>13</Task>
      <Opcode>0</Opcode>
      <Keywords>0x8000000000000000</Keywords>
      <TimeCreated SystemTime="2026-01-05T10:04:57.6431239Z" />
      <EventRecordID>3708</EventRecordID>
      <Correlation />
      <Execution ProcessID="2264" ThreadID="2628" />
      <Channel>Microsoft-Windows-Sysmon/Operational</Channel>
      <Computer>DESKTOP-U2U3HDH</Computer>
      <Security UserID="S-1-5-18" />
    </System>
    <EventData>
      <Data Name="RuleName">-</Data>
      <Data Name="EventType">SetValue</Data>
      <Data Name="UtcTime">2026-01-05 10:04:57.638</Data>
      <Data Name="ProcessGuid">{bdb1c22b-8cc2-695b-1205-000000001700}</Data>
      <Data Name="ProcessId">1248</Data>
      <Data Name="Image">C:\Program Files\PowerShell\7\pwsh.exe</Data>
      <Data Name="TargetObject">HKLM\System\CurrentControlSet\Services\bam\State\UserSettings\S-1-5-21-564872773-1291138996-2393293407-1001\\Device\HarddiskVolume2\Windows\System32\cmd.exe</Data>
      <Data Name="Details">Binary Data</Data>
      <Data Name="User">DESKTOP-U2U3HDH\rizz</Data>
    </EventData>
  </Event>
  <Event xmlns="http://schemas.microsoft.com/win/2004/08/events/event">
    <System>
      <Provider Name="Microsoft-Windows-Sysmon" Guid="{5770385f-c22a-43e0-bf4c-06f5698ffbd9}" />
      <EventID>1</EventID>
      <Version>5</Version>
      <Level>4</Level>
      <Task>1</Task>
      <Opcode>0</Opcode>
      <Keywords>0x8000000000000000</Keywords>
      <TimeCreated SystemTime="2026-01-05T10:04:57.8911301Z" />
      <EventRecordID>3709</EventRecordID>
      <Correlation />
      <Execution ProcessID="2264" ThreadID="2628" />
      <Channel>Microsoft-Windows-Sysmon/Operational</Channel>
      <Computer>DESKTOP-U2U3HDH</Computer>
      <Security UserID="S-1-5-18" />
    </System>
    <EventData>
      <Data Name="RuleName">-</Data>
      <Data Name="UtcTime">2026-01-05 10:04:57.641</Data>
      <Data Name="ProcessGuid">{bdb1c22b-8cc9-695b-1305-000000001700}</Data>
      <Data Name="ProcessId">4076</Data>
      <Data Name="Image">C:\Windows\System32\cmd.exe</Data>
      <Data Name="FileVersion">10.0.19041.746 (WinBuild.160101.0800)</Data>
      <Data Name="Description">Windows Command Processor</Data>
      <Data Name="Product">Microsoft« Windows« Operating System</Data>
      <Data Name="Company">Microsoft Corporation</Data>
      <Data Name="OriginalFileName">Cmd.Exe</Data>
      <Data Name="CommandLine">"C:\Windows\system32\cmd.exe" /c "echo. &gt; C:\Users\rizz\payload.vbs:ads"</Data>
      <Data Name="CurrentDirectory">C:\Windows\System32\</Data>
      <Data Name="User">DESKTOP-U2U3HDH\rizz</Data>
      <Data Name="LogonGuid">{bdb1c22b-8c73-695b-fd47-150000000000}</Data>
      <Data Name="LogonId">0x1547fd</Data>
      <Data Name="TerminalSessionId">0</Data>
      <Data Name="IntegrityLevel">High</Data>
      <Data Name="Hashes">SHA1=F1EFB0FDDC156E4C61C5F78A54700E4E7984D55D,MD5=8A2122E8162DBEF04694B9C3E0B6CDEE,SHA256=B99D61D874728EDC0918CA0EB10EAB93D381E7367E377406E65963366C874450,IMPHASH=272245E2988E1E430500B852C4FB5E18</Data>
      <Data Name="ParentProcessGuid">{bdb1c22b-8cc2-695b-1205-000000001700}</Data>
      <Data Name="ParentProcessId">1248</Data>
      <Data Name="ParentImage">C:\Program Files\PowerShell\7\pwsh.exe</Data>
      <Data Name="ParentCommandLine">"pwsh" -NonInteractive -File "C:\ProgramData\psandman\inputs\example_351_generated_train_openai.ps1"</Data>
      <Data Name="ParentUser">DESKTOP-U2U3HDH\rizz</Data>
    </EventData>
  </Event>
  <Event xmlns="http://schemas.microsoft.com/win/2004/08/events/event">
    <System>
      <Provider Name="Microsoft-Windows-Sysmon" Guid="{5770385f-c22a-43e0-bf4c-06f5698ffbd9}" />
      <EventID>11</EventID>
      <Version>2</Version>
      <Level>4</Level>
      <Task>11</Task>
      <Opcode>0</Opcode>
      <Keywords>0x8000000000000000</Keywords>
      <TimeCreated SystemTime="2026-01-05T10:04:57.9142531Z" />
      <EventRecordID>3721</EventRecordID>
      <Correlation />
      <Execution ProcessID="2264" ThreadID="2628" />
      <Channel>Microsoft-Windows-Sysmon/Operational</Channel>
      <Computer>DESKTOP-U2U3HDH</Computer>
      <Security UserID="S-1-5-18" />
    </System>
    <EventData>
      <Data Name="RuleName">-</Data>
      <Data Name="UtcTime">2026-01-05 10:04:57.905</Data>
      <Data Name="ProcessGuid">{bdb1c22b-8cc9-695b-1305-000000001700}</Data>
      <Data Name="ProcessId">4076</Data>
      <Data Name="Image">C:\Windows\system32\cmd.exe</Data>
      <Data Name="TargetFilename">C:\Users\rizz\payload.vbs:ads</Data>
      <Data Name="CreationUtcTime">2026-01-05 10:04:57.621</Data>
      <Data Name="User">DESKTOP-U2U3HDH\rizz</Data>
    </EventData>
  </Event>
  <Event xmlns="http://schemas.microsoft.com/win/2004/08/events/event">
    <System>
      <Provider Name="Microsoft-Windows-Sysmon" Guid="{5770385f-c22a-43e0-bf4c-06f5698ffbd9}" />
      <EventID>13</EventID>
      <Version>2</Version>
      <Level>4</Level>
      <Task>13</Task>
      <Opcode>0</Opcode>
      <Keywords>0x8000000000000000</Keywords>
      <TimeCreated SystemTime="2026-01-05T10:04:57.9176266Z" />
      <EventRecordID>3723</EventRecordID>
      <Correlation />
      <Execution ProcessID="2264" ThreadID="2628" />
      <Channel>Microsoft-Windows-Sysmon/Operational</Channel>
      <Computer>DESKTOP-U2U3HDH</Computer>
      <Security UserID="S-1-5-18" />
    </System>
    <EventData>
      <Data Name="RuleName">-</Data>
      <Data Name="EventType">SetValue</Data>
      <Data Name="UtcTime">2026-01-05 10:04:57.916</Data>
      <Data Name="ProcessGuid">{bdb1c22b-8cc9-695b-1305-000000001700}</Data>
      <Data Name="ProcessId">4076</Data>
      <Data Name="Image">C:\Windows\system32\cmd.exe</Data>
      <Data Name="TargetObject">HKLM\System\CurrentControlSet\Services\bam\State\UserSettings\S-1-5-21-564872773-1291138996-2393293407-1001\\Device\HarddiskVolume2\Windows\System32\cmd.exe</Data>
      <Data Name="Details">Binary Data</Data>
      <Data Name="User">DESKTOP-U2U3HDH\rizz</Data>
    </EventData>
  </Event>
  <Event xmlns="http://schemas.microsoft.com/win/2004/08/events/event">
    <System>
      <Provider Name="Microsoft-Windows-Sysmon" Guid="{5770385f-c22a-43e0-bf4c-06f5698ffbd9}" />
      <EventID>11</EventID>
      <Version>2</Version>
      <Level>4</Level>
      <Task>11</Task>
      <Opcode>0</Opcode>
      <Keywords>0x8000000000000000</Keywords>
      <TimeCreated SystemTime="2026-01-05T10:04:57.9585255Z" />
      <EventRecordID>3724</EventRecordID>
      <Correlation />
      <Execution ProcessID="2264" ThreadID="2628" />
      <Channel>Microsoft-Windows-Sysmon/Operational</Channel>
      <Computer>DESKTOP-U2U3HDH</Computer>
      <Security UserID="S-1-5-18" />
    </System>
    <EventData>
      <Data Name="RuleName">-</Data>
      <Data Name="UtcTime">2026-01-05 10:04:57.934</Data>
      <Data Name="ProcessGuid">{bdb1c22b-8cc2-695b-1205-000000001700}</Data>
      <Data Name="ProcessId">1248</Data>
      <Data Name="Image">C:\Program Files\PowerShell\7\pwsh.exe</Data>
      <Data Name="TargetFilename">C:\Users\rizz\manifest.manifest</Data>
      <Data Name="CreationUtcTime">2026-01-05 10:04:57.934</Data>
      <Data Name="User">DESKTOP-U2U3HDH\rizz</Data>
    </EventData>
  </Event>
  <Event xmlns="http://schemas.microsoft.com/win/2004/08/events/event">
    <System>
      <Provider Name="Microsoft-Windows-Sysmon" Guid="{5770385f-c22a-43e0-bf4c-06f5698ffbd9}" />
      <EventID>11</EventID>
      <Version>2</Version>
      <Level>4</Level>
      <Task>11</Task>
      <Opcode>0</Opcode>
      <Keywords>0x8000000000000000</Keywords>
      <TimeCreated SystemTime="2026-01-05T10:04:57.9688930Z" />
      <EventRecordID>3725</EventRecordID>
      <Correlation />
      <Execution ProcessID="2264" ThreadID="2628" />
      <Channel>Microsoft-Windows-Sysmon/Operational</Channel>
      <Computer>DESKTOP-U2U3HDH</Computer>
      <Security UserID="S-1-5-18" />
    </System>
    <EventData>
      <Data Name="RuleName">-</Data>
      <Data Name="UtcTime">2026-01-05 10:04:57.934</Data>
      <Data Name="ProcessGuid">{bdb1c22b-8cc2-695b-1205-000000001700}</Data>
      <Data Name="ProcessId">1248</Data>
      <Data Name="Image">C:\Program Files\PowerShell\7\pwsh.exe</Data>
      <Data Name="TargetFilename">C:\Windows\manifest.manifest</Data>
      <Data Name="CreationUtcTime">2026-01-05 10:04:57.934</Data>
      <Data Name="User">DESKTOP-U2U3HDH\rizz</Data>
    </EventData>
  </Event>
  <Event xmlns="http://schemas.microsoft.com/win/2004/08/events/event">
    <System>
      <Provider Name="Microsoft-Windows-Sysmon" Guid="{5770385f-c22a-43e0-bf4c-06f5698ffbd9}" />
      <EventID>11</EventID>
      <Version>2</Version>
      <Level>4</Level>
      <Task>11</Task>
      <Opcode>0</Opcode>
      <Keywords>0x8000000000000000</Keywords>
      <TimeCreated SystemTime="2026-01-05T10:04:58.0673168Z" />
      <EventRecordID>3728</EventRecordID>
      <Correlation />
      <Execution ProcessID="2264" ThreadID="2628" />
      <Channel>Microsoft-Windows-Sysmon/Operational</Channel>
      <Computer>DESKTOP-U2U3HDH</Computer>
      <Security UserID="S-1-5-18" />
    </System>
    <EventData>
      <Data Name="RuleName">-</Data>
      <Data Name="UtcTime">2026-01-05 10:04:58.065</Data>
      <Data Name="ProcessGuid">{bdb1c22b-8cc2-695b-1205-000000001700}</Data>
      <Data Name="ProcessId">1248</Data>
      <Data Name="Image">C:\Program Files\PowerShell\7\pwsh.exe</Data>
      <Data Name="TargetFilename">C:\Windows\WScript.exe</Data>
      <Data Name="CreationUtcTime">2026-01-05 10:04:58.065</Data>
      <Data Name="User">DESKTOP-U2U3HDH\rizz</Data>
    </EventData>
  </Event>
  <Event xmlns="http://schemas.microsoft.com/win/2004/08/events/event">
    <System>
      <Provider Name="Microsoft-Windows-Sysmon" Guid="{5770385f-c22a-43e0-bf4c-06f5698ffbd9}" />
      <EventID>13</EventID>
      <Version>2</Version>
      <Level>4</Level>
      <Task>13</Task>
      <Opcode>0</Opcode>
      <Keywords>0x8000000000000000</Keywords>
      <TimeCreated SystemTime="2026-01-05T10:04:59.0729938Z" />
      <EventRecordID>3794</EventRecordID>
      <Correlation />
      <Execution ProcessID="2264" ThreadID="2628" />
      <Channel>Microsoft-Windows-Sysmon/Operational</Channel>
      <Computer>DESKTOP-U2U3HDH</Computer>
      <Security UserID="S-1-5-18" />
    </System>
    <EventData>
      <Data Name="RuleName">-</Data>
      <Data Name="EventType">SetValue</Data>
      <Data Name="UtcTime">2026-01-05 10:04:59.071</Data>
      <Data Name="ProcessGuid">{bdb1c22b-8cc2-695b-1205-000000001700}</Data>
      <Data Name="ProcessId">1248</Data>
      <Data Name="Image">C:\Program Files\PowerShell\7\pwsh.exe</Data>
      <Data Name="TargetObject">HKU\.DEFAULT\Software\Microsoft\Windows\CurrentVersion\Internet Settings\ZoneMap\ProxyBypass</Data>
      <Data Name="Details">DWORD (0x00000001)</Data>
      <Data Name="User">DESKTOP-U2U3HDH\rizz</Data>
    </EventData>
  </Event>
  <Event xmlns="http://schemas.microsoft.com/win/2004/08/events/event">
    <System>
      <Provider Name="Microsoft-Windows-Sysmon" Guid="{5770385f-c22a-43e0-bf4c-06f5698ffbd9}" />
      <EventID>13</EventID>
      <Version>2</Version>
      <Level>4</Level>
      <Task>13</Task>
      <Opcode>0</Opcode>
      <Keywords>0x8000000000000000</Keywords>
      <TimeCreated SystemTime="2026-01-05T10:04:59.0730376Z" />
      <EventRecordID>3795</EventRecordID>
      <Correlation />
      <Execution ProcessID="2264" ThreadID="2628" />
      <Channel>Microsoft-Windows-Sysmon/Operational</Channel>
      <Computer>DESKTOP-U2U3HDH</Computer>
      <Security UserID="S-1-5-18" />
    </System>
    <EventData>
      <Data Name="RuleName">-</Data>
      <Data Name="EventType">SetValue</Data>
      <Data Name="UtcTime">2026-01-05 10:04:59.071</Data>
      <Data Name="ProcessGuid">{bdb1c22b-8cc2-695b-1205-000000001700}</Data>
      <Data Name="ProcessId">1248</Data>
      <Data Name="Image">C:\Program Files\PowerShell\7\pwsh.exe</Data>
      <Data Name="TargetObject">HKU\.DEFAULT\Software\Microsoft\Windows\CurrentVersion\Internet Settings\ZoneMap\IntranetName</Data>
      <Data Name="Details">DWORD (0x00000001)</Data>
      <Data Name="User">DESKTOP-U2U3HDH\rizz</Data>
    </EventData>
  </Event>
  <Event xmlns="http://schemas.microsoft.com/win/2004/08/events/event">
    <System>
      <Provider Name="Microsoft-Windows-Sysmon" Guid="{5770385f-c22a-43e0-bf4c-06f5698ffbd9}" />
      <EventID>13</EventID>
      <Version>2</Version>
      <Level>4</Level>
      <Task>13</Task>
      <Opcode>0</Opcode>
      <Keywords>0x8000000000000000</Keywords>
      <TimeCreated SystemTime="2026-01-05T10:04:59.0730641Z" />
      <EventRecordID>3796</EventRecordID>
      <Correlation />
      <Execution ProcessID="2264" ThreadID="2628" />
      <Channel>Microsoft-Windows-Sysmon/Operational</Channel>
      <Computer>DESKTOP-U2U3HDH</Computer>
      <Security UserID="S-1-5-18" />
    </System>
    <EventData>
      <Data Name="RuleName">-</Data>
      <Data Name="EventType">SetValue</Data>
      <Data Name="UtcTime">2026-01-05 10:04:59.071</Data>
      <Data Name="ProcessGuid">{bdb1c22b-8cc2-695b-1205-000000001700}</Data>
      <Data Name="ProcessId">1248</Data>
      <Data Name="Image">C:\Program Files\PowerShell\7\pwsh.exe</Data>
      <Data Name="TargetObject">HKU\.DEFAULT\Software\Microsoft\Windows\CurrentVersion\Internet Settings\ZoneMap\UNCAsIntranet</Data>
      <Data Name="Details">DWORD (0x00000001)</Data>
      <Data Name="User">DESKTOP-U2U3HDH\rizz</Data>
    </EventData>
  </Event>
  <Event xmlns="http://schemas.microsoft.com/win/2004/08/events/event">
    <System>
      <Provider Name="Microsoft-Windows-Sysmon" Guid="{5770385f-c22a-43e0-bf4c-06f5698ffbd9}" />
      <EventID>13</EventID>
      <Version>2</Version>
      <Level>4</Level>
      <Task>13</Task>
      <Opcode>0</Opcode>
      <Keywords>0x8000000000000000</Keywords>
      <TimeCreated SystemTime="2026-01-05T10:04:59.0732352Z" />
      <EventRecordID>3797</EventRecordID>
      <Correlation />
      <Execution ProcessID="2264" ThreadID="2628" />
      <Channel>Microsoft-Windows-Sysmon/Operational</Channel>
      <Computer>DESKTOP-U2U3HDH</Computer>
      <Security UserID="S-1-5-18" />
    </System>
    <EventData>
      <Data Name="RuleName">-</Data>
      <Data Name="EventType">SetValue</Data>
      <Data Name="UtcTime">2026-01-05 10:04:59.071</Data>
      <Data Name="ProcessGuid">{bdb1c22b-8cc2-695b-1205-000000001700}</Data>
      <Data Name="ProcessId">1248</Data>
      <Data Name="Image">C:\Program Files\PowerShell\7\pwsh.exe</Data>
      <Data Name="TargetObject">HKU\.DEFAULT\Software\Microsoft\Windows\CurrentVersion\Internet Settings\ZoneMap\AutoDetect</Data>
      <Data Name="Details">DWORD (0x00000000)</Data>
      <Data Name="User">DESKTOP-U2U3HDH\rizz</Data>
    </EventData>
  </Event>
  <Event xmlns="http://schemas.microsoft.com/win/2004/08/events/event">
    <System>
      <Provider Name="Microsoft-Windows-Sysmon" Guid="{5770385f-c22a-43e0-bf4c-06f5698ffbd9}" />
      <EventID>13</EventID>
      <Version>2</Version>
      <Level>4</Level>
      <Task>13</Task>
      <Opcode>0</Opcode>
      <Keywords>0x8000000000000000</Keywords>
      <TimeCreated SystemTime="2026-01-05T10:04:59.0732659Z" />
      <EventRecordID>3798</EventRecordID>
      <Correlation />
      <Execution ProcessID="2264" ThreadID="2628" />
      <Channel>Microsoft-Windows-Sysmon/Operational</Channel>
      <Computer>DESKTOP-U2U3HDH</Computer>
      <Security UserID="S-1-5-18" />
    </System>
    <EventData>
      <Data Name="RuleName">-</Data>
      <Data Name="EventType">SetValue</Data>
      <Data Name="UtcTime">2026-01-05 10:04:59.071</Data>
      <Data Name="ProcessGuid">{bdb1c22b-8cc2-695b-1205-000000001700}</Data>
      <Data Name="ProcessId">1248</Data>
      <Data Name="Image">C:\Program Files\PowerShell\7\pwsh.exe</Data>
      <Data Name="TargetObject">HKU\.DEFAULT\Software\Microsoft\Windows\CurrentVersion\Internet Settings\ZoneMap\ProxyBypass</Data>
      <Data Name="Details">DWORD (0x00000001)</Data>
      <Data Name="User">DESKTOP-U2U3HDH\rizz</Data>
    </EventData>
  </Event>
  <Event xmlns="http://schemas.microsoft.com/win/2004/08/events/event">
    <System>
      <Provider Name="Microsoft-Windows-Sysmon" Guid="{5770385f-c22a-43e0-bf4c-06f5698ffbd9}" />
      <EventID>13</EventID>
      <Version>2</Version>
      <Level>4</Level>
      <Task>13</Task>
      <Opcode>0</Opcode>
      <Keywords>0x8000000000000000</Keywords>
      <TimeCreated SystemTime="2026-01-05T10:04:59.0732942Z" />
      <EventRecordID>3799</EventRecordID>
      <Correlation />
      <Execution ProcessID="2264" ThreadID="2628" />
      <Channel>Microsoft-Windows-Sysmon/Operational</Channel>
      <Computer>DESKTOP-U2U3HDH</Computer>
      <Security UserID="S-1-5-18" />
    </System>
    <EventData>
      <Data Name="RuleName">-</Data>
      <Data Name="EventType">SetValue</Data>
      <Data Name="UtcTime">2026-01-05 10:04:59.071</Data>
      <Data Name="ProcessGuid">{bdb1c22b-8cc2-695b-1205-000000001700}</Data>
      <Data Name="ProcessId">1248</Data>
      <Data Name="Image">C:\Program Files\PowerShell\7\pwsh.exe</Data>
      <Data Name="TargetObject">HKU\.DEFAULT\Software\Microsoft\Windows\CurrentVersion\Internet Settings\ZoneMap\IntranetName</Data>
      <Data Name="Details">DWORD (0x00000001)</Data>
      <Data Name="User">DESKTOP-U2U3HDH\rizz</Data>
    </EventData>
  </Event>
  <Event xmlns="http://schemas.microsoft.com/win/2004/08/events/event">
    <System>
      <Provider Name="Microsoft-Windows-Sysmon" Guid="{5770385f-c22a-43e0-bf4c-06f5698ffbd9}" />
      <EventID>13</EventID>
      <Version>2</Version>
      <Level>4</Level>
      <Task>13</Task>
      <Opcode>0</Opcode>
      <Keywords>0x8000000000000000</Keywords>
      <TimeCreated SystemTime="2026-01-05T10:04:59.0734894Z" />
      <EventRecordID>3800</EventRecordID>
      <Correlation />
      <Execution ProcessID="2264" ThreadID="2628" />
      <Channel>Microsoft-Windows-Sysmon/Operational</Channel>
      <Computer>DESKTOP-U2U3HDH</Computer>
      <Security UserID="S-1-5-18" />
    </System>
    <EventData>
      <Data Name="RuleName">-</Data>
      <Data Name="EventType">SetValue</Data>
      <Data Name="UtcTime">2026-01-05 10:04:59.071</Data>
      <Data Name="ProcessGuid">{bdb1c22b-8cc2-695b-1205-000000001700}</Data>
      <Data Name="ProcessId">1248</Data>
      <Data Name="Image">C:\Program Files\PowerShell\7\pwsh.exe</Data>
      <Data Name="TargetObject">HKU\.DEFAULT\Software\Microsoft\Windows\CurrentVersion\Internet Settings\ZoneMap\UNCAsIntranet</Data>
      <Data Name="Details">DWORD (0x00000001)</Data>
      <Data Name="User">DESKTOP-U2U3HDH\rizz</Data>
    </EventData>
  </Event>
  <Event xmlns="http://schemas.microsoft.com/win/2004/08/events/event">
    <System>
      <Provider Name="Microsoft-Windows-Sysmon" Guid="{5770385f-c22a-43e0-bf4c-06f5698ffbd9}" />
      <EventID>13</EventID>
      <Version>2</Version>
      <Level>4</Level>
      <Task>13</Task>
      <Opcode>0</Opcode>
      <Keywords>0x8000000000000000</Keywords>
      <TimeCreated SystemTime="2026-01-05T10:04:59.0735485Z" />
      <EventRecordID>3801</EventRecordID>
      <Correlation />
      <Execution ProcessID="2264" ThreadID="2628" />
      <Channel>Microsoft-Windows-Sysmon/Operational</Channel>
      <Computer>DESKTOP-U2U3HDH</Computer>
      <Security UserID="S-1-5-18" />
    </System>
    <EventData>
      <Data Name="RuleName">-</Data>
      <Data Name="EventType">SetValue</Data>
      <Data Name="UtcTime">2026-01-05 10:04:59.071</Data>
      <Data Name="ProcessGuid">{bdb1c22b-8cc2-695b-1205-000000001700}</Data>
      <Data Name="ProcessId">1248</Data>
      <Data Name="Image">C:\Program Files\PowerShell\7\pwsh.exe</Data>
      <Data Name="TargetObject">HKU\.DEFAULT\Software\Microsoft\Windows\CurrentVersion\Internet Settings\ZoneMap\AutoDetect</Data>
      <Data Name="Details">DWORD (0x00000000)</Data>
      <Data Name="User">DESKTOP-U2U3HDH\rizz</Data>
    </EventData>
  </Event>
  <Event xmlns="http://schemas.microsoft.com/win/2004/08/events/event">
    <System>
      <Provider Name="Microsoft-Windows-Sysmon" Guid="{5770385f-c22a-43e0-bf4c-06f5698ffbd9}" />
      <EventID>13</EventID>
      <Version>2</Version>
      <Level>4</Level>
      <Task>13</Task>
      <Opcode>0</Opcode>
      <Keywords>0x8000000000000000</Keywords>
      <TimeCreated SystemTime="2026-01-05T10:04:59.4347441Z" />
      <EventRecordID>3813</EventRecordID>
      <Correlation />
      <Execution ProcessID="2264" ThreadID="2628" />
      <Channel>Microsoft-Windows-Sysmon/Operational</Channel>
      <Computer>DESKTOP-U2U3HDH</Computer>
      <Security UserID="S-1-5-18" />
    </System>
    <EventData>
      <Data Name="RuleName">-</Data>
      <Data Name="EventType">SetValue</Data>
      <Data Name="UtcTime">2026-01-05 10:04:59.417</Data>
      <Data Name="ProcessGuid">{bdb1c22b-8cc2-695b-1205-000000001700}</Data>
      <Data Name="ProcessId">1248</Data>
      <Data Name="Image">C:\Program Files\PowerShell\7\pwsh.exe</Data>
      <Data Name="TargetObject">HKU\.DEFAULT\Software\Microsoft\Windows\CurrentVersion\Explorer\StartPage\StartMenu_Start_Time</Data>
      <Data Name="Details">Binary Data</Data>
      <Data Name="User">DESKTOP-U2U3HDH\rizz</Data>
    </EventData>
  </Event>
  <Event xmlns="http://schemas.microsoft.com/win/2004/08/events/event">
    <System>
      <Provider Name="Microsoft-Windows-Sysmon" Guid="{5770385f-c22a-43e0-bf4c-06f5698ffbd9}" />
      <EventID>1</EventID>
      <Version>5</Version>
      <Level>4</Level>
      <Task>1</Task>
      <Opcode>0</Opcode>
      <Keywords>0x8000000000000000</Keywords>
      <TimeCreated SystemTime="2026-01-05T10:04:59.5081714Z" />
      <EventRecordID>3817</EventRecordID>
      <Correlation />
      <Execution ProcessID="2264" ThreadID="2628" />
      <Channel>Microsoft-Windows-Sysmon/Operational</Channel>
      <Computer>DESKTOP-U2U3HDH</Computer>
      <Security UserID="S-1-5-18" />
    </System>
    <EventData>
      <Data Name="RuleName">-</Data>
      <Data Name="UtcTime">2026-01-05 10:04:59.505</Data>
      <Data Name="ProcessGuid">{bdb1c22b-8ccb-695b-1605-000000001700}</Data>
      <Data Name="ProcessId">4120</Data>
      <Data Name="Image">C:\Windows\System32\wscript.exe</Data>
      <Data Name="FileVersion">5.812.10240.16384</Data>
      <Data Name="Description">Microsoft « Windows Based Script Host</Data>
      <Data Name="Product">Microsoft « Windows Script Host</Data>
      <Data Name="Company">Microsoft Corporation</Data>
      <Data Name="OriginalFileName">wscript.exe</Data>
      <Data Name="CommandLine">"C:\Windows\system32\wscript.exe" /elevated</Data>
      <Data Name="CurrentDirectory">C:\Windows\System32\</Data>
      <Data Name="User">DESKTOP-U2U3HDH\rizz</Data>
      <Data Name="LogonGuid">{bdb1c22b-8c73-695b-fd47-150000000000}</Data>
      <Data Name="LogonId">0x1547fd</Data>
      <Data Name="TerminalSessionId">0</Data>
      <Data Name="IntegrityLevel">High</Data>
      <Data Name="Hashes">SHA1=15F2FACFD05DAF46D2C63912916BF2887CEBD98A,MD5=A47CBE969EA935BDD3AB568BB126BC80,SHA256=34008E2057DF8842DF210246995385A0441DC1E081D60AD15BD481E062E7F100,IMPHASH=0F71D5F6F4CBB935CE1B09754102419C</Data>
      <Data Name="ParentProcessGuid">{bdb1c22b-8cc2-695b-1205-000000001700}</Data>
      <Data Name="ParentProcessId">1248</Data>
      <Data Name="ParentImage">C:\Program Files\PowerShell\7\pwsh.exe</Data>
      <Data Name="ParentCommandLine">"pwsh" -NonInteractive -File "C:\ProgramData\psandman\inputs\example_351_generated_train_openai.ps1"</Data>
      <Data Name="ParentUser">DESKTOP-U2U3HDH\rizz</Data>
    </EventData>
  </Event>
  <Event xmlns="http://schemas.microsoft.com/win/2004/08/events/event">
    <System>
      <Provider Name="Microsoft-Windows-Sysmon" Guid="{5770385f-c22a-43e0-bf4c-06f5698ffbd9}" />
      <EventID>11</EventID>
      <Version>2</Version>
      <Level>4</Level>
      <Task>11</Task>
      <Opcode>0</Opcode>
      <Keywords>0x8000000000000000</Keywords>
      <TimeCreated SystemTime="2026-01-05T10:05:07.5783262Z" />
      <EventRecordID>3875</EventRecordID>
      <Correlation />
      <Execution ProcessID="2264" ThreadID="2628" />
      <Channel>Microsoft-Windows-Sysmon/Operational</Channel>
      <Computer>DESKTOP-U2U3HDH</Computer>
      <Security UserID="S-1-5-18" />
    </System>
    <EventData>
      <Data Name="RuleName">-</Data>
      <Data Name="UtcTime">2026-01-05 10:05:07.574</Data>
      <Data Name="ProcessGuid">{bdb1c22b-8cc2-695b-1205-000000001700}</Data>
      <Data Name="ProcessId">1248</Data>
      <Data Name="Image">C:\Program Files\PowerShell\7\pwsh.exe</Data>
      <Data Name="TargetFilename">C:\Users\rizz\AppData\Local\Microsoft\PowerShell\StartupProfileData-NonInteractive</Data>
      <Data Name="CreationUtcTime">2025-12-14 17:54:33.280</Data>
      <Data Name="User">DESKTOP-U2U3HDH\rizz</Data>
    </EventData>
  </Event>
  <Event xmlns="http://schemas.microsoft.com/win/2004/08/events/event">
    <System>
      <Provider Name="Microsoft-Windows-Sysmon" Guid="{5770385f-c22a-43e0-bf4c-06f5698ffbd9}" />
      <EventID>22</EventID>
      <Version>5</Version>
      <Level>4</Level>
      <Task>22</Task>
      <Opcode>0</Opcode>
      <Keywords>0x8000000000000000</Keywords>
      <TimeCreated SystemTime="2026-01-05T10:05:28.0273534Z" />
      <EventRecordID>3907</EventRecordID>
      <Correlation />
      <Execution ProcessID="2264" ThreadID="3944" />
      <Channel>Microsoft-Windows-Sysmon/Operational</Channel>
      <Computer>DESKTOP-U2U3HDH</Computer>
      <Security UserID="S-1-5-18" />
    </System>
    <EventData>
      <Data Name="RuleName">-</Data>
      <Data Name="UtcTime">2026-01-05 10:05:25.993</Data>
      <Data Name="ProcessGuid">{bdb1c22b-8cc2-695b-1205-000000001700}</Data>
      <Data Name="ProcessId">1248</Data>
      <Data Name="QueryName">dc.services.visualstudio.com</Data>
      <Data Name="QueryStatus">9701</Data>
      <Data Name="QueryResults">-</Data>
      <Data Name="Image">C:\Program Files\PowerShell\7\pwsh.exe</Data>
      <Data Name="User">DESKTOP-U2U3HDH\rizz</Data>
    </EventData>
  </Event>
</root>