<root>
  <Event xmlns="http://schemas.microsoft.com/win/2004/08/events/event">
    <System>
      <Provider Name="PowerShellCore" Guid="{f90714a8-5509-434a-bf6d-b1624c8a19a2}" />
      <EventID>40961</EventID>
      <Version>1</Version>
      <Level>4</Level>
      <Task>4</Task>
      <Opcode>1</Opcode>
      <Keywords>0x0</Keywords>
      <TimeCreated SystemTime="2026-01-23T15:10:09.1492165Z" />
      <EventRecordID>1308</EventRecordID>
      <Correlation ActivityID="{026a7b18-8c78-0003-1188-6a02788cdc01}" />
      <Execution ProcessID="1564" ThreadID="5064" />
      <Channel>PowerShellCore/Operational</Channel>
      <Computer>DESKTOP-U2U3HDH</Computer>
      <Security UserID="S-1-5-21-564872773-1291138996-2393293407-1001" />
    </System>
    <EventData>
    </EventData>
  </Event>
  <Event xmlns="http://schemas.microsoft.com/win/2004/08/events/event">
    <System>
      <Provider Name="PowerShellCore" Guid="{f90714a8-5509-434a-bf6d-b1624c8a19a2}" />
      <EventID>53504</EventID>
      <Version>1</Version>
      <Level>4</Level>
      <Task>111</Task>
      <Opcode>10</Opcode>
      <Keywords>0x0</Keywords>
      <TimeCreated SystemTime="2026-01-23T15:10:10.2702794Z" />
      <EventRecordID>1309</EventRecordID>
      <Correlation />
      <Execution ProcessID="1564" ThreadID="3296" />
      <Channel>PowerShellCore/Operational</Channel>
      <Computer>DESKTOP-U2U3HDH</Computer>
      <Security UserID="S-1-5-21-564872773-1291138996-2393293407-1001" />
    </System>
    <EventData>
      <Data Name="param1">1564</Data>
      <Data Name="param2">DefaultAppDomain</Data>
    </EventData>
  </Event>
  <Event xmlns="http://schemas.microsoft.com/win/2004/08/events/event">
    <System>
      <Provider Name="PowerShellCore" Guid="{f90714a8-5509-434a-bf6d-b1624c8a19a2}" />
      <EventID>40962</EventID>
      <Version>1</Version>
      <Level>4</Level>
      <Task>4</Task>
      <Opcode>2</Opcode>
      <Keywords>0x0</Keywords>
      <TimeCreated SystemTime="2026-01-23T15:10:10.5352059Z" />
      <EventRecordID>1310</EventRecordID>
      <Correlation ActivityID="{026a7b18-8c78-0003-1188-6a02788cdc01}" />
      <Execution ProcessID="1564" ThreadID="5064" />
      <Channel>PowerShellCore/Operational</Channel>
      <Computer>DESKTOP-U2U3HDH</Computer>
      <Security UserID="S-1-5-21-564872773-1291138996-2393293407-1001" />
    </System>
    <EventData>
    </EventData>
  </Event>
  <Event xmlns="http://schemas.microsoft.com/win/2004/08/events/event">
    <System>
      <Provider Name="PowerShellCore" Guid="{f90714a8-5509-434a-bf6d-b1624c8a19a2}" />
      <EventID>4104</EventID>
      <Version>1</Version>
      <Level>5</Level>
      <Task>2</Task>
      <Opcode>15</Opcode>
      <Keywords>0x0</Keywords>
      <TimeCreated SystemTime="2026-01-23T15:10:10.8712087Z" />
      <EventRecordID>1311</EventRecordID>
      <Correlation ActivityID="{026a7b18-8c78-0002-3a88-6a02788cdc01}" />
      <Execution ProcessID="1564" ThreadID="840" />
      <Channel>PowerShellCore/Operational</Channel>
      <Computer>DESKTOP-U2U3HDH</Computer>
      <Security UserID="S-1-5-21-564872773-1291138996-2393293407-1001" />
    </System>
    <EventData>
      <Data Name="MessageNumber">1</Data>
      <Data Name="MessageTotal">1</Data>
      <Data Name="ScriptBlockText">$tasks = Get-ScheduledTask
$filteredTasks = $tasks | Where-Object { $_.Principal.UserId -ne 'S-1-5-18' }
$filteredTasks | Select-Object TaskName, TaskPath, Principal</Data>
      <Data Name="ScriptBlockId">e4e4ec0f-c096-490a-99d2-b1493bd48f75</Data>
      <Data Name="Path">C:\ProgramData\psandman\inputs\example_1696_train_generated.ps1</Data>
    </EventData>
  </Event>
  <Event xmlns="http://schemas.microsoft.com/win/2004/08/events/event">
    <System>
      <Provider Name="PowerShellCore" Guid="{f90714a8-5509-434a-bf6d-b1624c8a19a2}" />
      <EventID>4104</EventID>
      <Version>1</Version>
      <Level>5</Level>
      <Task>2</Task>
      <Opcode>15</Opcode>
      <Keywords>0x0</Keywords>
      <TimeCreated SystemTime="2026-01-23T15:10:11.1675983Z" />
      <EventRecordID>1312</EventRecordID>
      <Correlation ActivityID="{026a7b18-8c78-0003-1288-6a02788cdc01}" />
      <Execution ProcessID="1564" ThreadID="840" />
      <Channel>PowerShellCore/Operational</Channel>
      <Computer>DESKTOP-U2U3HDH</Computer>
      <Security UserID="S-1-5-21-564872773-1291138996-2393293407-1001" />
    </System>
    <EventData>
      <Data Name="MessageNumber">1</Data>
      <Data Name="MessageTotal">1</Data>
      <Data Name="ScriptBlockText"># module.psd1
@{
    ModuleVersion = '1.0'
    GUID = '73007eb8-e713-473b-8209-a0461cbfabec'
    Author = 'Your Name'
    RootModule = 'malicious-cmds.psm1'
    CompanyName = 'You'
    Copyright = '(c)'
    Description = 'Description'
    PowerShellVersion = '5.1.0'
    FunctionsToExport = '*'
    CmdletsToExport = '*'
    VariablesToExport = '*'
    AliasesToExport = ''
}</Data>
      <Data Name="ScriptBlockId">fd7b6a59-10f2-4154-9c64-73cf302cd4b3</Data>
      <Data Name="Path">C:\Windows\system32\WindowsPowerShell\v1.0\Modules\malicious-cmds\malicious-cmds.psd1</Data>
    </EventData>
  </Event>
  <Event xmlns="http://schemas.microsoft.com/win/2004/08/events/event">
    <System>
      <Provider Name="PowerShellCore" Guid="{f90714a8-5509-434a-bf6d-b1624c8a19a2}" />
      <EventID>4104</EventID>
      <Version>1</Version>
      <Level>5</Level>
      <Task>2</Task>
      <Opcode>15</Opcode>
      <Keywords>0x0</Keywords>
      <TimeCreated SystemTime="2026-01-23T15:10:11.4327942Z" />
      <EventRecordID>1313</EventRecordID>
      <Correlation ActivityID="{026a7b18-8c78-0001-a788-6a02788cdc01}" />
      <Execution ProcessID="1564" ThreadID="840" />
      <Channel>PowerShellCore/Operational</Channel>
      <Computer>DESKTOP-U2U3HDH</Computer>
      <Security UserID="S-1-5-21-564872773-1291138996-2393293407-1001" />
    </System>
    <EventData>
      <Data Name="MessageNumber">1</Data>
      <Data Name="MessageTotal">1</Data>
      <Data Name="ScriptBlockText">@{
# Script module or binary module file associated with this manifest.
ModuleToProcess = 'PowerSploit.psm1'

# Version number of this module.
ModuleVersion = '3.0.0.0'

# ID used to uniquely identify this module
GUID = '6753b496-d842-40a3-924a-0f09e248640c'

# Author of this module
Author = 'Matthew Graeber'

# Copyright statement for this module
Copyright = 'BSD 3-Clause'

# Description of the functionality provided by this module
Description = 'PowerSploit is a collection of Microsoft PowerShell modules that can be used to aid penetration testers and red team operator during all phases of an engagement.'

# Minimum version of the Windows PowerShell engine required by this module
PowerShellVersion = '2.0'

# Functions to export from this module
FunctionsToExport = @(
    'Add-NetUser',
    'Add-ObjectAcl',
    'Add-Persistence',
    'Add-ServiceDacl',
    'Convert-NameToSid',
    'Convert-NT4toCanonical',
    'Convert-SidToName',
    'Copy-ClonedFile',
    'Find-AVSignature',
    'Find-ComputerField',
    'Find-ForeignGroup',
    'Find-ForeignUser',
    'Find-GPOComputerAdmin',
    'Find-GPOLocation',
    'Find-InterestingFile',
    'Find-LocalAdminAccess',
    'Find-PathDLLHijack',
    'Find-ProcessDLLHijack',
    'Find-ManagedSecurityGroups',
    'Find-UserField',
    'Get-ADObject',
    'Get-ApplicationHost',
    'Get-CachedRDPConnection',
    'Get-ComputerDetails',
    'Get-ComputerProperty',
    'Get-CurrentUserTokenGroupSid',
    'Get-DFSshare',
    'Get-DomainPolicy',
    'Get-ExploitableSystem',
    'Get-GPPPassword',
    'Get-HttpStatus',
    'Get-Keystrokes',
    'Get-LastLoggedOn',
    'Get-ModifiablePath',
    'Get-ModifiableRegistryAutoRun',
    'Get-ModifiableScheduledTaskFile',
    'Get-ModifiableService',
    'Get-ModifiableServiceFile',
    'Get-NetComputer',
    'Get-NetDomain',
    'Get-NetDomainController',
    'Get-NetDomainTrust',
    'Get-NetFileServer',
    'Get-NetForest',
    'Get-NetForestCatalog',
    'Get-NetForestDomain',
    'Get-NetForestTrust',
    'Get-NetGPO',
    'Get-NetGPOGroup',
    'Get-NetGroup',
    'Get-NetGroupMember',
    'Get-NetLocalGroup',
    'Get-NetLoggedon',
    'Get-NetOU',
    'Get-NetProcess',
    'Get-NetRDPSession',
    'Get-NetSession',
    'Get-NetShare',
    'Get-NetSite',
    'Get-NetSubnet',
    'Get-NetUser',
    'Get-ObjectAcl',
    'Get-PathAcl',
    'Get-Proxy',
    'Get-RegistryAlwaysInstallElevated',
    'Get-RegistryAutoLogon',
    'Get-SecurityPackages',
    'Get-ServiceDetail',
    'Get-SiteListPassword',
    'Get-System',
    'Get-TimedScreenshot',
    'Get-UnattendedInstallFile',
    'Get-UnquotedService',
    'Get-UserEvent',
    'Get-UserProperty',
    'Get-VaultCredential',
    'Get-VolumeShadowCopy',
    'Get-Webconfig',
    'Install-ServiceBinary',
    'Install-SSP',
    'Invoke-ACLScanner',
    'Invoke-CheckLocalAdminAccess',
    'Invoke-CredentialInjection',
    'Invoke-DllInjection',
    'Invoke-EnumerateLocalAdmin',
    'Invoke-EventHunter',
    'Invoke-FileFinder',
    'Invoke-MapDomainTrust',
    'Invoke-Mimikatz',
    'Invoke-NinjaCopy',
    'Invoke-Portscan',
    'Invoke-PrivescAudit',
    'Invoke-ProcessHunter',
    'Invoke-ReflectivePEInjection',
    'Invoke-ReverseDnsLookup',
    'Invoke-ServiceAbuse',
    'Invoke-ShareFinder',
    'Invoke-Shellcode',
    'Invoke-TokenManipulation',
    'Invoke-UserHunter',
    'Invoke-WmiCommand',
    'Mount-VolumeShadowCopy',
    'New-ElevatedPersistenceOption',
    'New-UserPersistenceOption',
    'New-VolumeShadowCopy',
    'Out-CompressedDll',
    'Out-EncodedCommand',
    'Out-EncryptedScript',
    'Out-Minidump',
    'Remove-Comments',
    'Remove-VolumeShadowCopy',
    'Restore-ServiceBinary',
    'Set-ADObject',
    'Set-CriticalProcess',
    'Set-MacAttribute',
    'Set-MasterBootRecord',
    'Set-ServiceBinPath',
    'Test-ServiceDaclPermission',
    'Write-HijackDll',
    'Write-ServiceBinary',
    'Write-UserAddMSI'
)

# List of all modules packaged with this module.
ModuleList = @( @{ModuleName = 'AntivirusBypass'; ModuleVersion = '3.0.0.0'; GUID = '7cf9de61-2bfc-41b4-a397-9d7cf3a8e66b'},
                @{ModuleName = 'CodeExecution'; ModuleVersion = '3.0.0.0'; GUID = 'a8a6780b-e694-4aa4-b28d-646afa66733c'},
                @{ModuleName = 'Exfiltration'; ModuleVersion = '3.0.0.0'; GUID = '75dafa99-1402-4e29-b5d4-6c87da2b323a'},
                @{ModuleName = 'Recon'; ModuleVersion = '3.0.0.0'; GUID = '7e775ad6-cd3d-4a93-b788-da067274c877'},
                @{ModuleName = 'ScriptModification'; ModuleVersion = '3.0.0.0'; GUID = 'a4d86266-b39b-437a-b5bb-d6f99aa6e610'},
                @{ModuleName = 'Persistence'; ModuleVersion = '3.0.0.0'; GUID = '633d0f10-a056-41da-869d-6d2f75430195'},
                @{ModuleName = 'PrivEsc'; ModuleVersion = '3.0.0.0'; GUID = 'efb2a78f-a069-4bfd-91c2-7c7c0c225f56'} )

PrivateData = @{

    PSData = @{

        # Tags applied to this module. These help with module discovery in online galleries.
        Tags = @('security','pentesting','red team','offense')

        # A URL to the license for this module.
        LicenseUri = 'http://www.apache.org/licenses/LICENSE-2.0.html'

        # A URL to the main website for this project.
        ProjectUri = 'https://github.com/PowerShellMafia/PowerSploit'

    }

}

}
</Data>
      <Data Name="ScriptBlockId">76e555e3-0184-4fb6-ab18-612cfb8fb3a3</Data>
      <Data Name="Path">C:\Windows\system32\WindowsPowerShell\v1.0\Modules\PowerSploit\PowerSploit.psd1</Data>
    </EventData>
  </Event>
  <Event xmlns="http://schemas.microsoft.com/win/2004/08/events/event">
    <System>
      <Provider Name="PowerShellCore" Guid="{f90714a8-5509-434a-bf6d-b1624c8a19a2}" />
      <EventID>4104</EventID>
      <Version>1</Version>
      <Level>3</Level>
      <Task>2</Task>
      <Opcode>15</Opcode>
      <Keywords>0x0</Keywords>
      <TimeCreated SystemTime="2026-01-23T15:10:11.7203851Z" />
      <EventRecordID>1314</EventRecordID>
      <Correlation ActivityID="{026a7b18-8c78-0001-a888-6a02788cdc01}" />
      <Execution ProcessID="1564" ThreadID="840" />
      <Channel>PowerShellCore/Operational</Channel>
      <Computer>DESKTOP-U2U3HDH</Computer>
      <Security UserID="S-1-5-21-564872773-1291138996-2393293407-1001" />
    </System>
    <EventData>
      <Data Name="MessageNumber">1</Data>
      <Data Name="MessageTotal">1</Data>
      <Data Name="ScriptBlockText">
#requires -version 3.0

try { Microsoft.PowerShell.Core\Set-StrictMode -Off } catch { }

$script:MyModule = $MyInvocation.MyCommand.ScriptBlock.Module

$script:ClassName = 'Root/Microsoft/Windows/TaskScheduler/MSFT_ScheduledTask'
$script:ClassVersion = ''
$script:ModuleVersion = '1.0'
$script:ObjectModelWrapper = [Microsoft.PowerShell.Cmdletization.Cim.CimCmdletAdapter]

$script:PrivateData = [System.Collections.Generic.Dictionary[string,string]]::new()

Microsoft.PowerShell.Core\Export-ModuleMember -Function @()
        

function __cmdletization_BindCommonParameters
{
    param(
        $__cmdletization_objectModelWrapper,
        $myPSBoundParameters
    )
                

        if ($myPSBoundParameters.ContainsKey('CimSession')) {
            $__cmdletization_objectModelWrapper.PSObject.Properties['CimSession'].Value = $myPSBoundParameters['CimSession']
        }
                    

        if ($myPSBoundParameters.ContainsKey('ThrottleLimit')) {
            $__cmdletization_objectModelWrapper.PSObject.Properties['ThrottleLimit'].Value = $myPSBoundParameters['ThrottleLimit']
        }
                    

        if ($myPSBoundParameters.ContainsKey('AsJob')) {
            $__cmdletization_objectModelWrapper.PSObject.Properties['AsJob'].Value = $myPSBoundParameters['AsJob']
        }
                    

}
                

function Get-ScheduledTask
{
    [CmdletBinding(DefaultParameterSetName='ByPath', PositionalBinding=$false)]
    
    [OutputType([Microsoft.Management.Infrastructure.CimInstance])]
[OutputType('Microsoft.Management.Infrastructure.CimInstance#Root/Microsoft/Windows/TaskScheduler/MSFT_ScheduledTask')]


    param(
    
    [Parameter(ParameterSetName='ByPath', Position=0, ValueFromPipelineByPropertyName=$true)]
    [ValidateNotNull()]
    [string[]]
    ${TaskName},

    [Parameter(ParameterSetName='ByPath', Position=1, ValueFromPipelineByPropertyName=$true)]
    [ValidateNotNull()]
    [string[]]
    ${TaskPath},

    [Parameter(ParameterSetName='ByPath')]
    [Alias('Session')]
    [ValidateNotNullOrEmpty()]
    [CimSession[]]
    ${CimSession},

    [Parameter(ParameterSetName='ByPath')]
    [int]
    ${ThrottleLimit},

    [Parameter(ParameterSetName='ByPath')]
    [switch]
    ${AsJob})

    DynamicParam {
        try
        {
            if (-not $__cmdletization_exceptionHasBeenThrown)
            {
                $__cmdletization_objectModelWrapper = $script:ObjectModelWrapper::new()
                $__cmdletization_objectModelWrapper.Initialize($PSCmdlet, $script:ClassName, $script:ClassVersion, $script:ModuleVersion, $script:PrivateData)

                if ($__cmdletization_objectModelWrapper -is [System.Management.Automation.IDynamicParameters])
                {
                    ([System.Management.Automation.IDynamicParameters]$__cmdletization_objectModelWrapper).GetDynamicParameters()
                }
            }
        }
        catch
        {
            $__cmdletization_exceptionHasBeenThrown = $true
            throw
        }
    }

    Begin {
        $__cmdletization_exceptionHasBeenThrown = $false
        try
        {
            __cmdletization_BindCommonParameters $__cmdletization_objectModelWrapper $PSBoundParameters
            $__cmdletization_objectModelWrapper.BeginProcessing()
        }
        catch
        {
            $__cmdletization_exceptionHasBeenThrown = $true
            throw
        }
    }
        

    Process {
        try
        {
            if (-not $__cmdletization_exceptionHasBeenThrown)
            {
    $__cmdletization_queryBuilder = $__cmdletization_objectModelWrapper.GetQueryBuilder()
    if ($PSBoundParameters.ContainsKey('TaskName') -and (@('ByPath') -contains $PSCmdlet.ParameterSetName )) {
        $__cmdletization_values = @(${TaskName})
        $__cmdletization_queryBuilder.FilterByProperty('TaskName', $__cmdletization_values, $true, 'Default')
    }
    if ($PSBoundParameters.ContainsKey('TaskPath') -and (@('ByPath') -contains $PSCmdlet.ParameterSetName )) {
        $__cmdletization_values = @(${TaskPath})
        $__cmdletization_queryBuilder.FilterByProperty('TaskPath', $__cmdletization_values, $true, 'Default')
    }


    $__cmdletization_objectModelWrapper.ProcessRecord($__cmdletization_queryBuilder)
            }
        }
        catch
        {
            $__cmdletization_exceptionHasBeenThrown = $true
            throw
        }
    }
        

    End {
        try
        {
            if (-not $__cmdletization_exceptionHasBeenThrown)
            {
                $__cmdletization_objectModelWrapper.EndProcessing()
            }
        }
        catch
        {
            throw
        }
    }

    # .EXTERNALHELP MSFT_ScheduledTask_v1.0.cdxml-Help.xml
}
Microsoft.PowerShell.Core\Export-ModuleMember -Function 'Get-ScheduledTask' -Alias '*'
        

function Unregister-ScheduledTask
{
    [CmdletBinding(DefaultParameterSetName='ByPath', SupportsShouldProcess=$true, ConfirmImpact='High', PositionalBinding=$false)]
    
    [OutputType([Microsoft.Management.Infrastructure.CimInstance])]
[OutputType('Microsoft.Management.Infrastructure.CimInstance#Root/Microsoft/Windows/TaskScheduler/MSFT_ScheduledTask')]


    param(
    
    [Parameter(ParameterSetName='ByPath', Position=0, ValueFromPipelineByPropertyName=$true)]
    [ValidateNotNull()]
    [string[]]
    ${TaskName},

    [Parameter(ParameterSetName='ByPath', Position=1, ValueFromPipelineByPropertyName=$true)]
    [ValidateNotNull()]
    [string[]]
    ${TaskPath},

    [Parameter(ParameterSetName='InputObject (cdxml)', Mandatory=$true, ValueFromPipeline=$true)]
    [PSTypeName('Microsoft.Management.Infrastructure.CimInstance#MSFT_ScheduledTask')]
    [ValidateNotNull()]
    [ciminstance[]]
    ${InputObject},

    [Parameter(ParameterSetName='ByPath')]
    [Parameter(ParameterSetName='InputObject (cdxml)')]
    [Alias('Session')]
    [ValidateNotNullOrEmpty()]
    [CimSession[]]
    ${CimSession},

    [Parameter(ParameterSetName='ByPath')]
    [Parameter(ParameterSetName='InputObject (cdxml)')]
    [int]
    ${ThrottleLimit},

    [Parameter(ParameterSetName='ByPath')]
    [Parameter(ParameterSetName='InputObject (cdxml)')]
    [switch]
    ${AsJob},

    [Parameter(ParameterSetName='ByPath')]
    [Parameter(ParameterSetName='InputObject (cdxml)')]
    [switch]
    ${PassThru})

    DynamicParam {
        try
        {
            if (-not $__cmdletization_exceptionHasBeenThrown)
            {
                $__cmdletization_objectModelWrapper = $script:ObjectModelWrapper::new()
                $__cmdletization_objectModelWrapper.Initialize($PSCmdlet, $script:ClassName, $script:ClassVersion, $script:ModuleVersion, $script:PrivateData)

                if ($__cmdletization_objectModelWrapper -is [System.Management.Automation.IDynamicParameters])
                {
                    ([System.Management.Automation.IDynamicParameters]$__cmdletization_objectModelWrapper).GetDynamicParameters()
                }
            }
        }
        catch
        {
            $__cmdletization_exceptionHasBeenThrown = $true
            throw
        }
    }

    Begin {
        $__cmdletization_exceptionHasBeenThrown = $false
        try
        {
            __cmdletization_BindCommonParameters $__cmdletization_objectModelWrapper $PSBoundParameters
            $__cmdletization_objectModelWrapper.BeginProcessing()
        }
        catch
        {
            $__cmdletization_exceptionHasBeenThrown = $true
            throw
        }
    }
        

    Process {
        try
        {
            if (-not $__cmdletization_exceptionHasBeenThrown)
            {
    $__cmdletization_queryBuilder = $__cmdletization_objectModelWrapper.GetQueryBuilder()
    if ($PSBoundParameters.ContainsKey('TaskName') -and (@('ByPath') -contains $PSCmdlet.ParameterSetName )) {
        $__cmdletization_values = @(${TaskName})
        $__cmdletization_queryBuilder.FilterByProperty('TaskName', $__cmdletization_values, $true, 'Default')
    }
    if ($PSBoundParameters.ContainsKey('TaskPath') -and (@('ByPath') -contains $PSCmdlet.ParameterSetName )) {
        $__cmdletization_values = @(${TaskPath})
        $__cmdletization_queryBuilder.FilterByProperty('TaskPath', $__cmdletization_values, $true, 'Default')
    }


    $__cmdletization_methodParameters = [System.Collections.Generic.List[Microsoft.PowerShell.Cmdletization.MethodParameter]]::new()
    switch -exact ($PSCmdlet.ParameterSetName) { 
        { @('ByPath', 'InputObject (cdxml)') -contains $_ } {
      $__cmdletization_returnValue = $null
      $__cmdletization_methodInvocationInfo = [Microsoft.PowerShell.Cmdletization.MethodInvocationInfo]::new('cim:DeleteInstance', $__cmdletization_methodParameters, $__cmdletization_returnValue)
      $__cmdletization_passThru = $PSBoundParameters.ContainsKey('PassThru') -and $PassThru
            if ($PSBoundParameters.ContainsKey('InputObject')) {
                foreach ($x in $InputObject) { $__cmdletization_objectModelWrapper.ProcessRecord($x, $__cmdletization_methodInvocationInfo, $__cmdletization_PassThru) }
            } else {
                $__cmdletization_objectModelWrapper.ProcessRecord($__cmdletization_queryBuilder, $__cmdletization_methodInvocationInfo, $__cmdletization_PassThru)
            }
        }
    }

            }
        }
        catch
        {
            $__cmdletization_exceptionHasBeenThrown = $true
            throw
        }
    }
        

    End {
        try
        {
            if (-not $__cmdletization_exceptionHasBeenThrown)
            {
                $__cmdletization_objectModelWrapper.EndProcessing()
            }
        }
        catch
        {
            throw
        }
    }

    # .EXTERNALHELP MSFT_ScheduledTask_v1.0.cdxml-Help.xml
}
Microsoft.PowerShell.Core\Export-ModuleMember -Function 'Unregister-ScheduledTask' -Alias '*'
        
</Data>
      <Data Name="ScriptBlockId">0307bf60-c1c9-48d2-9b14-402909f3728f</Data>
      <Data Name="Path">
      </Data>
    </EventData>
  </Event>
  <Event xmlns="http://schemas.microsoft.com/win/2004/08/events/event">
    <System>
      <Provider Name="PowerShellCore" Guid="{f90714a8-5509-434a-bf6d-b1624c8a19a2}" />
      <EventID>4103</EventID>
      <Version>1</Version>
      <Level>4</Level>
      <Task>106</Task>
      <Opcode>20</Opcode>
      <Keywords>0x0</Keywords>
      <TimeCreated SystemTime="2026-01-23T15:10:11.7227030Z" />
      <EventRecordID>1315</EventRecordID>
      <Correlation ActivityID="{026a7b18-8c78-0001-a988-6a02788cdc01}" />
      <Execution ProcessID="1564" ThreadID="840" />
      <Channel>PowerShellCore/Operational</Channel>
      <Computer>DESKTOP-U2U3HDH</Computer>
      <Security UserID="S-1-5-21-564872773-1291138996-2393293407-1001" />
    </System>
    <EventData>
      <Data Name="ContextInfo">        Severity = Informational
        Host Name = ConsoleHost
        Host Version = 7.5.4
        Host ID = 11ac5972-e4db-4ba5-9c7e-eec321d4a732
        Host Application = C:\Program Files\PowerShell\7\pwsh.dll -NonInteractive -File C:\ProgramData\psandman\inputs\example_1696_train_generated.ps1
        Engine Version = 7.5.4
        Runspace ID = 0a760d8b-aeb9-456d-bcb3-e99f73d6a293
        Pipeline ID = 4
        Command Name = Set-StrictMode
        Command Type = Cmdlet
        Script Name = 
        Command Path = 
        Sequence Number = 8
        User = DESKTOP-U2U3HDH\rizz
        Connected User = 
        Shell ID = Microsoft.PowerShell
</Data>
      <Data Name="UserData">
      </Data>
      <Data Name="Payload">CommandInvocation(Set-StrictMode): "Set-StrictMode"
ParameterBinding(Set-StrictMode): name="Off"; value="True"
</Data>
    </EventData>
  </Event>
  <Event xmlns="http://schemas.microsoft.com/win/2004/08/events/event">
    <System>
      <Provider Name="PowerShellCore" Guid="{f90714a8-5509-434a-bf6d-b1624c8a19a2}" />
      <EventID>4103</EventID>
      <Version>1</Version>
      <Level>4</Level>
      <Task>106</Task>
      <Opcode>20</Opcode>
      <Keywords>0x0</Keywords>
      <TimeCreated SystemTime="2026-01-23T15:10:11.7318234Z" />
      <EventRecordID>1316</EventRecordID>
      <Correlation ActivityID="{026a7b18-8c78-0001-aa88-6a02788cdc01}" />
      <Execution ProcessID="1564" ThreadID="840" />
      <Channel>PowerShellCore/Operational</Channel>
      <Computer>DESKTOP-U2U3HDH</Computer>
      <Security UserID="S-1-5-21-564872773-1291138996-2393293407-1001" />
    </System>
    <EventData>
      <Data Name="ContextInfo">        Severity = Informational
        Host Name = ConsoleHost
        Host Version = 7.5.4
        Host ID = 11ac5972-e4db-4ba5-9c7e-eec321d4a732
        Host Application = C:\Program Files\PowerShell\7\pwsh.dll -NonInteractive -File C:\ProgramData\psandman\inputs\example_1696_train_generated.ps1
        Engine Version = 7.5.4
        Runspace ID = 0a760d8b-aeb9-456d-bcb3-e99f73d6a293
        Pipeline ID = 4
        Command Name = Export-ModuleMember
        Command Type = Cmdlet
        Script Name = 
        Command Path = 
        Sequence Number = 9
        User = DESKTOP-U2U3HDH\rizz
        Connected User = 
        Shell ID = Microsoft.PowerShell
</Data>
      <Data Name="UserData">
      </Data>
      <Data Name="Payload">CommandInvocation(Export-ModuleMember): "Export-ModuleMember"
ParameterBinding(Export-ModuleMember): name="Function"; value=""
</Data>
    </EventData>
  </Event>
  <Event xmlns="http://schemas.microsoft.com/win/2004/08/events/event">
    <System>
      <Provider Name="PowerShellCore" Guid="{f90714a8-5509-434a-bf6d-b1624c8a19a2}" />
      <EventID>4103</EventID>
      <Version>1</Version>
      <Level>4</Level>
      <Task>106</Task>
      <Opcode>20</Opcode>
      <Keywords>0x0</Keywords>
      <TimeCreated SystemTime="2026-01-23T15:10:11.7325510Z" />
      <EventRecordID>1317</EventRecordID>
      <Correlation ActivityID="{026a7b18-8c78-0001-ab88-6a02788cdc01}" />
      <Execution ProcessID="1564" ThreadID="840" />
      <Channel>PowerShellCore/Operational</Channel>
      <Computer>DESKTOP-U2U3HDH</Computer>
      <Security UserID="S-1-5-21-564872773-1291138996-2393293407-1001" />
    </System>
    <EventData>
      <Data Name="ContextInfo">        Severity = Informational
        Host Name = ConsoleHost
        Host Version = 7.5.4
        Host ID = 11ac5972-e4db-4ba5-9c7e-eec321d4a732
        Host Application = C:\Program Files\PowerShell\7\pwsh.dll -NonInteractive -File C:\ProgramData\psandman\inputs\example_1696_train_generated.ps1
        Engine Version = 7.5.4
        Runspace ID = 0a760d8b-aeb9-456d-bcb3-e99f73d6a293
        Pipeline ID = 4
        Command Name = Export-ModuleMember
        Command Type = Cmdlet
        Script Name = 
        Command Path = 
        Sequence Number = 10
        User = DESKTOP-U2U3HDH\rizz
        Connected User = 
        Shell ID = Microsoft.PowerShell
</Data>
      <Data Name="UserData">
      </Data>
      <Data Name="Payload">CommandInvocation(Export-ModuleMember): "Export-ModuleMember"
ParameterBinding(Export-ModuleMember): name="Function"; value="Get-ScheduledTask"
ParameterBinding(Export-ModuleMember): name="Alias"; value="*"
</Data>
    </EventData>
  </Event>
  <Event xmlns="http://schemas.microsoft.com/win/2004/08/events/event">
    <System>
      <Provider Name="PowerShellCore" Guid="{f90714a8-5509-434a-bf6d-b1624c8a19a2}" />
      <EventID>4103</EventID>
      <Version>1</Version>
      <Level>4</Level>
      <Task>106</Task>
      <Opcode>20</Opcode>
      <Keywords>0x0</Keywords>
      <TimeCreated SystemTime="2026-01-23T15:10:11.7327660Z" />
      <EventRecordID>1318</EventRecordID>
      <Correlation ActivityID="{026a7b18-8c78-0001-ac88-6a02788cdc01}" />
      <Execution ProcessID="1564" ThreadID="840" />
      <Channel>PowerShellCore/Operational</Channel>
      <Computer>DESKTOP-U2U3HDH</Computer>
      <Security UserID="S-1-5-21-564872773-1291138996-2393293407-1001" />
    </System>
    <EventData>
      <Data Name="ContextInfo">        Severity = Informational
        Host Name = ConsoleHost
        Host Version = 7.5.4
        Host ID = 11ac5972-e4db-4ba5-9c7e-eec321d4a732
        Host Application = C:\Program Files\PowerShell\7\pwsh.dll -NonInteractive -File C:\ProgramData\psandman\inputs\example_1696_train_generated.ps1
        Engine Version = 7.5.4
        Runspace ID = 0a760d8b-aeb9-456d-bcb3-e99f73d6a293
        Pipeline ID = 4
        Command Name = Export-ModuleMember
        Command Type = Cmdlet
        Script Name = 
        Command Path = 
        Sequence Number = 11
        User = DESKTOP-U2U3HDH\rizz
        Connected User = 
        Shell ID = Microsoft.PowerShell
</Data>
      <Data Name="UserData">
      </Data>
      <Data Name="Payload">CommandInvocation(Export-ModuleMember): "Export-ModuleMember"
ParameterBinding(Export-ModuleMember): name="Function"; value="Unregister-ScheduledTask"
ParameterBinding(Export-ModuleMember): name="Alias"; value="*"
</Data>
    </EventData>
  </Event>
  <Event xmlns="http://schemas.microsoft.com/win/2004/08/events/event">
    <System>
      <Provider Name="PowerShellCore" Guid="{f90714a8-5509-434a-bf6d-b1624c8a19a2}" />
      <EventID>4104</EventID>
      <Version>1</Version>
      <Level>3</Level>
      <Task>2</Task>
      <Opcode>15</Opcode>
      <Keywords>0x0</Keywords>
      <TimeCreated SystemTime="2026-01-23T15:10:11.8439635Z" />
      <EventRecordID>1319</EventRecordID>
      <Correlation ActivityID="{026a7b18-8c78-0001-ac88-6a02788cdc01}" />
      <Execution ProcessID="1564" ThreadID="840" />
      <Channel>PowerShellCore/Operational</Channel>
      <Computer>DESKTOP-U2U3HDH</Computer>
      <Security UserID="S-1-5-21-564872773-1291138996-2393293407-1001" />
    </System>
    <EventData>
      <Data Name="MessageNumber">1</Data>
      <Data Name="MessageTotal">12</Data>
      <Data Name="ScriptBlockText">
#requires -version 3.0

try { Microsoft.PowerShell.Core\Set-StrictMode -Off } catch { }

$script:MyModule = $MyInvocation.MyCommand.ScriptBlock.Module

$script:ClassName = 'Root/Microsoft/Windows/TaskScheduler/PS_ScheduledTask'
$script:ClassVersion = '1.0'
$script:ModuleVersion = '1.0'
$script:ObjectModelWrapper = [Microsoft.PowerShell.Cmdletization.Cim.CimCmdletAdapter]

$script:PrivateData = [System.Collections.Generic.Dictionary[string,string]]::new()

Microsoft.PowerShell.Core\Export-ModuleMember -Function @()
        

function __cmdletization_BindCommonParameters
{
    param(
        $__cmdletization_objectModelWrapper,
        $myPSBoundParameters
    )
                

        if ($myPSBoundParameters.ContainsKey('CimSession')) {
            $__cmdletization_objectModelWrapper.PSObject.Properties['CimSession'].Value = $myPSBoundParameters['CimSession']
        }
                    

        if ($myPSBoundParameters.ContainsKey('ThrottleLimit')) {
            $__cmdletization_objectModelWrapper.PSObject.Properties['ThrottleLimit'].Value = $myPSBoundParameters['ThrottleLimit']
        }
                    

        if ($myPSBoundParameters.ContainsKey('AsJob')) {
            $__cmdletization_objectModelWrapper.PSObject.Properties['AsJob'].Value = $myPSBoundParameters['AsJob']
        }
                    

}
                

function Disable-ScheduledTask
{
    [CmdletBinding(PositionalBinding=$false)]
    
    [OutputType([Microsoft.Management.Infrastructure.CimInstance])][OutputType('Microsoft.Management.Infrastructure.CimInstance#MSFT_ScheduledTask')][OutputType([Microsoft.Management.Infrastructure.CimInstance])][OutputType('Microsoft.Management.Infrastructure.CimInstance#MSFT_ScheduledTask')]

    param(
    
    [Parameter(ParameterSetName='Name', Mandatory=$true, Position=0)]
    [ValidateNotNull()]
    [ValidateNotNullOrEmpty()]
    [string]
    ${TaskName},

    [Parameter(ParameterSetName='Name', Position=1)]
    [ValidateNotNull()]
    [ValidateNotNullOrEmpty()]
    [string]
    ${TaskPath},

    [Parameter(ParameterSetName='Object', Mandatory=$true, Position=0, ValueFromPipeline=$true)]
    [PSTypeName('Microsoft.Management.Infrastructure.CimInstance#MSFT_ScheduledTask')]
    [ValidateNotNull()]
    [ValidateNotNullOrEmpty()]
    [ciminstance]
    ${InputObject},

    [Parameter(ParameterSetName='Name')]
    [Parameter(ParameterSetName='Object')]
    [Alias('Session')]
    [ValidateNotNullOrEmpty()]
    [CimSession[]]
    ${CimSession},

    [Parameter(ParameterSetName='Name')]
    [Parameter(ParameterSetName='Object')]
    [int]
    ${ThrottleLimit},

    [Parameter(ParameterSetName='Name')]
    [Parameter(ParameterSetName='Object')]
    [switch]
    ${AsJob})

    DynamicParam {
        try
        {
            if (-not $__cmdletization_exceptionHasBeenThrown)
            {
                $__cmdletization_objectModelWrapper = $script:ObjectModelWrapper::new()
                $__cmdletization_objectModelWrapper.Initialize($PSCmdlet, $script:ClassName, $script:ClassVersion, $script:ModuleVersion, $script:PrivateData)

                if ($__cmdletization_objectModelWrapper -is [System.Management.Automation.IDynamicParameters])
                {
                    ([System.Management.Automation.IDynamicParameters]$__cmdletization_objectModelWrapper).GetDynamicParameters()
                }
            }
        }
        catch
        {
            $__cmdletization_exceptionHasBeenThrown = $true
            throw
        }
    }

    Begin {
        $__cmdletization_exceptionHasBeenThrown = $false
        try
        {
            __cmdletization_BindCommonParameters $__cmdletization_objectModelWrapper $PSBoundParameters
            $__cmdletization_objectModelWrapper.BeginProcessing()
        }
        catch
        {
            $__cmdletization_exceptionHasBeenThrown = $true
            throw
        }
    }
        

    Process {
        try
        {
            if (-not $__cmdletization_exceptionHasBeenThrown)
            {
      $__cmdletization_methodParameters = [System.Collections.Generic.List[Microsoft.PowerShell.Cmdletization.MethodParameter]]::new()

      switch -exact ($PSCmdlet.ParameterSetName) { 
        { @('Name') -contains $_ } {
        [object]$__cmdletization_defaultValue = $null
        [object]$__cmdletization_defaultValueIsPresent = $false
        if ($PSBoundParameters.ContainsKey('TaskName')) {
          [object]$__cmdletization_value = ${TaskName}
          $__cmdletization_methodParameter = [Microsoft.PowerShell.Cmdletization.MethodParameter]@{Name = 'TaskName'; ParameterType = 'System.String'; Bindings = 'In'; Value = $__cmdletization_value; IsValuePresent = $true}
        } else {
          $__cmdletization_methodParameter = [Microsoft.PowerShell.Cmdletization.MethodParameter]@{Name = 'TaskName'; ParameterType = 'System.String'; Bindings = 'In'; Value = $__cmdletization_defaultValue; IsValuePresent = $__cmdletization_defaultValueIsPresent}
        }
        $__cmdletization_methodParameters.Add($__cmdletization_methodParameter)

        [object]$__cmdletization_defaultValue = $null
        [object]$__cmdletization_defaultValueIsPresent = $false
        if ($PSBoundParameters.ContainsKey('TaskPath')) {
          [object]$__cmdletization_value = ${TaskPath}
          $__cmdletization_methodParameter = [Microsoft.PowerShell.Cmdletization.MethodParameter]@{Name = 'TaskPath'; ParameterType = 'System.String'; Bindings = 'In'; Value = $__cmdletization_value; IsValuePresent = $true}
        } else {
          $__cmdletization_methodParameter = [Microsoft.PowerShell.Cmdletization.MethodParameter]@{Name = 'TaskPath'; ParameterType = 'System.String'; Bindings = 'In'; Value = $__cmdletization_defaultValue; IsValuePresent = $__cmdletization_defaultValueIsPresent}
        }
        $__cmdletization_methodParameters.Add($__cmdletization_methodParameter)

        [object]$__cmdletization_defaultValue = $null
        [object]$__cmdletization_defaultValueIsPresent = $false
          $__cmdletization_methodParameter = [Microsoft.PowerShell.Cmdletization.MethodParameter]@{Name = 'CmdletOutput'; ParameterType = 'Microsoft.Management.Infrastructure.CimInstance'; Bindings = 'Out'; Value = $__cmdletization_defaultValue; IsValuePresent = $__cmdletization_defaultValueIsPresent}
        $__cmdletization_methodParameter.ParameterTypeName = 'Microsoft.Management.Infrastructure.CimInstance#MSFT_ScheduledTask'
        $__cmdletization_methodParameters.Add($__cmdletization_methodParameter)

      $__cmdletization_returnValue = [Microsoft.PowerShell.Cmdletization.MethodParameter]@{ Name = 'ReturnValue'; ParameterType = 'System.Int32'; Bindings = 'Error'; Value = $null; IsValuePresent = $false }
      $__cmdletization_methodInvocationInfo = [Microsoft.PowerShell.Cmdletization.MethodInvocationInfo]::new('DisableByName', $__cmdletization_methodParameters, $__cmdletization_returnValue)
      $__cmdletization_objectModelWrapper.ProcessRecord($__cmdletization_methodInvocationInfo)
        }
        { @('Object') -contains $_ } {
        [object]$__cmdletization_defaultValue = $null
        [object]$__cmdletization_defaultValueIsPresent = $false
        if ($PSBoundParameters.ContainsKey('InputObject')) {
          [object]$__cmdletization_value = ${InputObject}
          $__cmdletization_methodParameter = [Microsoft.PowerShell.Cmdletization.MethodParameter]@{Name = 'InputObject'; ParameterType = 'Microsoft.Management.Infrastructure.CimInstance'; Bindings = 'In'; Value = $__cmdletization_value; IsValuePresent = $true}
        } else {
          $__cmdletization_methodParameter = [Microsoft.PowerShell.Cmdletization.MethodParameter]@{Name = 'InputObject'; ParameterType = 'Microsoft.Management.Infrastructure.CimInstance'; Bindings = 'In'; Value = $__cmdletization_defaultValue; IsValuePresent = $__cmdletization_defaultValueIsPresent}
        }
        $__cmdletization_methodParameter.ParameterTypeName = 'Microsoft.Management.Infrastructure.CimInstance#MSFT_ScheduledTask'
        $__cmdletization_methodParameters.Add($__cmdletization_methodParameter)

        [object]$__cmdletization_defaultValue = $null
        [object]$__cmdletization_defaultValueIsPresent = $false
          $__cmdletization_methodParameter = [Microsoft.PowerShell.Cmdletization.MethodParameter]@{Name = 'CmdletOutput'; ParameterType = 'Microsoft.Management.Infrastructure.CimInstance'; Bindings = 'Out'; Value = $__cmdletization_defaultValue; IsValuePresent = $__cmdletization_defaultValueIsPresent}
        $__cmdletization_methodParameter.ParameterTypeName = 'Microsoft.Management.Infrastructure.CimInstance#MSFT_ScheduledTask'
        $__cmdletization_methodParameters.Add($__cmdletization_methodParameter)

      $__cmdletization_returnValue = [Microsoft.PowerShell.Cmdletization.MethodParameter]@{ Name = 'ReturnValue'; ParameterType = 'System.Int32'; Bindings = 'Error'; Value = $null; IsValuePresent = $false }
      $__cmdletization_methodInvocationInfo = [Microsoft.PowerShell.Cmdletization.MethodInvocationInfo]::new('DisableByObject', $__cmdletization_methodParameters, $__cmdletization_returnValue)
      $__cmdletization_objectModelWrapper.ProcessRecord($__cmdletization_methodInvocationInfo)
        }
    }

            }
        }
        catch
        {
            $__cmdletization_exceptionHasBeenThrown = $true
            throw
        }
    }
        

    End {
        try
        {
            if (-not $__cmdletization_exceptionHasBeenThrown)
            {
                $__cmdletization_objectModelWrapper.EndProcessing()
            }
        }
        catch
        {
            throw
        }
    }

    # .EXTERNALHELP PS_ScheduledTask_v1.0.cdxml-Help.xml
}
Microsoft.PowerShell.Core\Export-ModuleMember -Function 'Disable-ScheduledTask' -Alias '*'
        

function Enable-ScheduledTask
{
    [CmdletBinding(PositionalBinding=$false)]
    
    [OutputType([Microsoft.Management.Infrastructure.CimInstance])][OutputType('Microsoft.Management.Infrastructure.CimInstance#MSFT_ScheduledTask')][OutputType([Microsoft.Management.Infrastructure.CimInstance])][OutputType('Microsoft.Management.Infrastructure.CimInstance#MSFT_ScheduledTask')]

    param(
    
    [Parameter(ParameterSetName='Name', Mandatory=$true, Position=0)]
    [ValidateNotNull()]
    [ValidateNotNullOrEmpty()]
    [string]
    ${TaskName},

    [Parameter(ParameterSetName='Name', Position=1)]
    [ValidateNotNull()]
    [ValidateNotNullOrEmpty()]
    [string]
    ${TaskPath},

    [Parameter(ParameterSetName='Object', Mandatory=$true, Position=0, ValueFromPipeline=$true)]
    [PSTypeName('Microsoft.Management.Infrastructure.CimInstance#MSFT_ScheduledTask')]
    [ValidateNotNull()]
    [ValidateNotNullOrEmpty()]
    [ciminstance]
    ${InputObject},

    [Parameter(ParameterSetName='Name')]
    [Parameter(ParameterSetName='Object')]
    [Alias('Session')]
    [ValidateNotNullOrEmpty()]
    [CimSession[]]
    ${CimSession},

    [Parameter(ParameterSetName='Name')]
    [Parameter(ParameterSetName='Object')]
    [int]
    ${ThrottleLimit},

    [Parameter(ParameterSetName='Name')]
    [Parameter(ParameterSetName='Object')]
    [switch]
    ${AsJob})

    DynamicParam {
        try
        {
            if (-not $__cmdletization_exceptionHasBeenThrown)
            {
                $__cmdletization_objectModelWrapper = $script:ObjectModelWrapper::new()
                $__cmdletization_objectModelWrapper.Initialize($PSCmdlet, $script:ClassName, $script:ClassVersion, $script:ModuleVersion, $script:PrivateData)

                if ($__cmdletization_objectModelWrapper -is [System.Management.Automation.IDynamicParameters])
                {
                    ([System.Management.Automation.IDynamicParameters]$__cmdletization_objectModelWrapper).GetDynamicParameters()
                }
            }
        }
        catch
        {
            $__cmdletization_exceptionHasBeenThrown = $true
            throw
        }
    }

    Begin {
        $__cmdletization_exceptionHasBeenThrown = $false
        try
        {
            __cmdletization_BindCommonParameters $__cmdletization_objectModelWrapper $PSBoundParameters
            $__cmdletization_objectModelWrapper.BeginProcessing()
        }
        catch
        {
            $__cmdletization_exceptionHasBeenThrown = $true
            throw
        }
    }
        

    Process {
        try
        {
            if (-not $__cmdletization_exceptionHasBeenThrown)
            {
      $__cmdletization_methodParameters = [System.Collections.Generic.List[Microsoft.PowerShell.Cmdletization.MethodParameter]]::new()

      switch -exact ($PSCmdlet.ParameterSetName) { 
        { @('Name') -contains $_ } {
        [object]$__cmdletization_defaultValue = $null
        [object]$__cmdletization_defaultValueIsPresent = $false
        if ($PSBoundParameters.ContainsKey('TaskName')) {
          [object]$__cmdletization_value = ${TaskName}
          $__cmdletization_methodParameter = [Microsoft.PowerShell.Cmdletization.MethodParameter]@{Name = 'TaskName'; ParameterType = 'System.String'; Bindings = 'In'; Value = $__cmdletization_value; IsValuePresent = $true}
        } else {
          $__cmdletization_methodParameter = [Microsoft.PowerShell.Cmdletization.MethodParameter]@{Name = 'TaskName'; ParameterType = 'System.String'; Bindings = 'In'; Value = $__cmdletization_defaultValue; IsValuePresent = $__cmdletization_defaultValueIsPresent}
        }
        $__cmdletization_methodParameters.Add($__cmdletization_methodParameter)

        [object]$__cmdletization_defaultValue = $null
        [object]$__cmdletization_defaultValueIsPresent = $false
        if ($PSBoundParameters.ContainsKey('TaskPath')) {
          [object]$__cmdletization_value = ${TaskPath}
          $__cmdletization_methodParameter = [Microsoft.PowerShell.Cmdletization.MethodParameter]@{Name = 'TaskPath'; ParameterType = 'System.String'; Bindings = 'In'; Value = $__cmdletization_value; IsValuePresent = $true}
        } else {
          $__cmdletization_methodParameter = [Microsoft.PowerShell.Cmdletization.MethodParameter]@{Name = 'TaskPath'; ParameterType = 'System.String'; Bindings = 'In'; Value = $__cmdletization_defaultValue; IsValuePresent = $__cmdletization_defaultValueIsPresent}
        }
        $__cmdletization_methodParameters.Add($__cmdletization_methodParameter)

        [object]$__cmdletization_defaultValue = $null
        [object]$__cmdletization_defaultValueIsPresent = $false
          $__cmdletization_methodParameter = [Microsoft.PowerShell.Cmdletization.MethodParameter]@{Name = 'CmdletOutput'; ParameterType = 'Microsoft.Management.Infrastructure.CimInstance'; Bindings = 'Out'; Value = $__cmdletization_defaultValue; IsValuePresent = $__cmdletization_defaultValueIsPresent}
        $__cmdletization_methodParameter.ParameterTypeName = 'Microsoft.Management.Infrastructure.CimInstance#MSFT_ScheduledTask'
        $__cmdletization_methodParameters.Add($__cmdletization_methodParameter)

      $__cmdletization_returnValue = [Microsoft.PowerShell.Cmdletization.MethodParameter]@{ Name = 'ReturnValue'; ParameterType = 'System.Int32'; Bindings = 'Error'; Value = $null; IsValuePresent = $false }
      $__cmdletization_methodInvocationInfo = [Microsoft.PowerShell.Cmdletization.MethodInvocationInfo]::new('EnableByName', $__cmdletization_methodParameters, $__cmdletization_returnValue)
      $__cmdletization_objectModelWrapper.ProcessRecord($__cmdletization_methodInvocationInfo)
        }
        { @('Object') -contains $_ } {
        [object]$__cmdletization_defaultValue = $null
        [object]$__cmdletization_defaultValueIsPresent = $false
        if ($PSBoundParameters.ContainsKey('InputObject')) {
          [object]$__cmdletization_value = ${InputObject}
          $__cmdletization_methodParameter = [Microsoft.PowerShell.Cmdletization.MethodParameter]@{Name = 'InputObject'; ParameterType = 'Microsoft.Management.Infrastructure.CimInstance'; Bindings = 'In'; Value = $__cmdletization_value; IsValuePresent = $true}
        } else {
          $__cmdletization_methodParameter = [Microsoft.PowerShell.Cmdletization.MethodParameter]@{Name = 'InputObject'; ParameterType = 'Microsoft.Management.Infrastructure.CimInstance'; Bindings = 'In'; Value = $__cmdletization_defaultValue; IsValuePresent = $__cmdletization_defaultValueIsPresent}
        }
        $__cmdletization_methodParameter.ParameterTypeName = 'Microsoft.Management.Infrastructure.CimInstance#MSFT_ScheduledTask'
        $__cmdletization_methodParameters.Add($__cmdletization_methodParameter)

        [object]$__cmdletization_defaultValue = $null
        [object]$__cmdletization_defaultValueIsPresent = $false
          $__cmdletization_methodParameter = [Microsoft.PowerShell.Cmdletization.MethodParameter]@{Name = 'CmdletOutput'; ParameterType = 'Microsoft.Management.Infrastructure.CimInstance'; Bindings = 'Out'; Value = $__cmdletization_defaultValue; IsValuePresent = $__cmdletization_defaultValueIsPresent}
        $__cmdletization_methodParameter.ParameterTypeName = 'Microsoft.Management.Infrastructure.CimInstance#MSFT_ScheduledTask'
        $__cmdletization_methodParameters.Add($__cmdletization_methodParameter)

      $__cmdletization_returnValue = [Microsoft.PowerShell.Cmdletization.MethodParameter]@{ Name = 'ReturnValue'; ParameterType = 'System.Int32'; Bindings = 'Error'; Value = $null; IsValuePresent = $false }
      $__cmdletization_methodInvocationInfo = [Microsoft.PowerShell.Cmdletization.MethodInvocationInfo]::new('EnableByObject', $__cmdletization_methodParameters, $__cmdletization_returnValue)
      $__cmdletization_objectModelWrapper.ProcessRecord($__cmdletization_methodInvocationInfo)
        }
    }

            }
        }
        catch
        {
            $__cmdletization_exceptionHasBeenThrown = $true
            throw
        }
    }
        

    End {
        try
        {
            if (-not $__cmdletization_exceptionHasBeenThrown)
            {
                $__cmdletization_objectModelWrapper.EndProcessing()
            }
        }
        catch
        {
            throw
        }
    }

    # .EXTE</Data>
      <Data Name="ScriptBlockId">ae43e6f4-5661-43f7-8c81-653aff13dd02</Data>
      <Data Name="Path">
      </Data>
    </EventData>
  </Event>
  