<root>
  <Event xmlns="http://schemas.microsoft.com/win/2004/08/events/event">
    <System>
      <Provider Name="Microsoft-Windows-Sysmon" Guid="{5770385f-c22a-43e0-bf4c-06f5698ffbd9}" />
      <EventID>1</EventID>
      <Version>5</Version>
      <Level>4</Level>
      <Task>1</Task>
      <Opcode>0</Opcode>
      <Keywords>0x8000000000000000</Keywords>
      <TimeCreated SystemTime="2025-12-29T19:15:44.3022919Z" />
      <EventRecordID>3606</EventRecordID>
      <Correlation />
      <Execution ProcessID="3008" ThreadID="4340" />
      <Channel>Microsoft-Windows-Sysmon/Operational</Channel>
      <Computer>DESKTOP-U2U3HDH</Computer>
      <Security UserID="S-1-5-18" />
    </System>
    <EventData>
      <Data Name="RuleName">-</Data>
      <Data Name="UtcTime">2025-12-29 19:15:44.269</Data>
      <Data Name="ProcessGuid">{bdb1c22b-d360-6952-2c05-000000001700}</Data>
      <Data Name="ProcessId">4452</Data>
      <Data Name="Image">C:\Program Files\PowerShell\7\pwsh.exe</Data>
      <Data Name="FileVersion">7.5.4.500</Data>
      <Data Name="Description">PowerShell 7</Data>
      <Data Name="Product">PowerShell</Data>
      <Data Name="Company">Microsoft Corporation</Data>
      <Data Name="OriginalFileName">pwsh.dll</Data>
      <Data Name="CommandLine">"pwsh" -NonInteractive -File "C:\ProgramData\psandman\inputs\example_123.ps1"</Data>
      <Data Name="CurrentDirectory">C:\Windows\system32\</Data>
      <Data Name="User">DESKTOP-U2U3HDH\rizz</Data>
      <Data Name="LogonGuid">{bdb1c22b-d334-6952-9a8c-150000000000}</Data>
      <Data Name="LogonId">0x158c9a</Data>
      <Data Name="TerminalSessionId">0</Data>
      <Data Name="IntegrityLevel">High</Data>
      <Data Name="Hashes">SHA1=97C1583FAD2DE5B1ED2AEAD21B938FBF6E946DAF,MD5=77D8EFAF7D34FE7B6974A448CF541FF2,SHA256=A7AD362B22E0E289772CCCF78C7AF3B99E32F3084E675392E4A9FFDDF380BF05,IMPHASH=7A8C872F8E13D32F36A675B52EDA1D6E</Data>
      <Data Name="ParentProcessGuid">{bdb1c22b-d336-6952-1905-000000001700}</Data>
      <Data Name="ParentProcessId">3844</Data>
      <Data Name="ParentImage">C:\Program Files\PowerShell\7\pwsh.exe</Data>
      <Data Name="ParentCommandLine">"C:\Program Files\PowerShell\7\pwsh.exe" -NoProfile -ExecutionPolicy Bypass -Command "&amp; C:/ProgramData/psandman/exec-analysis-scripts.ps1 example_123.ps1"</Data>
      <Data Name="ParentUser">DESKTOP-U2U3HDH\rizz</Data>
    </EventData>
  </Event>
  <Event xmlns="http://schemas.microsoft.com/win/2004/08/events/event">
    <System>
      <Provider Name="Microsoft-Windows-Sysmon" Guid="{5770385f-c22a-43e0-bf4c-06f5698ffbd9}" />
      <EventID>11</EventID>
      <Version>2</Version>
      <Level>4</Level>
      <Task>11</Task>
      <Opcode>0</Opcode>
      <Keywords>0x8000000000000000</Keywords>
      <TimeCreated SystemTime="2025-12-29T19:15:49.2723540Z" />
      <EventRecordID>3683</EventRecordID>
      <Correlation />
      <Execution ProcessID="3008" ThreadID="4340" />
      <Channel>Microsoft-Windows-Sysmon/Operational</Channel>
      <Computer>DESKTOP-U2U3HDH</Computer>
      <Security UserID="S-1-5-18" />
    </System>
    <EventData>
      <Data Name="RuleName">-</Data>
      <Data Name="UtcTime">2025-12-29 19:15:49.261</Data>
      <Data Name="ProcessGuid">{bdb1c22b-d360-6952-2c05-000000001700}</Data>
      <Data Name="ProcessId">4452</Data>
      <Data Name="Image">C:\Program Files\PowerShell\7\pwsh.exe</Data>
      <Data Name="TargetFilename">C:\Users\rizz\AppData\Local\Temp\__PSScriptPolicyTest_0uim2tea.di1.ps1</Data>
      <Data Name="CreationUtcTime">2025-12-29 19:15:49.261</Data>
      <Data Name="User">DESKTOP-U2U3HDH\rizz</Data>
    </EventData>
  </Event>
  <Event xmlns="http://schemas.microsoft.com/win/2004/08/events/event">
    <System>
      <Provider Name="Microsoft-Windows-Sysmon" Guid="{5770385f-c22a-43e0-bf4c-06f5698ffbd9}" />
      <EventID>11</EventID>
      <Version>2</Version>
      <Level>4</Level>
      <Task>11</Task>
      <Opcode>0</Opcode>
      <Keywords>0x8000000000000000</Keywords>
      <TimeCreated SystemTime="2025-12-29T19:15:49.2744955Z" />
      <EventRecordID>3684</EventRecordID>
      <Correlation />
      <Execution ProcessID="3008" ThreadID="4340" />
      <Channel>Microsoft-Windows-Sysmon/Operational</Channel>
      <Computer>DESKTOP-U2U3HDH</Computer>
      <Security UserID="S-1-5-18" />
    </System>
    <EventData>
      <Data Name="RuleName">-</Data>
      <Data Name="UtcTime">2025-12-29 19:15:49.261</Data>
      <Data Name="ProcessGuid">{bdb1c22b-d360-6952-2c05-000000001700}</Data>
      <Data Name="ProcessId">4452</Data>
      <Data Name="Image">C:\Program Files\PowerShell\7\pwsh.exe</Data>
      <Data Name="TargetFilename">C:\Users\rizz\AppData\Local\Temp\__PSScriptPolicyTest_pdno0mjx.agj.psm1</Data>
      <Data Name="CreationUtcTime">2025-12-29 19:15:49.261</Data>
      <Data Name="User">DESKTOP-U2U3HDH\rizz</Data>
    </EventData>
  </Event>
  <Event xmlns="http://schemas.microsoft.com/win/2004/08/events/event">
    <System>
      <Provider Name="Microsoft-Windows-Sysmon" Guid="{5770385f-c22a-43e0-bf4c-06f5698ffbd9}" />
      <EventID>1</EventID>
      <Version>5</Version>
      <Level>4</Level>
      <Task>1</Task>
      <Opcode>0</Opcode>
      <Keywords>0x8000000000000000</Keywords>
      <TimeCreated SystemTime="2025-12-29T19:15:52.4794752Z" />
      <EventRecordID>3746</EventRecordID>
      <Correlation />
      <Execution ProcessID="3008" ThreadID="4340" />
      <Channel>Microsoft-Windows-Sysmon/Operational</Channel>
      <Computer>DESKTOP-U2U3HDH</Computer>
      <Security UserID="S-1-5-18" />
    </System>
    <EventData>
      <Data Name="RuleName">-</Data>
      <Data Name="UtcTime">2025-12-29 19:15:52.453</Data>
      <Data Name="ProcessGuid">{bdb1c22b-d368-6952-2d05-000000001700}</Data>
      <Data Name="ProcessId">2672</Data>
      <Data Name="Image">C:\Windows\System32\WindowsPowerShell\v1.0\powershell.exe</Data>
      <Data Name="FileVersion">10.0.19041.2913 (WinBuild.160101.0800)</Data>
      <Data Name="Description">Windows PowerShell</Data>
      <Data Name="Product">Microsoft« Windows« Operating System</Data>
      <Data Name="Company">Microsoft Corporation</Data>
      <Data Name="OriginalFileName">PowerShell.EXE</Data>
      <Data Name="CommandLine">"C:\Windows\System32\WindowsPowerShell\v1.0\powershell.exe" -Version 5.1 -s -NoLogo -NoProfile</Data>
      <Data Name="CurrentDirectory">C:\Windows\system32\</Data>
      <Data Name="User">DESKTOP-U2U3HDH\rizz</Data>
      <Data Name="LogonGuid">{bdb1c22b-d334-6952-9a8c-150000000000}</Data>
      <Data Name="LogonId">0x158c9a</Data>
      <Data Name="TerminalSessionId">0</Data>
      <Data Name="IntegrityLevel">High</Data>
      <Data Name="Hashes">SHA1=EB39E26A364ECD0691A59FCEF61A90334112617E,MD5=BCF01E61144D6D6325650134823198B8,SHA256=B4E7BC24BF3F5C3DA2EB6E9EC5EC10F90099DEFA91B820F2F3FC70DD9E4785C4,IMPHASH=88CB9A420410BDA787E305B65518A934</Data>
      <Data Name="ParentProcessGuid">{bdb1c22b-d360-6952-2c05-000000001700}</Data>
      <Data Name="ParentProcessId">4452</Data>
      <Data Name="ParentImage">C:\Program Files\PowerShell\7\pwsh.exe</Data>
      <Data Name="ParentCommandLine">"pwsh" -NonInteractive -File "C:\ProgramData\psandman\inputs\example_123.ps1"</Data>
      <Data Name="ParentUser">DESKTOP-U2U3HDH\rizz</Data>
    </EventData>
  </Event>
  <Event xmlns="http://schemas.microsoft.com/win/2004/08/events/event">
    <System>
      <Provider Name="Microsoft-Windows-Sysmon" Guid="{5770385f-c22a-43e0-bf4c-06f5698ffbd9}" />
      <EventID>11</EventID>
      <Version>2</Version>
      <Level>4</Level>
      <Task>11</Task>
      <Opcode>0</Opcode>
      <Keywords>0x8000000000000000</Keywords>
      <TimeCreated SystemTime="2025-12-29T19:15:55.7700630Z" />
      <EventRecordID>3821</EventRecordID>
      <Correlation />
      <Execution ProcessID="3008" ThreadID="4340" />
      <Channel>Microsoft-Windows-Sysmon/Operational</Channel>
      <Computer>DESKTOP-U2U3HDH</Computer>
      <Security UserID="S-1-5-18" />
    </System>
    <EventData>
      <Data Name="RuleName">-</Data>
      <Data Name="UtcTime">2025-12-29 19:15:55.745</Data>
      <Data Name="ProcessGuid">{bdb1c22b-d368-6952-2d05-000000001700}</Data>
      <Data Name="ProcessId">2672</Data>
      <Data Name="Image">C:\Windows\System32\WindowsPowerShell\v1.0\powershell.exe</Data>
      <Data Name="TargetFilename">C:\Users\rizz\AppData\Local\Temp\__PSScriptPolicyTest_mgllthko.xpq.ps1</Data>
      <Data Name="CreationUtcTime">2025-12-29 19:15:55.745</Data>
      <Data Name="User">DESKTOP-U2U3HDH\rizz</Data>
    </EventData>
  </Event>
  <Event xmlns="http://schemas.microsoft.com/win/2004/08/events/event">
    <System>
      <Provider Name="Microsoft-Windows-Sysmon" Guid="{5770385f-c22a-43e0-bf4c-06f5698ffbd9}" />
      <EventID>11</EventID>
      <Version>2</Version>
      <Level>4</Level>
      <Task>11</Task>
      <Opcode>0</Opcode>
      <Keywords>0x8000000000000000</Keywords>
      <TimeCreated SystemTime="2025-12-29T19:15:55.7711495Z" />
      <EventRecordID>3822</EventRecordID>
      <Correlation />
      <Execution ProcessID="3008" ThreadID="4340" />
      <Channel>Microsoft-Windows-Sysmon/Operational</Channel>
      <Computer>DESKTOP-U2U3HDH</Computer>
      <Security UserID="S-1-5-18" />
    </System>
    <EventData>
      <Data Name="RuleName">-</Data>
      <Data Name="UtcTime">2025-12-29 19:15:55.745</Data>
      <Data Name="ProcessGuid">{bdb1c22b-d368-6952-2d05-000000001700}</Data>
      <Data Name="ProcessId">2672</Data>
      <Data Name="Image">C:\Windows\System32\WindowsPowerShell\v1.0\powershell.exe</Data>
      <Data Name="TargetFilename">C:\Users\rizz\AppData\Local\Temp\__PSScriptPolicyTest_pryt2bze.ron.psm1</Data>
      <Data Name="CreationUtcTime">2025-12-29 19:15:55.745</Data>
      <Data Name="User">DESKTOP-U2U3HDH\rizz</Data>
    </EventData>
  </Event>
  <Event xmlns="http://schemas.microsoft.com/win/2004/08/events/event">
    <System>
      <Provider Name="Microsoft-Windows-Sysmon" Guid="{5770385f-c22a-43e0-bf4c-06f5698ffbd9}" />
      <EventID>11</EventID>
      <Version>2</Version>
      <Level>4</Level>
      <Task>11</Task>
      <Opcode>0</Opcode>
      <Keywords>0x8000000000000000</Keywords>
      <TimeCreated SystemTime="2025-12-29T19:16:01.9835341Z" />
      <EventRecordID>3855</EventRecordID>
      <Correlation />
      <Execution ProcessID="3008" ThreadID="4340" />
      <Channel>Microsoft-Windows-Sysmon/Operational</Channel>
      <Computer>DESKTOP-U2U3HDH</Computer>
      <Security UserID="S-1-5-18" />
    </System>
    <EventData>
      <Data Name="RuleName">-</Data>
      <Data Name="UtcTime">2025-12-29 19:16:01.979</Data>
      <Data Name="ProcessGuid">{bdb1c22b-d360-6952-2c05-000000001700}</Data>
      <Data Name="ProcessId">4452</Data>
      <Data Name="Image">C:\Program Files\PowerShell\7\pwsh.exe</Data>
      <Data Name="TargetFilename">C:\Users\rizz\AppData\Local\Microsoft\PowerShell\StartupProfileData-NonInteractive</Data>
      <Data Name="CreationUtcTime">2025-12-14 17:54:33.280</Data>
      <Data Name="User">DESKTOP-U2U3HDH\rizz</Data>
    </EventData>
  </Event>
  <Event xmlns="http://schemas.microsoft.com/win/2004/08/events/event">
    <System>
      <Provider Name="Microsoft-Windows-Sysmon" Guid="{5770385f-c22a-43e0-bf4c-06f5698ffbd9}" />
      <EventID>11</EventID>
      <Version>2</Version>
      <Level>4</Level>
      <Task>11</Task>
      <Opcode>0</Opcode>
      <Keywords>0x8000000000000000</Keywords>
      <TimeCreated SystemTime="2025-12-29T19:16:03.9048722Z" />
      <EventRecordID>3857</EventRecordID>
      <Correlation />
      <Execution ProcessID="3008" ThreadID="4340" />
      <Channel>Microsoft-Windows-Sysmon/Operational</Channel>
      <Computer>DESKTOP-U2U3HDH</Computer>
      <Security UserID="S-1-5-18" />
    </System>
    <EventData>
      <Data Name="RuleName">-</Data>
      <Data Name="UtcTime">2025-12-29 19:16:03.862</Data>
      <Data Name="ProcessGuid">{bdb1c22b-d360-6952-2c05-000000001700}</Data>
      <Data Name="ProcessId">4452</Data>
      <Data Name="Image">C:\Program Files\PowerShell\7\pwsh.exe</Data>
      <Data Name="TargetFilename">C:\Users\rizz\AppData\Local\Temp\remoteIpMoProxy_maliciouscmds_1.0_localhost_df0795f9-69b2-4c59-8f19-dde621393a8e</Data>
      <Data Name="CreationUtcTime">2025-12-29 19:16:03.862</Data>
      <Data Name="User">DESKTOP-U2U3HDH\rizz</Data>
    </EventData>
  </Event>
  <Event xmlns="http://schemas.microsoft.com/win/2004/08/events/event">
    <System>
      <Provider Name="Microsoft-Windows-Sysmon" Guid="{5770385f-c22a-43e0-bf4c-06f5698ffbd9}" />
      <EventID>11</EventID>
      <Version>2</Version>
      <Level>4</Level>
      <Task>11</Task>
      <Opcode>0</Opcode>
      <Keywords>0x8000000000000000</Keywords>
      <TimeCreated SystemTime="2025-12-29T19:16:03.9053612Z" />
      <EventRecordID>3858</EventRecordID>
      <Correlation />
      <Execution ProcessID="3008" ThreadID="4340" />
      <Channel>Microsoft-Windows-Sysmon/Operational</Channel>
      <Computer>DESKTOP-U2U3HDH</Computer>
      <Security UserID="S-1-5-18" />
    </System>
    <EventData>
      <Data Name="RuleName">-</Data>
      <Data Name="UtcTime">2025-12-29 19:16:03.862</Data>
      <Data Name="ProcessGuid">{bdb1c22b-d360-6952-2c05-000000001700}</Data>
      <Data Name="ProcessId">4452</Data>
      <Data Name="Image">C:\Program Files\PowerShell\7\pwsh.exe</Data>
      <Data Name="TargetFilename">C:\Users\rizz\AppData\Local\Temp\tmp_p1g2eubk.tge</Data>
      <Data Name="CreationUtcTime">2025-12-29 19:16:03.862</Data>
      <Data Name="User">DESKTOP-U2U3HDH\rizz</Data>
    </EventData>
  </Event>
  <Event xmlns="http://schemas.microsoft.com/win/2004/08/events/event">
    <System>
      <Provider Name="Microsoft-Windows-Sysmon" Guid="{5770385f-c22a-43e0-bf4c-06f5698ffbd9}" />
      <EventID>11</EventID>
      <Version>2</Version>
      <Level>4</Level>
      <Task>11</Task>
      <Opcode>0</Opcode>
      <Keywords>0x8000000000000000</Keywords>
      <TimeCreated SystemTime="2025-12-29T19:16:05.1614767Z" />
      <EventRecordID>3861</EventRecordID>
      <Correlation />
      <Execution ProcessID="3008" ThreadID="4340" />
      <Channel>Microsoft-Windows-Sysmon/Operational</Channel>
      <Computer>DESKTOP-U2U3HDH</Computer>
      <Security UserID="S-1-5-18" />
    </System>
    <EventData>
      <Data Name="RuleName">-</Data>
      <Data Name="UtcTime">2025-12-29 19:16:05.151</Data>
      <Data Name="ProcessGuid">{bdb1c22b-d360-6952-2c05-000000001700}</Data>
      <Data Name="ProcessId">4452</Data>
      <Data Name="Image">C:\Program Files\PowerShell\7\pwsh.exe</Data>
      <Data Name="TargetFilename">C:\Users\rizz\AppData\Local\Microsoft\PowerShell\ModuleAnalysisCache-0C86AEE9</Data>
      <Data Name="CreationUtcTime">2025-12-15 07:06:03.741</Data>
      <Data Name="User">DESKTOP-U2U3HDH\rizz</Data>
    </EventData>
  </Event>
  <Event xmlns="http://schemas.microsoft.com/win/2004/08/events/event">
    <System>
      <Provider Name="Microsoft-Windows-Sysmon" Guid="{5770385f-c22a-43e0-bf4c-06f5698ffbd9}" />
      <EventID>11</EventID>
      <Version>2</Version>
      <Level>4</Level>
      <Task>11</Task>
      <Opcode>0</Opcode>
      <Keywords>0x8000000000000000</Keywords>
      <TimeCreated SystemTime="2025-12-29T19:16:07.9559805Z" />
      <EventRecordID>3862</EventRecordID>
      <Correlation />
      <Execution ProcessID="3008" ThreadID="4340" />
      <Channel>Microsoft-Windows-Sysmon/Operational</Channel>
      <Computer>DESKTOP-U2U3HDH</Computer>
      <Security UserID="S-1-5-18" />
    </System>
    <EventData>
      <Data Name="RuleName">-</Data>
      <Data Name="UtcTime">2025-12-29 19:16:07.948</Data>
      <Data Name="ProcessGuid">{bdb1c22b-d360-6952-2c05-000000001700}</Data>
      <Data Name="ProcessId">4452</Data>
      <Data Name="Image">C:\Program Files\PowerShell\7\pwsh.exe</Data>
      <Data Name="TargetFilename">C:\Users\rizz\AppData\Local\Temp\tmp_p1g2eubk.tge\remoteIpMoProxy_maliciouscmds_1.0_localhost_df0795f9-69b2-4c59-8f19-dde621393a8e.psm1</Data>
      <Data Name="CreationUtcTime">2025-12-29 19:16:07.948</Data>
      <Data Name="User">DESKTOP-U2U3HDH\rizz</Data>
    </EventData>
  </Event>
  <Event xmlns="http://schemas.microsoft.com/win/2004/08/events/event">
    <System>
      <Provider Name="Microsoft-Windows-Sysmon" Guid="{5770385f-c22a-43e0-bf4c-06f5698ffbd9}" />
      <EventID>11</EventID>
      <Version>2</Version>
      <Level>4</Level>
      <Task>11</Task>
      <Opcode>0</Opcode>
      <Keywords>0x8000000000000000</Keywords>
      <TimeCreated SystemTime="2025-12-29T19:16:07.9689361Z" />
      <EventRecordID>3863</EventRecordID>
      <Correlation />
      <Execution ProcessID="3008" ThreadID="4340" />
      <Channel>Microsoft-Windows-Sysmon/Operational</Channel>
      <Computer>DESKTOP-U2U3HDH</Computer>
      <Security UserID="S-1-5-18" />
    </System>
    <EventData>
      <Data Name="RuleName">-</Data>
      <Data Name="UtcTime">2025-12-29 19:16:07.967</Data>
      <Data Name="ProcessGuid">{bdb1c22b-d360-6952-2c05-000000001700}</Data>
      <Data Name="ProcessId">4452</Data>
      <Data Name="Image">C:\Program Files\PowerShell\7\pwsh.exe</Data>
      <Data Name="TargetFilename">C:\Users\rizz\AppData\Local\Temp\tmp_p1g2eubk.tge\remoteIpMoProxy_maliciouscmds_1.0_localhost_df0795f9-69b2-4c59-8f19-dde621393a8e.format.ps1xml</Data>
      <Data Name="CreationUtcTime">2025-12-29 19:16:07.967</Data>
      <Data Name="User">DESKTOP-U2U3HDH\rizz</Data>
    </EventData>
  </Event>
  <Event xmlns="http://schemas.microsoft.com/win/2004/08/events/event">
    <System>
      <Provider Name="Microsoft-Windows-Sysmon" Guid="{5770385f-c22a-43e0-bf4c-06f5698ffbd9}" />
      <EventID>11</EventID>
      <Version>2</Version>
      <Level>4</Level>
      <Task>11</Task>
      <Opcode>0</Opcode>
      <Keywords>0x8000000000000000</Keywords>
      <TimeCreated SystemTime="2025-12-29T19:16:07.9750174Z" />
      <EventRecordID>3864</EventRecordID>
      <Correlation />
      <Execution ProcessID="3008" ThreadID="4340" />
      <Channel>Microsoft-Windows-Sysmon/Operational</Channel>
      <Computer>DESKTOP-U2U3HDH</Computer>
      <Security UserID="S-1-5-18" />
    </System>
    <EventData>
      <Data Name="RuleName">-</Data>
      <Data Name="UtcTime">2025-12-29 19:16:07.967</Data>
      <Data Name="ProcessGuid">{bdb1c22b-d360-6952-2c05-000000001700}</Data>
      <Data Name="ProcessId">4452</Data>
      <Data Name="Image">C:\Program Files\PowerShell\7\pwsh.exe</Data>
      <Data Name="TargetFilename">C:\Users\rizz\AppData\Local\Temp\tmp_p1g2eubk.tge\remoteIpMoProxy_maliciouscmds_1.0_localhost_df0795f9-69b2-4c59-8f19-dde621393a8e.psd1</Data>
      <Data Name="CreationUtcTime">2025-12-29 19:16:07.967</Data>
      <Data Name="User">DESKTOP-U2U3HDH\rizz</Data>
    </EventData>
  </Event>
  <Event xmlns="http://schemas.microsoft.com/win/2004/08/events/event">
    <System>
      <Provider Name="Microsoft-Windows-Sysmon" Guid="{5770385f-c22a-43e0-bf4c-06f5698ffbd9}" />
      <EventID>11</EventID>
      <Version>2</Version>
      <Level>4</Level>
      <Task>11</Task>
      <Opcode>0</Opcode>
      <Keywords>0x8000000000000000</Keywords>
      <TimeCreated SystemTime="2025-12-29T19:16:08.0199568Z" />
      <EventRecordID>3865</EventRecordID>
      <Correlation />
      <Execution ProcessID="3008" ThreadID="4340" />
      <Channel>Microsoft-Windows-Sysmon/Operational</Channel>
      <Computer>DESKTOP-U2U3HDH</Computer>
      <Security UserID="S-1-5-18" />
    </System>
    <EventData>
      <Data Name="RuleName">-</Data>
      <Data Name="UtcTime">2025-12-29 19:16:08.011</Data>
      <Data Name="ProcessGuid">{bdb1c22b-d360-6952-2c05-000000001700}</Data>
      <Data Name="ProcessId">4452</Data>
      <Data Name="Image">C:\Program Files\PowerShell\7\pwsh.exe</Data>
      <Data Name="TargetFilename">C:\Users\rizz\AppData\Local\Temp\remoteIpMoProxy_maliciouscmds_1.0_localhost_df0795f9-69b2-4c59-8f19-dde621393a8e\remoteIpMoProxy_maliciouscmds_1.0_localhost_df0795f9-69b2-4c59-8f19-dde621393a8e.format.ps1xml</Data>
      <Data Name="CreationUtcTime">2025-12-29 19:16:08.011</Data>
      <Data Name="User">DESKTOP-U2U3HDH\rizz</Data>
    </EventData>
  </Event>
  <Event xmlns="http://schemas.microsoft.com/win/2004/08/events/event">
    <System>
      <Provider Name="Microsoft-Windows-Sysmon" Guid="{5770385f-c22a-43e0-bf4c-06f5698ffbd9}" />
      <EventID>11</EventID>
      <Version>2</Version>
      <Level>4</Level>
      <Task>11</Task>
      <Opcode>0</Opcode>
      <Keywords>0x8000000000000000</Keywords>
      <TimeCreated SystemTime="2025-12-29T19:16:08.0477085Z" />
      <EventRecordID>3867</EventRecordID>
      <Correlation />
      <Execution ProcessID="3008" ThreadID="4340" />
      <Channel>Microsoft-Windows-Sysmon/Operational</Channel>
      <Computer>DESKTOP-U2U3HDH</Computer>
      <Security UserID="S-1-5-18" />
    </System>
    <EventData>
      <Data Name="RuleName">-</Data>
      <Data Name="UtcTime">2025-12-29 19:16:08.026</Data>
      <Data Name="ProcessGuid">{bdb1c22b-d360-6952-2c05-000000001700}</Data>
      <Data Name="ProcessId">4452</Data>
      <Data Name="Image">C:\Program Files\PowerShell\7\pwsh.exe</Data>
      <Data Name="TargetFilename">C:\Users\rizz\AppData\Local\Temp\remoteIpMoProxy_maliciouscmds_1.0_localhost_df0795f9-69b2-4c59-8f19-dde621393a8e\remoteIpMoProxy_maliciouscmds_1.0_localhost_df0795f9-69b2-4c59-8f19-dde621393a8e.psd1</Data>
      <Data Name="CreationUtcTime">2025-12-29 19:16:08.026</Data>
      <Data Name="User">DESKTOP-U2U3HDH\rizz</Data>
    </EventData>
  </Event>
  <Event xmlns="http://schemas.microsoft.com/win/2004/08/events/event">
    <System>
      <Provider Name="Microsoft-Windows-Sysmon" Guid="{5770385f-c22a-43e0-bf4c-06f5698ffbd9}" />
      <EventID>11</EventID>
      <Version>2</Version>
      <Level>4</Level>
      <Task>11</Task>
      <Opcode>0</Opcode>
      <Keywords>0x8000000000000000</Keywords>
      <TimeCreated SystemTime="2025-12-29T19:16:08.0532095Z" />
      <EventRecordID>3868</EventRecordID>
      <Correlation />
      <Execution ProcessID="3008" ThreadID="4340" />
      <Channel>Microsoft-Windows-Sysmon/Operational</Channel>
      <Computer>DESKTOP-U2U3HDH</Computer>
      <Security UserID="S-1-5-18" />
    </System>
    <EventData>
      <Data Name="RuleName">-</Data>
      <Data Name="UtcTime">2025-12-29 19:16:08.026</Data>
      <Data Name="ProcessGuid">{bdb1c22b-d360-6952-2c05-000000001700}</Data>
      <Data Name="ProcessId">4452</Data>
      <Data Name="Image">C:\Program Files\PowerShell\7\pwsh.exe</Data>
      <Data Name="TargetFilename">C:\Users\rizz\AppData\Local\Temp\remoteIpMoProxy_maliciouscmds_1.0_localhost_df0795f9-69b2-4c59-8f19-dde621393a8e\remoteIpMoProxy_maliciouscmds_1.0_localhost_df0795f9-69b2-4c59-8f19-dde621393a8e.psm1</Data>
      <Data Name="CreationUtcTime">2025-12-29 19:16:08.026</Data>
      <Data Name="User">DESKTOP-U2U3HDH\rizz</Data>
    </EventData>
  </Event>
  <Event xmlns="http://schemas.microsoft.com/win/2004/08/events/event">
    <System>
      <Provider Name="Microsoft-Windows-Sysmon" Guid="{5770385f-c22a-43e0-bf4c-06f5698ffbd9}" />
      <EventID>11</EventID>
      <Version>2</Version>
      <Level>4</Level>
      <Task>11</Task>
      <Opcode>0</Opcode>
      <Keywords>0x8000000000000000</Keywords>
      <TimeCreated SystemTime="2025-12-29T19:16:09.4053820Z" />
      <EventRecordID>3875</EventRecordID>
      <Correlation />
      <Execution ProcessID="3008" ThreadID="4340" />
      <Channel>Microsoft-Windows-Sysmon/Operational</Channel>
      <Computer>DESKTOP-U2U3HDH</Computer>
      <Security UserID="S-1-5-18" />
    </System>
    <EventData>
      <Data Name="RuleName">-</Data>
      <Data Name="UtcTime">2025-12-29 19:16:09.401</Data>
      <Data Name="ProcessGuid">{bdb1c22b-d368-6952-2d05-000000001700}</Data>
      <Data Name="ProcessId">2672</Data>
      <Data Name="Image">C:\Windows\System32\WindowsPowerShell\v1.0\powershell.exe</Data>
      <Data Name="TargetFilename">C:\Users\rizz\AppData\Local\Temp\hyvy3xmw</Data>
      <Data Name="CreationUtcTime">2025-12-29 19:16:09.401</Data>
      <Data Name="User">DESKTOP-U2U3HDH\rizz</Data>
    </EventData>
  </Event>
  <Event xmlns="http://schemas.microsoft.com/win/2004/08/events/event">
    <System>
      <Provider Name="Microsoft-Windows-Sysmon" Guid="{5770385f-c22a-43e0-bf4c-06f5698ffbd9}" />
      <EventID>11</EventID>
      <Version>2</Version>
      <Level>4</Level>
      <Task>11</Task>
      <Opcode>0</Opcode>
      <Keywords>0x8000000000000000</Keywords>
      <TimeCreated SystemTime="2025-12-29T19:16:09.4069480Z" />
      <EventRecordID>3876</EventRecordID>
      <Correlation />
      <Execution ProcessID="3008" ThreadID="4340" />
      <Channel>Microsoft-Windows-Sysmon/Operational</Channel>
      <Computer>DESKTOP-U2U3HDH</Computer>
      <Security UserID="S-1-5-18" />
    </System>
    <EventData>
      <Data Name="RuleName">-</Data>
      <Data Name="UtcTime">2025-12-29 19:16:09.401</Data>
      <Data Name="ProcessGuid">{bdb1c22b-d368-6952-2d05-000000001700}</Data>
      <Data Name="ProcessId">2672</Data>
      <Data Name="Image">C:\Windows\System32\WindowsPowerShell\v1.0\powershell.exe</Data>
      <Data Name="TargetFilename">C:\Users\rizz\AppData\Local\Temp\hyvy3xmw\hyvy3xmw.tmp</Data>
      <Data Name="CreationUtcTime">2025-12-29 19:16:09.401</Data>
      <Data Name="User">DESKTOP-U2U3HDH\rizz</Data>
    </EventData>
  </Event>
  <Event xmlns="http://schemas.microsoft.com/win/2004/08/events/event">
    <System>
      <Provider Name="Microsoft-Windows-Sysmon" Guid="{5770385f-c22a-43e0-bf4c-06f5698ffbd9}" />
      <EventID>11</EventID>
      <Version>2</Version>
      <Level>4</Level>
      <Task>11</Task>
      <Opcode>0</Opcode>
      <Keywords>0x8000000000000000</Keywords>
      <TimeCreated SystemTime="2025-12-29T19:16:09.4072956Z" />
      <EventRecordID>3877</EventRecordID>
      <Correlation />
      <Execution ProcessID="3008" ThreadID="4340" />
      <Channel>Microsoft-Windows-Sysmon/Operational</Channel>
      <Computer>DESKTOP-U2U3HDH</Computer>
      <Security UserID="S-1-5-18" />
    </System>
    <EventData>
      <Data Name="RuleName">-</Data>
      <Data Name="UtcTime">2025-12-29 19:16:09.401</Data>
      <Data Name="ProcessGuid">{bdb1c22b-d368-6952-2d05-000000001700}</Data>
      <Data Name="ProcessId">2672</Data>
      <Data Name="Image">C:\Windows\System32\WindowsPowerShell\v1.0\powershell.exe</Data>
      <Data Name="TargetFilename">C:\Users\rizz\AppData\Local\Temp\hyvy3xmw\hyvy3xmw.0.cs</Data>
      <Data Name="CreationUtcTime">2025-12-29 19:16:09.401</Data>
      <Data Name="User">DESKTOP-U2U3HDH\rizz</Data>
    </EventData>
  </Event>
  <Event xmlns="http://schemas.microsoft.com/win/2004/08/events/event">
    <System>
      <Provider Name="Microsoft-Windows-Sysmon" Guid="{5770385f-c22a-43e0-bf4c-06f5698ffbd9}" />
      <EventID>11</EventID>
      <Version>2</Version>
      <Level>4</Level>
      <Task>11</Task>
      <Opcode>0</Opcode>
      <Keywords>0x8000000000000000</Keywords>
      <TimeCreated SystemTime="2025-12-29T19:16:09.4088081Z" />
      <EventRecordID>3878</EventRecordID>
      <Correlation />
      <Execution ProcessID="3008" ThreadID="4340" />
      <Channel>Microsoft-Windows-Sysmon/Operational</Channel>
      <Computer>DESKTOP-U2U3HDH</Computer>
      <Security UserID="S-1-5-18" />
    </System>
    <EventData>
      <Data Name="RuleName">-</Data>
      <Data Name="UtcTime">2025-12-29 19:16:09.401</Data>
      <Data Name="ProcessGuid">{bdb1c22b-d368-6952-2d05-000000001700}</Data>
      <Data Name="ProcessId">2672</Data>
      <Data Name="Image">C:\Windows\System32\WindowsPowerShell\v1.0\powershell.exe</Data>
      <Data Name="TargetFilename">C:\Users\rizz\AppData\Local\Temp\hyvy3xmw\hyvy3xmw.dll</Data>
      <Data Name="CreationUtcTime">2025-12-29 19:16:09.401</Data>
      <Data Name="User">DESKTOP-U2U3HDH\rizz</Data>
    </EventData>
  </Event>
  <Event xmlns="http://schemas.microsoft.com/win/2004/08/events/event">
    <System>
      <Provider Name="Microsoft-Windows-Sysmon" Guid="{5770385f-c22a-43e0-bf4c-06f5698ffbd9}" />
      <EventID>11</EventID>
      <Version>2</Version>
      <Level>4</Level>
      <Task>11</Task>
      <Opcode>0</Opcode>
      <Keywords>0x8000000000000000</Keywords>
      <TimeCreated SystemTime="2025-12-29T19:16:09.4091916Z" />
      <EventRecordID>3879</EventRecordID>
      <Correlation />
      <Execution ProcessID="3008" ThreadID="4340" />
      <Channel>Microsoft-Windows-Sysmon/Operational</Channel>
      <Computer>DESKTOP-U2U3HDH</Computer>
      <Security UserID="S-1-5-18" />
    </System>
    <EventData>
      <Data Name="RuleName">-</Data>
      <Data Name="UtcTime">2025-12-29 19:16:09.401</Data>
      <Data Name="ProcessGuid">{bdb1c22b-d368-6952-2d05-000000001700}</Data>
      <Data Name="ProcessId">2672</Data>
      <Data Name="Image">C:\Windows\System32\WindowsPowerShell\v1.0\powershell.exe</Data>
      <Data Name="TargetFilename">C:\Users\rizz\AppData\Local\Temp\hyvy3xmw\hyvy3xmw.cmdline</Data>
      <Data Name="CreationUtcTime">2025-12-29 19:16:09.401</Data>
      <Data Name="User">DESKTOP-U2U3HDH\rizz</Data>
    </EventData>
  </Event>
  <Event xmlns="http://schemas.microsoft.com/win/2004/08/events/event">
    <System>
      <Provider Name="Microsoft-Windows-Sysmon" Guid="{5770385f-c22a-43e0-bf4c-06f5698ffbd9}" />
      <EventID>11</EventID>
      <Version>2</Version>
      <Level>4</Level>
      <Task>11</Task>
      <Opcode>0</Opcode>
      <Keywords>0x8000000000000000</Keywords>
      <TimeCreated SystemTime="2025-12-29T19:16:09.4110817Z" />
      <EventRecordID>3880</EventRecordID>
      <Correlation />
      <Execution ProcessID="3008" ThreadID="4340" />
      <Channel>Microsoft-Windows-Sysmon/Operational</Channel>
      <Computer>DESKTOP-U2U3HDH</Computer>
      <Security UserID="S-1-5-18" />
    </System>
    <EventData>
      <Data Name="RuleName">-</Data>
      <Data Name="UtcTime">2025-12-29 19:16:09.401</Data>
      <Data Name="ProcessGuid">{bdb1c22b-d368-6952-2d05-000000001700}</Data>
      <Data Name="ProcessId">2672</Data>
      <Data Name="Image">C:\Windows\System32\WindowsPowerShell\v1.0\powershell.exe</Data>
      <Data Name="TargetFilename">C:\Users\rizz\AppData\Local\Temp\hyvy3xmw\hyvy3xmw.out</Data>
      <Data Name="CreationUtcTime">2025-12-29 19:16:09.401</Data>
      <Data Name="User">DESKTOP-U2U3HDH\rizz</Data>
    </EventData>
  </Event>
  <Event xmlns="http://schemas.microsoft.com/win/2004/08/events/event">
    <System>
      <Provider Name="Microsoft-Windows-Sysmon" Guid="{5770385f-c22a-43e0-bf4c-06f5698ffbd9}" />
      <EventID>11</EventID>
      <Version>2</Version>
      <Level>4</Level>
      <Task>11</Task>
      <Opcode>0</Opcode>
      <Keywords>0x8000000000000000</Keywords>
      <TimeCreated SystemTime="2025-12-29T19:16:09.4114951Z" />
      <EventRecordID>3881</EventRecordID>
      <Correlation />
      <Execution ProcessID="3008" ThreadID="4340" />
      <Channel>Microsoft-Windows-Sysmon/Operational</Channel>
      <Computer>DESKTOP-U2U3HDH</Computer>
      <Security UserID="S-1-5-18" />
    </System>
    <EventData>
      <Data Name="RuleName">-</Data>
      <Data Name="UtcTime">2025-12-29 19:16:09.401</Data>
      <Data Name="ProcessGuid">{bdb1c22b-d368-6952-2d05-000000001700}</Data>
      <Data Name="ProcessId">2672</Data>
      <Data Name="Image">C:\Windows\System32\WindowsPowerShell\v1.0\powershell.exe</Data>
      <Data Name="TargetFilename">C:\Users\rizz\AppData\Local\Temp\hyvy3xmw\hyvy3xmw.err</Data>
      <Data Name="CreationUtcTime">2025-12-29 19:16:09.401</Data>
      <Data Name="User">DESKTOP-U2U3HDH\rizz</Data>
    </EventData>
  </Event>
  <Event xmlns="http://schemas.microsoft.com/win/2004/08/events/event">
    <System>
      <Provider Name="Microsoft-Windows-Sysmon" Guid="{5770385f-c22a-43e0-bf4c-06f5698ffbd9}" />
      <EventID>13</EventID>
      <Version>2</Version>
      <Level>4</Level>
      <Task>13</Task>
      <Opcode>0</Opcode>
      <Keywords>0x8000000000000000</Keywords>
      <TimeCreated SystemTime="2025-12-29T19:16:12.0647184Z" />
      <EventRecordID>3989</EventRecordID>
      <Correlation />
      <Execution ProcessID="3008" ThreadID="4340" />
      <Channel>Microsoft-Windows-Sysmon/Operational</Channel>
      <Computer>DESKTOP-U2U3HDH</Computer>
      <Security UserID="S-1-5-18" />
    </System>
    <EventData>
      <Data Name="RuleName">-</Data>
      <Data Name="EventType">SetValue</Data>
      <Data Name="UtcTime">2025-12-29 19:16:12.058</Data>
      <Data Name="ProcessGuid">{bdb1c22b-d368-6952-2d05-000000001700}</Data>
      <Data Name="ProcessId">2672</Data>
      <Data Name="Image">C:\Windows\System32\WindowsPowerShell\v1.0\powershell.exe</Data>
      <Data Name="TargetObject">HKLM\SAM\SAM\Domains\Account\Users\000001F5\F</Data>
      <Data Name="Details">Binary Data</Data>
      <Data Name="User">DESKTOP-U2U3HDH\rizz</Data>
    </EventData>
  </Event>
</root>