<root>
  <Event xmlns="http://schemas.microsoft.com/win/2004/08/events/event">
    <System>
      <Provider Name="Microsoft-Windows-Sysmon" Guid="{5770385f-c22a-43e0-bf4c-06f5698ffbd9}" />
      <EventID>1</EventID>
      <Version>5</Version>
      <Level>4</Level>
      <Task>1</Task>
      <Opcode>0</Opcode>
      <Keywords>0x8000000000000000</Keywords>
      <TimeCreated SystemTime="2025-12-31T07:23:28.1639605Z" />
      <EventRecordID>3581</EventRecordID>
      <Correlation />
      <Execution ProcessID="5088" ThreadID="1536" />
      <Channel>Microsoft-Windows-Sysmon/Operational</Channel>
      <Computer>DESKTOP-U2U3HDH</Computer>
      <Security UserID="S-1-5-18" />
    </System>
    <EventData>
      <Data Name="RuleName">-</Data>
      <Data Name="UtcTime">2025-12-31 07:23:28.122</Data>
      <Data Name="ProcessGuid">{bdb1c22b-cf70-6954-2c05-000000001700}</Data>
      <Data Name="ProcessId">3400</Data>
      <Data Name="Image">C:\Program Files\PowerShell\7\pwsh.exe</Data>
      <Data Name="FileVersion">7.5.4.500</Data>
      <Data Name="Description">PowerShell 7</Data>
      <Data Name="Product">PowerShell</Data>
      <Data Name="Company">Microsoft Corporation</Data>
      <Data Name="OriginalFileName">pwsh.dll</Data>
      <Data Name="CommandLine">"pwsh" -NonInteractive -File "C:\ProgramData\psandman\inputs\example_192_generated_openai.ps1"</Data>
      <Data Name="CurrentDirectory">C:\Windows\system32\</Data>
      <Data Name="User">DESKTOP-U2U3HDH\rizz</Data>
      <Data Name="LogonGuid">{bdb1c22b-cf24-6954-217c-160000000000}</Data>
      <Data Name="LogonId">0x167c21</Data>
      <Data Name="TerminalSessionId">0</Data>
      <Data Name="IntegrityLevel">High</Data>
      <Data Name="Hashes">SHA1=97C1583FAD2DE5B1ED2AEAD21B938FBF6E946DAF,MD5=77D8EFAF7D34FE7B6974A448CF541FF2,SHA256=A7AD362B22E0E289772CCCF78C7AF3B99E32F3084E675392E4A9FFDDF380BF05,IMPHASH=7A8C872F8E13D32F36A675B52EDA1D6E</Data>
      <Data Name="ParentProcessGuid">{bdb1c22b-cf4a-6954-1a05-000000001700}</Data>
      <Data Name="ParentProcessId">4984</Data>
      <Data Name="ParentImage">C:\Program Files\PowerShell\7\pwsh.exe</Data>
      <Data Name="ParentCommandLine">"C:\Program Files\PowerShell\7\pwsh.exe" -NoProfile -ExecutionPolicy Bypass -Command "&amp; C:/ProgramData/psandman/exec-analysis-scripts.ps1 example_192_generated_openai.ps1"</Data>
      <Data Name="ParentUser">DESKTOP-U2U3HDH\rizz</Data>
    </EventData>
  </Event>
  <Event xmlns="http://schemas.microsoft.com/win/2004/08/events/event">
    <System>
      <Provider Name="Microsoft-Windows-Sysmon" Guid="{5770385f-c22a-43e0-bf4c-06f5698ffbd9}" />
      <EventID>11</EventID>
      <Version>2</Version>
      <Level>4</Level>
      <Task>11</Task>
      <Opcode>0</Opcode>
      <Keywords>0x8000000000000000</Keywords>
      <TimeCreated SystemTime="2025-12-31T07:23:31.3468360Z" />
      <EventRecordID>3660</EventRecordID>
      <Correlation />
      <Execution ProcessID="5088" ThreadID="1536" />
      <Channel>Microsoft-Windows-Sysmon/Operational</Channel>
      <Computer>DESKTOP-U2U3HDH</Computer>
      <Security UserID="S-1-5-18" />
    </System>
    <EventData>
      <Data Name="RuleName">-</Data>
      <Data Name="UtcTime">2025-12-31 07:23:31.317</Data>
      <Data Name="ProcessGuid">{bdb1c22b-cf70-6954-2c05-000000001700}</Data>
      <Data Name="ProcessId">3400</Data>
      <Data Name="Image">C:\Program Files\PowerShell\7\pwsh.exe</Data>
      <Data Name="TargetFilename">C:\Users\rizz\AppData\Local\Temp\__PSScriptPolicyTest_2v1ykxex.rh1.ps1</Data>
      <Data Name="CreationUtcTime">2025-12-31 07:23:31.317</Data>
      <Data Name="User">DESKTOP-U2U3HDH\rizz</Data>
    </EventData>
  </Event>
  <Event xmlns="http://schemas.microsoft.com/win/2004/08/events/event">
    <System>
      <Provider Name="Microsoft-Windows-Sysmon" Guid="{5770385f-c22a-43e0-bf4c-06f5698ffbd9}" />
      <EventID>11</EventID>
      <Version>2</Version>
      <Level>4</Level>
      <Task>11</Task>
      <Opcode>0</Opcode>
      <Keywords>0x8000000000000000</Keywords>
      <TimeCreated SystemTime="2025-12-31T07:23:31.3489187Z" />
      <EventRecordID>3661</EventRecordID>
      <Correlation />
      <Execution ProcessID="5088" ThreadID="1536" />
      <Channel>Microsoft-Windows-Sysmon/Operational</Channel>
      <Computer>DESKTOP-U2U3HDH</Computer>
      <Security UserID="S-1-5-18" />
    </System>
    <EventData>
      <Data Name="RuleName">-</Data>
      <Data Name="UtcTime">2025-12-31 07:23:31.317</Data>
      <Data Name="ProcessGuid">{bdb1c22b-cf70-6954-2c05-000000001700}</Data>
      <Data Name="ProcessId">3400</Data>
      <Data Name="Image">C:\Program Files\PowerShell\7\pwsh.exe</Data>
      <Data Name="TargetFilename">C:\Users\rizz\AppData\Local\Temp\__PSScriptPolicyTest_kh322x4w.wot.psm1</Data>
      <Data Name="CreationUtcTime">2025-12-31 07:23:31.317</Data>
      <Data Name="User">DESKTOP-U2U3HDH\rizz</Data>
    </EventData>
  </Event>
  <Event xmlns="http://schemas.microsoft.com/win/2004/08/events/event">
    <System>
      <Provider Name="Microsoft-Windows-Sysmon" Guid="{5770385f-c22a-43e0-bf4c-06f5698ffbd9}" />
      <EventID>11</EventID>
      <Version>2</Version>
      <Level>4</Level>
      <Task>11</Task>
      <Opcode>0</Opcode>
      <Keywords>0x8000000000000000</Keywords>
      <TimeCreated SystemTime="2025-12-31T07:23:36.6063720Z" />
      <EventRecordID>3753</EventRecordID>
      <Correlation />
      <Execution ProcessID="5088" ThreadID="1536" />
      <Channel>Microsoft-Windows-Sysmon/Operational</Channel>
      <Computer>DESKTOP-U2U3HDH</Computer>
      <Security UserID="S-1-5-18" />
    </System>
    <EventData>
      <Data Name="RuleName">-</Data>
      <Data Name="UtcTime">2025-12-31 07:23:36.583</Data>
      <Data Name="ProcessGuid">{bdb1c22b-cf70-6954-2c05-000000001700}</Data>
      <Data Name="ProcessId">3400</Data>
      <Data Name="Image">C:\Program Files\PowerShell\7\pwsh.exe</Data>
      <Data Name="TargetFilename">C:\Users\rizz\AppData\Local\Temp\mimikatz</Data>
      <Data Name="CreationUtcTime">2025-12-31 07:23:36.583</Data>
      <Data Name="User">DESKTOP-U2U3HDH\rizz</Data>
    </EventData>
  </Event>
  <Event xmlns="http://schemas.microsoft.com/win/2004/08/events/event">
    <System>
      <Provider Name="Microsoft-Windows-Sysmon" Guid="{5770385f-c22a-43e0-bf4c-06f5698ffbd9}" />
      <EventID>22</EventID>
      <Version>5</Version>
      <Level>4</Level>
      <Task>22</Task>
      <Opcode>0</Opcode>
      <Keywords>0x8000000000000000</Keywords>
      <TimeCreated SystemTime="2025-12-31T07:23:36.7401898Z" />
      <EventRecordID>3754</EventRecordID>
      <Correlation />
      <Execution ProcessID="5088" ThreadID="2508" />
      <Channel>Microsoft-Windows-Sysmon/Operational</Channel>
      <Computer>DESKTOP-U2U3HDH</Computer>
      <Security UserID="S-1-5-18" />
    </System>
    <EventData>
      <Data Name="RuleName">-</Data>
      <Data Name="UtcTime">2025-12-31 07:23:34.727</Data>
      <Data Name="ProcessGuid">{bdb1c22b-cf70-6954-2c05-000000001700}</Data>
      <Data Name="ProcessId">3400</Data>
      <Data Name="QueryName">github.com</Data>
      <Data Name="QueryStatus">9701</Data>
      <Data Name="QueryResults">-</Data>
      <Data Name="Image">C:\Program Files\PowerShell\7\pwsh.exe</Data>
      <Data Name="User">DESKTOP-U2U3HDH\rizz</Data>
    </EventData>
  </Event>
  <Event xmlns="http://schemas.microsoft.com/win/2004/08/events/event">
    <System>
      <Provider Name="Microsoft-Windows-Sysmon" Guid="{5770385f-c22a-43e0-bf4c-06f5698ffbd9}" />
      <EventID>11</EventID>
      <Version>2</Version>
      <Level>4</Level>
      <Task>11</Task>
      <Opcode>0</Opcode>
      <Keywords>0x8000000000000000</Keywords>
      <TimeCreated SystemTime="2025-12-31T07:23:36.8330227Z" />
      <EventRecordID>3756</EventRecordID>
      <Correlation />
      <Execution ProcessID="5088" ThreadID="1536" />
      <Channel>Microsoft-Windows-Sysmon/Operational</Channel>
      <Computer>DESKTOP-U2U3HDH</Computer>
      <Security UserID="S-1-5-18" />
    </System>
    <EventData>
      <Data Name="RuleName">-</Data>
      <Data Name="UtcTime">2025-12-31 07:23:36.817</Data>
      <Data Name="ProcessGuid">{bdb1c22b-cf70-6954-2c05-000000001700}</Data>
      <Data Name="ProcessId">3400</Data>
      <Data Name="Image">C:\Program Files\PowerShell\7\pwsh.exe</Data>
      <Data Name="TargetFilename">C:\Users\rizz\AppData\Local\Microsoft\PowerShell\StartupProfileData-NonInteractive</Data>
      <Data Name="CreationUtcTime">2025-12-14 17:54:33.280</Data>
      <Data Name="User">DESKTOP-U2U3HDH\rizz</Data>
    </EventData>
  </Event>
</root>