<root>
  <Event xmlns="http://schemas.microsoft.com/win/2004/08/events/event">
    <System>
      <Provider Name="Microsoft-Windows-Sysmon" Guid="{5770385f-c22a-43e0-bf4c-06f5698ffbd9}" />
      <EventID>1</EventID>
      <Version>5</Version>
      <Level>4</Level>
      <Task>1</Task>
      <Opcode>0</Opcode>
      <Keywords>0x8000000000000000</Keywords>
      <TimeCreated SystemTime="2025-12-30T08:09:57.9137041Z" />
      <EventRecordID>3546</EventRecordID>
      <Correlation />
      <Execution ProcessID="2460" ThreadID="4312" />
      <Channel>Microsoft-Windows-Sysmon/Operational</Channel>
      <Computer>DESKTOP-U2U3HDH</Computer>
      <Security UserID="S-1-5-18" />
    </System>
    <EventData>
      <Data Name="RuleName">-</Data>
      <Data Name="UtcTime">2025-12-30 08:09:57.866</Data>
      <Data Name="ProcessGuid">{bdb1c22b-88d5-6953-2805-000000001700}</Data>
      <Data Name="ProcessId">3184</Data>
      <Data Name="Image">C:\Program Files\PowerShell\7\pwsh.exe</Data>
      <Data Name="FileVersion">7.5.4.500</Data>
      <Data Name="Description">PowerShell 7</Data>
      <Data Name="Product">PowerShell</Data>
      <Data Name="Company">Microsoft Corporation</Data>
      <Data Name="OriginalFileName">pwsh.dll</Data>
      <Data Name="CommandLine">"pwsh" -NonInteractive -File "C:\ProgramData\psandman\inputs\example_220_generated.ps1"</Data>
      <Data Name="CurrentDirectory">C:\Windows\system32\</Data>
      <Data Name="User">DESKTOP-U2U3HDH\rizz</Data>
      <Data Name="LogonGuid">{bdb1c22b-88af-6953-eb09-160000000000}</Data>
      <Data Name="LogonId">0x1609eb</Data>
      <Data Name="TerminalSessionId">0</Data>
      <Data Name="IntegrityLevel">High</Data>
      <Data Name="Hashes">SHA1=97C1583FAD2DE5B1ED2AEAD21B938FBF6E946DAF,MD5=77D8EFAF7D34FE7B6974A448CF541FF2,SHA256=A7AD362B22E0E289772CCCF78C7AF3B99E32F3084E675392E4A9FFDDF380BF05,IMPHASH=7A8C872F8E13D32F36A675B52EDA1D6E</Data>
      <Data Name="ParentProcessGuid">{bdb1c22b-88af-6953-1605-000000001700}</Data>
      <Data Name="ParentProcessId">2516</Data>
      <Data Name="ParentImage">C:\Program Files\PowerShell\7\pwsh.exe</Data>
      <Data Name="ParentCommandLine">"C:\Program Files\PowerShell\7\pwsh.exe" -NoProfile -ExecutionPolicy Bypass -Command "&amp; C:/ProgramData/psandman/exec-analysis-scripts.ps1 example_220_generated.ps1"</Data>
      <Data Name="ParentUser">DESKTOP-U2U3HDH\rizz</Data>
    </EventData>
  </Event>
  <Event xmlns="http://schemas.microsoft.com/win/2004/08/events/event">
    <System>
      <Provider Name="Microsoft-Windows-Sysmon" Guid="{5770385f-c22a-43e0-bf4c-06f5698ffbd9}" />
      <EventID>11</EventID>
      <Version>2</Version>
      <Level>4</Level>
      <Task>11</Task>
      <Opcode>0</Opcode>
      <Keywords>0x8000000000000000</Keywords>
      <TimeCreated SystemTime="2025-12-30T08:10:01.3969482Z" />
      <EventRecordID>3624</EventRecordID>
      <Correlation />
      <Execution ProcessID="2460" ThreadID="4312" />
      <Channel>Microsoft-Windows-Sysmon/Operational</Channel>
      <Computer>DESKTOP-U2U3HDH</Computer>
      <Security UserID="S-1-5-18" />
    </System>
    <EventData>
      <Data Name="RuleName">-</Data>
      <Data Name="UtcTime">2025-12-30 08:10:01.370</Data>
      <Data Name="ProcessGuid">{bdb1c22b-88d5-6953-2805-000000001700}</Data>
      <Data Name="ProcessId">3184</Data>
      <Data Name="Image">C:\Program Files\PowerShell\7\pwsh.exe</Data>
      <Data Name="TargetFilename">C:\Users\rizz\AppData\Local\Temp\__PSScriptPolicyTest_yphfmd4t.ctj.ps1</Data>
      <Data Name="CreationUtcTime">2025-12-30 08:10:01.370</Data>
      <Data Name="User">DESKTOP-U2U3HDH\rizz</Data>
    </EventData>
  </Event>
  <Event xmlns="http://schemas.microsoft.com/win/2004/08/events/event">
    <System>
      <Provider Name="Microsoft-Windows-Sysmon" Guid="{5770385f-c22a-43e0-bf4c-06f5698ffbd9}" />
      <EventID>11</EventID>
      <Version>2</Version>
      <Level>4</Level>
      <Task>11</Task>
      <Opcode>0</Opcode>
      <Keywords>0x8000000000000000</Keywords>
      <TimeCreated SystemTime="2025-12-30T08:10:01.3985812Z" />
      <EventRecordID>3625</EventRecordID>
      <Correlation />
      <Execution ProcessID="2460" ThreadID="4312" />
      <Channel>Microsoft-Windows-Sysmon/Operational</Channel>
      <Computer>DESKTOP-U2U3HDH</Computer>
      <Security UserID="S-1-5-18" />
    </System>
    <EventData>
      <Data Name="RuleName">-</Data>
      <Data Name="UtcTime">2025-12-30 08:10:01.370</Data>
      <Data Name="ProcessGuid">{bdb1c22b-88d5-6953-2805-000000001700}</Data>
      <Data Name="ProcessId">3184</Data>
      <Data Name="Image">C:\Program Files\PowerShell\7\pwsh.exe</Data>
      <Data Name="TargetFilename">C:\Users\rizz\AppData\Local\Temp\__PSScriptPolicyTest_ouyjfsor.2a4.psm1</Data>
      <Data Name="CreationUtcTime">2025-12-30 08:10:01.370</Data>
      <Data Name="User">DESKTOP-U2U3HDH\rizz</Data>
    </EventData>
  </Event>
  <Event xmlns="http://schemas.microsoft.com/win/2004/08/events/event">
    <System>
      <Provider Name="Microsoft-Windows-Sysmon" Guid="{5770385f-c22a-43e0-bf4c-06f5698ffbd9}" />
      <EventID>11</EventID>
      <Version>2</Version>
      <Level>4</Level>
      <Task>11</Task>
      <Opcode>0</Opcode>
      <Keywords>0x8000000000000000</Keywords>
      <TimeCreated SystemTime="2025-12-30T08:10:04.0246077Z" />
      <EventRecordID>3688</EventRecordID>
      <Correlation />
      <Execution ProcessID="2460" ThreadID="4312" />
      <Channel>Microsoft-Windows-Sysmon/Operational</Channel>
      <Computer>DESKTOP-U2U3HDH</Computer>
      <Security UserID="S-1-5-18" />
    </System>
    <EventData>
      <Data Name="RuleName">-</Data>
      <Data Name="UtcTime">2025-12-30 08:10:03.954</Data>
      <Data Name="ProcessGuid">{bdb1c22b-88d5-6953-2805-000000001700}</Data>
      <Data Name="ProcessId">3184</Data>
      <Data Name="Image">C:\Program Files\PowerShell\7\pwsh.exe</Data>
      <Data Name="TargetFilename">C:\Users\rizz\AppData\Local\Microsoft\PowerShell\StartupProfileData-NonInteractive</Data>
      <Data Name="CreationUtcTime">2025-12-14 17:54:33.280</Data>
      <Data Name="User">DESKTOP-U2U3HDH\rizz</Data>
    </EventData>
  </Event>
</root>