<root>
  <Event xmlns="http://schemas.microsoft.com/win/2004/08/events/event">
    <System>
      <Provider Name="Microsoft-Windows-Sysmon" Guid="{5770385f-c22a-43e0-bf4c-06f5698ffbd9}" />
      <EventID>1</EventID>
      <Version>5</Version>
      <Level>4</Level>
      <Task>1</Task>
      <Opcode>0</Opcode>
      <Keywords>0x8000000000000000</Keywords>
      <TimeCreated SystemTime="2026-01-05T11:37:56.8655935Z" />
      <EventRecordID>3551</EventRecordID>
      <Correlation />
      <Execution ProcessID="4148" ThreadID="3772" />
      <Channel>Microsoft-Windows-Sysmon/Operational</Channel>
      <Computer>DESKTOP-U2U3HDH</Computer>
      <Security UserID="S-1-5-18" />
    </System>
    <EventData>
      <Data Name="RuleName">-</Data>
      <Data Name="UtcTime">2026-01-05 11:37:56.754</Data>
      <Data Name="ProcessGuid">{bdb1c22b-a294-695b-3105-000000001700}</Data>
      <Data Name="ProcessId">1416</Data>
      <Data Name="Image">C:\Program Files\PowerShell\7\pwsh.exe</Data>
      <Data Name="FileVersion">7.5.4.500</Data>
      <Data Name="Description">PowerShell 7</Data>
      <Data Name="Product">PowerShell</Data>
      <Data Name="Company">Microsoft Corporation</Data>
      <Data Name="OriginalFileName">pwsh.dll</Data>
      <Data Name="CommandLine">"pwsh" -NonInteractive -File "C:\ProgramData\psandman\inputs\example_1460_generated_train_openai.ps1"</Data>
      <Data Name="CurrentDirectory">C:\Windows\system32\</Data>
      <Data Name="User">DESKTOP-U2U3HDH\rizz</Data>
      <Data Name="LogonGuid">{bdb1c22b-a246-695b-03af-150000000000}</Data>
      <Data Name="LogonId">0x15af03</Data>
      <Data Name="TerminalSessionId">0</Data>
      <Data Name="IntegrityLevel">High</Data>
      <Data Name="Hashes">SHA1=97C1583FAD2DE5B1ED2AEAD21B938FBF6E946DAF,MD5=77D8EFAF7D34FE7B6974A448CF541FF2,SHA256=A7AD362B22E0E289772CCCF78C7AF3B99E32F3084E675392E4A9FFDDF380BF05,IMPHASH=7A8C872F8E13D32F36A675B52EDA1D6E</Data>
      <Data Name="ParentProcessGuid">{bdb1c22b-a267-695b-1d05-000000001700}</Data>
      <Data Name="ParentProcessId">1900</Data>
      <Data Name="ParentImage">C:\Program Files\PowerShell\7\pwsh.exe</Data>
      <Data Name="ParentCommandLine">"C:\Program Files\PowerShell\7\pwsh.exe" -NoProfile -ExecutionPolicy Bypass -Command "&amp; C:/ProgramData/psandman/exec-analysis-scripts.ps1 example_1460_generated_train_openai.ps1"</Data>
      <Data Name="ParentUser">DESKTOP-U2U3HDH\rizz</Data>
    </EventData>
  </Event>
  <Event xmlns="http://schemas.microsoft.com/win/2004/08/events/event">
    <System>
      <Provider Name="Microsoft-Windows-Sysmon" Guid="{5770385f-c22a-43e0-bf4c-06f5698ffbd9}" />
      <EventID>11</EventID>
      <Version>2</Version>
      <Level>4</Level>
      <Task>11</Task>
      <Opcode>0</Opcode>
      <Keywords>0x8000000000000000</Keywords>
      <TimeCreated SystemTime="2026-01-05T11:38:01.0187459Z" />
      <EventRecordID>3635</EventRecordID>
      <Correlation />
      <Execution ProcessID="4148" ThreadID="3772" />
      <Channel>Microsoft-Windows-Sysmon/Operational</Channel>
      <Computer>DESKTOP-U2U3HDH</Computer>
      <Security UserID="S-1-5-18" />
    </System>
    <EventData>
      <Data Name="RuleName">-</Data>
      <Data Name="UtcTime">2026-01-05 11:38:00.998</Data>
      <Data Name="ProcessGuid">{bdb1c22b-a294-695b-3105-000000001700}</Data>
      <Data Name="ProcessId">1416</Data>
      <Data Name="Image">C:\Program Files\PowerShell\7\pwsh.exe</Data>
      <Data Name="TargetFilename">C:\Users\rizz\AppData\Local\Temp\__PSScriptPolicyTest_b4smnftw.5yu.ps1</Data>
      <Data Name="CreationUtcTime">2026-01-05 11:38:00.998</Data>
      <Data Name="User">DESKTOP-U2U3HDH\rizz</Data>
    </EventData>
  </Event>
  <Event xmlns="http://schemas.microsoft.com/win/2004/08/events/event">
    <System>
      <Provider Name="Microsoft-Windows-Sysmon" Guid="{5770385f-c22a-43e0-bf4c-06f5698ffbd9}" />
      <EventID>11</EventID>
      <Version>2</Version>
      <Level>4</Level>
      <Task>11</Task>
      <Opcode>0</Opcode>
      <Keywords>0x8000000000000000</Keywords>
      <TimeCreated SystemTime="2026-01-05T11:38:01.0208165Z" />
      <EventRecordID>3636</EventRecordID>
      <Correlation />
      <Execution ProcessID="4148" ThreadID="3772" />
      <Channel>Microsoft-Windows-Sysmon/Operational</Channel>
      <Computer>DESKTOP-U2U3HDH</Computer>
      <Security UserID="S-1-5-18" />
    </System>
    <EventData>
      <Data Name="RuleName">-</Data>
      <Data Name="UtcTime">2026-01-05 11:38:00.998</Data>
      <Data Name="ProcessGuid">{bdb1c22b-a294-695b-3105-000000001700}</Data>
      <Data Name="ProcessId">1416</Data>
      <Data Name="Image">C:\Program Files\PowerShell\7\pwsh.exe</Data>
      <Data Name="TargetFilename">C:\Users\rizz\AppData\Local\Temp\__PSScriptPolicyTest_iaujldsu.0v2.psm1</Data>
      <Data Name="CreationUtcTime">2026-01-05 11:38:00.998</Data>
      <Data Name="User">DESKTOP-U2U3HDH\rizz</Data>
    </EventData>
  </Event>
  <Event xmlns="http://schemas.microsoft.com/win/2004/08/events/event">
    <System>
      <Provider Name="Microsoft-Windows-Sysmon" Guid="{5770385f-c22a-43e0-bf4c-06f5698ffbd9}" />
      <EventID>1</EventID>
      <Version>5</Version>
      <Level>4</Level>
      <Task>1</Task>
      <Opcode>0</Opcode>
      <Keywords>0x8000000000000000</Keywords>
      <TimeCreated SystemTime="2026-01-05T11:38:03.1374163Z" />
      <EventRecordID>3697</EventRecordID>
      <Correlation />
      <Execution ProcessID="4148" ThreadID="3772" />
      <Channel>Microsoft-Windows-Sysmon/Operational</Channel>
      <Computer>DESKTOP-U2U3HDH</Computer>
      <Security UserID="S-1-5-18" />
    </System>
    <EventData>
      <Data Name="RuleName">-</Data>
      <Data Name="UtcTime">2026-01-05 11:38:03.100</Data>
      <Data Name="ProcessGuid">{bdb1c22b-a29b-695b-3205-000000001700}</Data>
      <Data Name="ProcessId">3272</Data>
      <Data Name="Image">C:\mimikatz\x64\mimikatz.exe</Data>
      <Data Name="FileVersion">2.2.0.0</Data>
      <Data Name="Description">mimikatz for Windows</Data>
      <Data Name="Product">mimikatz</Data>
      <Data Name="Company">gentilkiwi (Benjamin DELPY)</Data>
      <Data Name="OriginalFileName">mimikatz.exe</Data>
      <Data Name="CommandLine">"C:\mimikatz\x64\mimikatz.exe" sekurlsa::dpapi</Data>
      <Data Name="CurrentDirectory">C:\Windows\System32\</Data>
      <Data Name="User">DESKTOP-U2U3HDH\rizz</Data>
      <Data Name="LogonGuid">{bdb1c22b-a246-695b-03af-150000000000}</Data>
      <Data Name="LogonId">0x15af03</Data>
      <Data Name="TerminalSessionId">0</Data>
      <Data Name="IntegrityLevel">High</Data>
      <Data Name="Hashes">SHA1=D1F7832035C3E8A73CC78AFD28CFD7F4CECE6D20,MD5=E930B05EFE23891D19BC354A4209BE3E,SHA256=92804FAAAB2175DC501D73E814663058C78C0A042675A8937266357BCFB96C50,IMPHASH=1355327F6CA3430B3DDBE6E0ACDA71EA</Data>
      <Data Name="ParentProcessGuid">{bdb1c22b-a294-695b-3105-000000001700}</Data>
      <Data Name="ParentProcessId">1416</Data>
      <Data Name="ParentImage">C:\Program Files\PowerShell\7\pwsh.exe</Data>
      <Data Name="ParentCommandLine">"pwsh" -NonInteractive -File "C:\ProgramData\psandman\inputs\example_1460_generated_train_openai.ps1"</Data>
      <Data Name="ParentUser">DESKTOP-U2U3HDH\rizz</Data>
    </EventData>
  </Event>
  <Event xmlns="http://schemas.microsoft.com/win/2004/08/events/event">
    <System>
      <Provider Name="Microsoft-Windows-Sysmon" Guid="{5770385f-c22a-43e0-bf4c-06f5698ffbd9}" />
      <EventID>11</EventID>
      <Version>2</Version>
      <Level>4</Level>
      <Task>11</Task>
      <Opcode>0</Opcode>
      <Keywords>0x8000000000000000</Keywords>
      <TimeCreated SystemTime="2026-01-05T11:38:13.4575709Z" />
      <EventRecordID>3775</EventRecordID>
      <Correlation />
      <Execution ProcessID="4148" ThreadID="3772" />
      <Channel>Microsoft-Windows-Sysmon/Operational</Channel>
      <Computer>DESKTOP-U2U3HDH</Computer>
      <Security UserID="S-1-5-18" />
    </System>
    <EventData>
      <Data Name="RuleName">-</Data>
      <Data Name="UtcTime">2026-01-05 11:38:13.454</Data>
      <Data Name="ProcessGuid">{bdb1c22b-a294-695b-3105-000000001700}</Data>
      <Data Name="ProcessId">1416</Data>
      <Data Name="Image">C:\Program Files\PowerShell\7\pwsh.exe</Data>
      <Data Name="TargetFilename">C:\Users\rizz\AppData\Local\Microsoft\PowerShell\StartupProfileData-NonInteractive</Data>
      <Data Name="CreationUtcTime">2025-12-14 17:54:33.280</Data>
      <Data Name="User">DESKTOP-U2U3HDH\rizz</Data>
    </EventData>
  </Event>
  <Event xmlns="http://schemas.microsoft.com/win/2004/08/events/event">
    <System>
      <Provider Name="Microsoft-Windows-Sysmon" Guid="{5770385f-c22a-43e0-bf4c-06f5698ffbd9}" />
      <EventID>22</EventID>
      <Version>5</Version>
      <Level>4</Level>
      <Task>22</Task>
      <Opcode>0</Opcode>
      <Keywords>0x8000000000000000</Keywords>
      <TimeCreated SystemTime="2026-01-05T11:38:35.2962885Z" />
      <EventRecordID>4051</EventRecordID>
      <Correlation />
      <Execution ProcessID="4148" ThreadID="3472" />
      <Channel>Microsoft-Windows-Sysmon/Operational</Channel>
      <Computer>DESKTOP-U2U3HDH</Computer>
      <Security UserID="S-1-5-18" />
    </System>
    <EventData>
      <Data Name="RuleName">-</Data>
      <Data Name="UtcTime">2026-01-05 11:38:32.292</Data>
      <Data Name="ProcessGuid">{bdb1c22b-a294-695b-3105-000000001700}</Data>
      <Data Name="ProcessId">1416</Data>
      <Data Name="QueryName">dc.services.visualstudio.com</Data>
      <Data Name="QueryStatus">9701</Data>
      <Data Name="QueryResults">-</Data>
      <Data Name="Image">C:\Program Files\PowerShell\7\pwsh.exe</Data>
      <Data Name="User">DESKTOP-U2U3HDH\rizz</Data>
    </EventData>
  </Event>
</root>