<root>
  <Event xmlns="http://schemas.microsoft.com/win/2004/08/events/event">
    <System>
      <Provider Name="PowerShellCore" Guid="{f90714a8-5509-434a-bf6d-b1624c8a19a2}" />
      <EventID>40961</EventID>
      <Version>1</Version>
      <Level>4</Level>
      <Task>4</Task>
      <Opcode>1</Opcode>
      <Keywords>0x0</Keywords>
      <TimeCreated SystemTime="2025-12-29T21:58:49.8137018Z" />
      <EventRecordID>1293</EventRecordID>
      <Correlation ActivityID="{00c1ade5-790d-0003-cfbb-c1000d79dc01}" />
      <Execution ProcessID="2536" ThreadID="4648" />
      <Channel>PowerShellCore/Operational</Channel>
      <Computer>DESKTOP-U2U3HDH</Computer>
      <Security UserID="S-1-5-21-564872773-1291138996-2393293407-1001" />
    </System>
    <EventData>
    </EventData>
  </Event>
  <Event xmlns="http://schemas.microsoft.com/win/2004/08/events/event">
    <System>
      <Provider Name="PowerShellCore" Guid="{f90714a8-5509-434a-bf6d-b1624c8a19a2}" />
      <EventID>53504</EventID>
      <Version>1</Version>
      <Level>4</Level>
      <Task>111</Task>
      <Opcode>10</Opcode>
      <Keywords>0x0</Keywords>
      <TimeCreated SystemTime="2025-12-29T21:58:50.8873983Z" />
      <EventRecordID>1294</EventRecordID>
      <Correlation />
      <Execution ProcessID="2536" ThreadID="4348" />
      <Channel>PowerShellCore/Operational</Channel>
      <Computer>DESKTOP-U2U3HDH</Computer>
      <Security UserID="S-1-5-21-564872773-1291138996-2393293407-1001" />
    </System>
    <EventData>
      <Data Name="param1">2536</Data>
      <Data Name="param2">DefaultAppDomain</Data>
    </EventData>
  </Event>
  <Event xmlns="http://schemas.microsoft.com/win/2004/08/events/event">
    <System>
      <Provider Name="PowerShellCore" Guid="{f90714a8-5509-434a-bf6d-b1624c8a19a2}" />
      <EventID>40962</EventID>
      <Version>1</Version>
      <Level>4</Level>
      <Task>4</Task>
      <Opcode>2</Opcode>
      <Keywords>0x0</Keywords>
      <TimeCreated SystemTime="2025-12-29T21:58:51.4792165Z" />
      <EventRecordID>1295</EventRecordID>
      <Correlation ActivityID="{00c1ade5-790d-0003-cfbb-c1000d79dc01}" />
      <Execution ProcessID="2536" ThreadID="4648" />
      <Channel>PowerShellCore/Operational</Channel>
      <Computer>DESKTOP-U2U3HDH</Computer>
      <Security UserID="S-1-5-21-564872773-1291138996-2393293407-1001" />
    </System>
    <EventData>
    </EventData>
  </Event>
  <Event xmlns="http://schemas.microsoft.com/win/2004/08/events/event">
    <System>
      <Provider Name="PowerShellCore" Guid="{f90714a8-5509-434a-bf6d-b1624c8a19a2}" />
      <EventID>4103</EventID>
      <Version>1</Version>
      <Level>4</Level>
      <Task>106</Task>
      <Opcode>20</Opcode>
      <Keywords>0x0</Keywords>
      <TimeCreated SystemTime="2025-12-29T21:58:51.8049608Z" />
      <EventRecordID>1296</EventRecordID>
      <Correlation ActivityID="{00c1ade5-790d-0001-8cb9-c1000d79dc01}" />
      <Execution ProcessID="2536" ThreadID="2244" />
      <Channel>PowerShellCore/Operational</Channel>
      <Computer>DESKTOP-U2U3HDH</Computer>
      <Security UserID="S-1-5-21-564872773-1291138996-2393293407-1001" />
    </System>
    <EventData>
      <Data Name="ContextInfo">        Severity = Informational
        Host Name = ConsoleHost
        Host Version = 7.5.4
        Host ID = c69065b2-af20-4b7d-abcf-692684f8ccdf
        Host Application = C:\Program Files\PowerShell\7\pwsh.dll -NonInteractive -File C:\ProgramData\psandman\inputs\example_196_generated.ps1
        Engine Version = 7.5.4
        Runspace ID = cd988f84-32d9-4b21-93b1-f456dbcc6d56
        Pipeline ID = 1
        Command Name = example_196_generated.ps1
        Command Type = ExternalScript
        Script Name = 
        Command Path = C:\ProgramData\psandman\inputs\example_196_generated.ps1
        Sequence Number = 8
        User = DESKTOP-U2U3HDH\rizz
        Connected User = 
        Shell ID = Microsoft.PowerShell
</Data>
      <Data Name="UserData">
      </Data>
      <Data Name="Payload">CommandInvocation(example_196_generated.ps1): "example_196_generated.ps1"
TerminatingError(example_196_generated.ps1): "Cannot process command because of one or more missing mandatory parameters: Urls."
</Data>
    </EventData>
  </Event>
  <Event xmlns="http://schemas.microsoft.com/win/2004/08/events/event">
    <System>
      <Provider Name="PowerShellCore" Guid="{f90714a8-5509-434a-bf6d-b1624c8a19a2}" />
      <EventID>4103</EventID>
      <Version>1</Version>
      <Level>4</Level>
      <Task>106</Task>
      <Opcode>20</Opcode>
      <Keywords>0x0</Keywords>
      <TimeCreated SystemTime="2025-12-29T21:58:51.9661484Z" />
      <EventRecordID>1297</EventRecordID>
      <Correlation ActivityID="{00c1ade5-790d-0003-d7bb-c1000d79dc01}" />
      <Execution ProcessID="2536" ThreadID="2244" />
      <Channel>PowerShellCore/Operational</Channel>
      <Computer>DESKTOP-U2U3HDH</Computer>
      <Security UserID="S-1-5-21-564872773-1291138996-2393293407-1001" />
    </System>
    <EventData>
      <Data Name="ContextInfo">        Severity = Informational
        Host Name = ConsoleHost
        Host Version = 7.5.4
        Host ID = c69065b2-af20-4b7d-abcf-692684f8ccdf
        Host Application = C:\Program Files\PowerShell\7\pwsh.dll -NonInteractive -File C:\ProgramData\psandman\inputs\example_196_generated.ps1
        Engine Version = 7.5.4
        Runspace ID = cd988f84-32d9-4b21-93b1-f456dbcc6d56
        Pipeline ID = 2
        Command Name = Set-StrictMode
        Command Type = Cmdlet
        Script Name = 
        Command Path = 
        Sequence Number = 9
        User = DESKTOP-U2U3HDH\rizz
        Connected User = 
        Shell ID = Microsoft.PowerShell
</Data>
      <Data Name="UserData">
      </Data>
      <Data Name="Payload">CommandInvocation(Set-StrictMode): "Set-StrictMode"
ParameterBinding(Set-StrictMode): name="Off"; value="True"
</Data>
    </EventData>
  </Event>
  <Event xmlns="http://schemas.microsoft.com/win/2004/08/events/event">
    <System>
      <Provider Name="PowerShellCore" Guid="{f90714a8-5509-434a-bf6d-b1624c8a19a2}" />
      <EventID>4104</EventID>
      <Version>1</Version>
      <Level>5</Level>
      <Task>2</Task>
      <Opcode>15</Opcode>
      <Keywords>0x0</Keywords>
      <TimeCreated SystemTime="2025-12-29T21:58:51.9989364Z" />
      <EventRecordID>1298</EventRecordID>
      <Correlation ActivityID="{00c1ade5-790d-0003-d8bb-c1000d79dc01}" />
      <Execution ProcessID="2536" ThreadID="2244" />
      <Channel>PowerShellCore/Operational</Channel>
      <Computer>DESKTOP-U2U3HDH</Computer>
      <Security UserID="S-1-5-21-564872773-1291138996-2393293407-1001" />
    </System>
    <EventData>
      <Data Name="MessageNumber">1</Data>
      <Data Name="MessageTotal">1</Data>
      <Data Name="ScriptBlockText">function Get-ConciseViewPositionMessage {

        # returns a string cut to last whitespace
        function Get-TruncatedString($string, [int]$length) {

            if ($string.Length -le $length) {
                return $string
            }

            return ($string.Substring(0,$length) -split '\s',-2)[0]
        }

        $posmsg = ''
        $headerWhitespace = ''
        $offsetWhitespace = ''
        $message = ''
        $prefix = ''

        # Handle case where there is a TargetObject from a Pester `Should` assertion failure and we can show the error at the target rather than the script source
        # Note that in some versions, this is a Dictionary&lt;,&gt; and in others it's a hashtable. So we explicitly cast to a shared interface in the method invocation
        # to force using `IDictionary.Contains`. Hashtable does have it's own `ContainKeys` as well, but if they ever opt to use a custom `IDictionary`, that may not.
        $useTargetObject = $null -ne $err.TargetObject -and
            $err.TargetObject -is [System.Collections.IDictionary] -and
            ([System.Collections.IDictionary]$err.TargetObject).Contains('Line') -and
            ([System.Collections.IDictionary]$err.TargetObject).Contains('LineText')

        # The checks here determine if we show line detailed error information:
        # - check if `ParserError` and comes from PowerShell which eventually results in a ParseException, but during this execution it's an ErrorRecord
        $isParseError = $err.CategoryInfo.Category -eq 'ParserError' -and
            $err.Exception -is [System.Management.Automation.ParentContainsErrorRecordException]

        # - check if invocation is a script or multiple lines in the console
        $isMultiLineOrExternal = $myinv.ScriptName -or $myinv.ScriptLineNumber -gt 1

        # - check that it's not a script module as expectation is that users don't want to see the line of error within a module
        $shouldShowLineDetail = ($isParseError -or $isMultiLineOrExternal) -and
            $myinv.ScriptName -notmatch '\.psm1$'

        if ($useTargetObject -or $shouldShowLineDetail) {

            if ($useTargetObject) {
                $posmsg = "${resetcolor}$($err.TargetObject.File)${newline}"
            }
            elseif ($myinv.ScriptName) {
                if ($env:TERM_PROGRAM -eq 'vscode') {
                    # If we are running in vscode, we know the file:line:col links are clickable so we use this format
                    $posmsg = "${resetcolor}$($myinv.ScriptName):$($myinv.ScriptLineNumber):$($myinv.OffsetInLine)${newline}"
                }
                else {
                    $posmsg = "${resetcolor}$($myinv.ScriptName):$($myinv.ScriptLineNumber)${newline}"
                }
            }
            else {
                $posmsg = "${newline}"
            }

            if ($useTargetObject) {
                $scriptLineNumber = $err.TargetObject.Line
                $scriptLineNumberLength = $err.TargetObject.Line.ToString().Length
            }
            else {
                $scriptLineNumber = $myinv.ScriptLineNumber
                $scriptLineNumberLength = $myinv.ScriptLineNumber.ToString().Length
            }

            if ($scriptLineNumberLength -gt 4) {
                $headerWhitespace = ' ' * ($scriptLineNumberLength - 4)
            }

            $lineWhitespace = ''
            if ($scriptLineNumberLength -lt 4) {
                $lineWhitespace = ' ' * (4 - $scriptLineNumberLength)
            }

            $verticalBar = '|'
            $posmsg += "${accentColor}${headerWhitespace}Line ${verticalBar}${newline}"

            $highlightLine = ''
            if ($useTargetObject) {
                $line = $_.TargetObject.LineText.Trim()
                $offsetLength = 0
                $offsetInLine = 0
            }
            else {
                $positionMessage = $myinv.PositionMessage.Split($newline)
                $line = $positionMessage[1].Substring(1) # skip the '+' at the start
                $highlightLine = $positionMessage[$positionMessage.Count - 1].Substring(1)
                $offsetLength = $highlightLine.Trim().Length
                $offsetInLine = $highlightLine.IndexOf('~')
            }

            if (-not $line.EndsWith($newline)) {
                $line += $newline
            }

            # don't color the whole line
            if ($offsetLength -lt $line.Length - 1) {
                $line = $line.Insert($offsetInLine + $offsetLength, $resetColor).Insert($offsetInLine, $accentColor)
            }

            $posmsg += "${accentColor}${lineWhitespace}${ScriptLineNumber} ${verticalBar} ${resetcolor}${line}"
            $offsetWhitespace = ' ' * $offsetInLine
            $prefix = "${accentColor}${headerWhitespace}     ${verticalBar} ${errorColor}"
            if ($highlightLine -ne '') {
                $posMsg += "${prefix}${highlightLine}${newline}"
            }
            $message = "${prefix}"
        }

        if (! $err.ErrorDetails -or ! $err.ErrorDetails.Message) {
            if ($err.CategoryInfo.Category -eq 'ParserError' -and $err.Exception.Message.Contains("~$newline")) {
                # need to parse out the relevant part of the pre-rendered positionmessage
                $message += $err.Exception.Message.split("~$newline")[1].split("${newline}${newline}")[0]
            }
            elseif ($err.Exception) {
                $message += $err.Exception.Message
            }
            elseif ($err.Message) {
                $message += $err.Message
            }
            else {
                $message += $err.ToString()
            }
        }
        else {
            $message += $err.ErrorDetails.Message
        }

        # if rendering line information, break up the message if it's wider than the console
        if ($myinv -and $myinv.ScriptName -or $err.CategoryInfo.Category -eq 'ParserError') {
            $prefixLength = [System.Management.Automation.Internal.StringDecorated]::new($prefix).ContentLength
            $prefixVtLength = $prefix.Length - $prefixLength

            # replace newlines in message so it lines up correct
            $message = $message.Replace($newline, ' ').Replace("`n", ' ').Replace("`t", ' ')

            $windowWidth = 120
            if ($Host.UI.RawUI -ne $null) {
                $windowWidth = $Host.UI.RawUI.WindowSize.Width
            }

            if ($windowWidth -gt 0 -and ($message.Length - $prefixVTLength) -gt $windowWidth) {
                $sb = [Text.StringBuilder]::new()
                $substring = Get-TruncatedString -string $message -length ($windowWidth + $prefixVTLength)
                $null = $sb.Append($substring)
                $remainingMessage = $message.Substring($substring.Length).Trim()
                $null = $sb.Append($newline)
                while (($remainingMessage.Length + $prefixLength) -gt $windowWidth) {
                    $subMessage = $prefix + $remainingMessage
                    $substring = Get-TruncatedString -string $subMessage -length ($windowWidth + $prefixVtLength)

                    if ($substring.Length - $prefix.Length -gt 0)
                    {
                        $null = $sb.Append($substring)
                        $null = $sb.Append($newline)
                        $remainingMessage = $remainingMessage.Substring($substring.Length - $prefix.Length).Trim()
                    }
                    else
                    {
                        break
                    }
                }
                $null = $sb.Append($prefix + $remainingMessage.Trim())
                $message = $sb.ToString()
            }

            $message += $newline
        }

        $posmsg += "${errorColor}" + $message

        $reason = 'Error'
        if ($err.Exception -and $err.Exception.WasThrownFromThrowStatement) {
            $reason = 'Exception'
        }
        # MyCommand can be the script block, so we don't want to show that so check if it's an actual command
        elseif ($myinv.MyCommand -and $myinv.MyCommand.Name -and (Get-Command -Name $myinv.MyCommand -ErrorAction Ignore))
        {
            $reason = $myinv.MyCommand
        }
        # If it's a scriptblock, better to show the command in the scriptblock that had the error
        elseif ($err.CategoryInfo.Activity) {
            $reason = $err.CategoryInfo.Activity
        }
        elseif ($myinv.MyCommand) {
            $reason = $myinv.MyCommand
        }
        elseif ($myinv.InvocationName) {
            $reason = $myinv.InvocationName
        }
        elseif ($err.CategoryInfo.Category) {
            $reason = $err.CategoryInfo.Category
        }
        elseif ($err.CategoryInfo.Reason) {
            $reason = $err.CategoryInfo.Reason
        }

        $errorMsg = 'Error'

        "${errorColor}${reason}: ${posmsg}${resetcolor}"
    }</Data>
      <Data Name="ScriptBlockId">9d83bc95-7842-49f0-b419-02075be194d0</Data>
      <Data Name="Path">
      </Data>
    </EventData>
  </Event>
  <Event xmlns="http://schemas.microsoft.com/win/2004/08/events/event">
    <System>
      <Provider Name="PowerShellCore" Guid="{f90714a8-5509-434a-bf6d-b1624c8a19a2}" />
      <EventID>4104</EventID>
      <Version>1</Version>
      <Level>5</Level>
      <Task>2</Task>
      <Opcode>15</Opcode>
      <Keywords>0x0</Keywords>
      <TimeCreated SystemTime="2025-12-29T21:58:52.1724906Z" />
      <EventRecordID>1299</EventRecordID>
      <Correlation ActivityID="{00c1ade5-790d-0002-d8ba-c1000d79dc01}" />
      <Execution ProcessID="2536" ThreadID="2244" />
      <Channel>PowerShellCore/Operational</Channel>
      <Computer>DESKTOP-U2U3HDH</Computer>
      <Security UserID="S-1-5-21-564872773-1291138996-2393293407-1001" />
    </System>
    <EventData>
      <Data Name="MessageNumber">1</Data>
      <Data Name="MessageTotal">1</Data>
      <Data Name="ScriptBlockText"># module.psd1
@{
    ModuleVersion = '1.0'
    GUID = '73007eb8-e713-473b-8209-a0461cbfabec'
    Author = 'Your Name'
    RootModule = 'malicious-cmds.psm1'
    CompanyName = 'You'
    Copyright = '(c)'
    Description = 'Description'
    PowerShellVersion = '5.1.0'
    FunctionsToExport = '*'
    CmdletsToExport = '*'
    VariablesToExport = '*'
    AliasesToExport = ''
}</Data>
      <Data Name="ScriptBlockId">de523ed8-3d8e-40fb-96a2-397f32ba1505</Data>
      <Data Name="Path">C:\Windows\system32\WindowsPowerShell\v1.0\Modules\malicious-cmds\malicious-cmds.psd1</Data>
    </EventData>
  </Event>
  <Event xmlns="http://schemas.microsoft.com/win/2004/08/events/event">
    <System>
      <Provider Name="PowerShellCore" Guid="{f90714a8-5509-434a-bf6d-b1624c8a19a2}" />
      <EventID>4104</EventID>
      <Version>1</Version>
      <Level>5</Level>
      <Task>2</Task>
      <Opcode>15</Opcode>
      <Keywords>0x0</Keywords>
      <TimeCreated SystemTime="2025-12-29T21:58:52.3995328Z" />
      <EventRecordID>1300</EventRecordID>
      <Correlation ActivityID="{00c1ade5-790d-0003-dabb-c1000d79dc01}" />
      <Execution ProcessID="2536" ThreadID="2244" />
      <Channel>PowerShellCore/Operational</Channel>
      <Computer>DESKTOP-U2U3HDH</Computer>
      <Security UserID="S-1-5-21-564872773-1291138996-2393293407-1001" />
    </System>
    <EventData>
      <Data Name="MessageNumber">1</Data>
      <Data Name="MessageTotal">1</Data>
      <Data Name="ScriptBlockText">@{
# Script module or binary module file associated with this manifest.
ModuleToProcess = 'PowerSploit.psm1'

# Version number of this module.
ModuleVersion = '3.0.0.0'

# ID used to uniquely identify this module
GUID = '6753b496-d842-40a3-924a-0f09e248640c'

# Author of this module
Author = 'Matthew Graeber'

# Copyright statement for this module
Copyright = 'BSD 3-Clause'

# Description of the functionality provided by this module
Description = 'PowerSploit is a collection of Microsoft PowerShell modules that can be used to aid penetration testers and red team operator during all phases of an engagement.'

# Minimum version of the Windows PowerShell engine required by this module
PowerShellVersion = '2.0'

# Functions to export from this module
FunctionsToExport = @(
    'Add-NetUser',
    'Add-ObjectAcl',
    'Add-Persistence',
    'Add-ServiceDacl',
    'Convert-NameToSid',
    'Convert-NT4toCanonical',
    'Convert-SidToName',
    'Copy-ClonedFile',
    'Find-AVSignature',
    'Find-ComputerField',
    'Find-ForeignGroup',
    'Find-ForeignUser',
    'Find-GPOComputerAdmin',
    'Find-GPOLocation',
    'Find-InterestingFile',
    'Find-LocalAdminAccess',
    'Find-PathDLLHijack',
    'Find-ProcessDLLHijack',
    'Find-ManagedSecurityGroups',
    'Find-UserField',
    'Get-ADObject',
    'Get-ApplicationHost',
    'Get-CachedRDPConnection',
    'Get-ComputerDetails',
    'Get-ComputerProperty',
    'Get-CurrentUserTokenGroupSid',
    'Get-DFSshare',
    'Get-DomainPolicy',
    'Get-ExploitableSystem',
    'Get-GPPPassword',
    'Get-HttpStatus',
    'Get-Keystrokes',
    'Get-LastLoggedOn',
    'Get-ModifiablePath',
    'Get-ModifiableRegistryAutoRun',
    'Get-ModifiableScheduledTaskFile',
    'Get-ModifiableService',
    'Get-ModifiableServiceFile',
    'Get-NetComputer',
    'Get-NetDomain',
    'Get-NetDomainController',
    'Get-NetDomainTrust',
    'Get-NetFileServer',
    'Get-NetForest',
    'Get-NetForestCatalog',
    'Get-NetForestDomain',
    'Get-NetForestTrust',
    'Get-NetGPO',
    'Get-NetGPOGroup',
    'Get-NetGroup',
    'Get-NetGroupMember',
    'Get-NetLocalGroup',
    'Get-NetLoggedon',
    'Get-NetOU',
    'Get-NetProcess',
    'Get-NetRDPSession',
    'Get-NetSession',
    'Get-NetShare',
    'Get-NetSite',
    'Get-NetSubnet',
    'Get-NetUser',
    'Get-ObjectAcl',
    'Get-PathAcl',
    'Get-Proxy',
    'Get-RegistryAlwaysInstallElevated',
    'Get-RegistryAutoLogon',
    'Get-SecurityPackages',
    'Get-ServiceDetail',
    'Get-SiteListPassword',
    'Get-System',
    'Get-TimedScreenshot',
    'Get-UnattendedInstallFile',
    'Get-UnquotedService',
    'Get-UserEvent',
    'Get-UserProperty',
    'Get-VaultCredential',
    'Get-VolumeShadowCopy',
    'Get-Webconfig',
    'Install-ServiceBinary',
    'Install-SSP',
    'Invoke-ACLScanner',
    'Invoke-CheckLocalAdminAccess',
    'Invoke-CredentialInjection',
    'Invoke-DllInjection',
    'Invoke-EnumerateLocalAdmin',
    'Invoke-EventHunter',
    'Invoke-FileFinder',
    'Invoke-MapDomainTrust',
    'Invoke-Mimikatz',
    'Invoke-NinjaCopy',
    'Invoke-Portscan',
    'Invoke-PrivescAudit',
    'Invoke-ProcessHunter',
    'Invoke-ReflectivePEInjection',
    'Invoke-ReverseDnsLookup',
    'Invoke-ServiceAbuse',
    'Invoke-ShareFinder',
    'Invoke-Shellcode',
    'Invoke-TokenManipulation',
    'Invoke-UserHunter',
    'Invoke-WmiCommand',
    'Mount-VolumeShadowCopy',
    'New-ElevatedPersistenceOption',
    'New-UserPersistenceOption',
    'New-VolumeShadowCopy',
    'Out-CompressedDll',
    'Out-EncodedCommand',
    'Out-EncryptedScript',
    'Out-Minidump',
    'Remove-Comments',
    'Remove-VolumeShadowCopy',
    'Restore-ServiceBinary',
    'Set-ADObject',
    'Set-CriticalProcess',
    'Set-MacAttribute',
    'Set-MasterBootRecord',
    'Set-ServiceBinPath',
    'Test-ServiceDaclPermission',
    'Write-HijackDll',
    'Write-ServiceBinary',
    'Write-UserAddMSI'
)

# List of all modules packaged with this module.
ModuleList = @( @{ModuleName = 'AntivirusBypass'; ModuleVersion = '3.0.0.0'; GUID = '7cf9de61-2bfc-41b4-a397-9d7cf3a8e66b'},
                @{ModuleName = 'CodeExecution'; ModuleVersion = '3.0.0.0'; GUID = 'a8a6780b-e694-4aa4-b28d-646afa66733c'},
                @{ModuleName = 'Exfiltration'; ModuleVersion = '3.0.0.0'; GUID = '75dafa99-1402-4e29-b5d4-6c87da2b323a'},
                @{ModuleName = 'Recon'; ModuleVersion = '3.0.0.0'; GUID = '7e775ad6-cd3d-4a93-b788-da067274c877'},
                @{ModuleName = 'ScriptModification'; ModuleVersion = '3.0.0.0'; GUID = 'a4d86266-b39b-437a-b5bb-d6f99aa6e610'},
                @{ModuleName = 'Persistence'; ModuleVersion = '3.0.0.0'; GUID = '633d0f10-a056-41da-869d-6d2f75430195'},
                @{ModuleName = 'PrivEsc'; ModuleVersion = '3.0.0.0'; GUID = 'efb2a78f-a069-4bfd-91c2-7c7c0c225f56'} )

PrivateData = @{

    PSData = @{

        # Tags applied to this module. These help with module discovery in online galleries.
        Tags = @('security','pentesting','red team','offense')

        # A URL to the license for this module.
        LicenseUri = 'http://www.apache.org/licenses/LICENSE-2.0.html'

        # A URL to the main website for this project.
        ProjectUri = 'https://github.com/PowerShellMafia/PowerSploit'

    }

}

}
</Data>
      <Data Name="ScriptBlockId">3796fcb1-6665-40c9-ba5f-030fe18274a5</Data>
      <Data Name="Path">C:\Windows\system32\WindowsPowerShell\v1.0\Modules\PowerSploit\PowerSploit.psd1</Data>
    </EventData>
  </Event>
  <Event xmlns="http://schemas.microsoft.com/win/2004/08/events/event">
    <System>
      <Provider Name="PowerShellCore" Guid="{f90714a8-5509-434a-bf6d-b1624c8a19a2}" />
      <EventID>4103</EventID>
      <Version>1</Version>
      <Level>4</Level>
      <Task>106</Task>
      <Opcode>20</Opcode>
      <Keywords>0x0</Keywords>
      <TimeCreated SystemTime="2025-12-29T21:58:52.4305921Z" />
      <EventRecordID>1301</EventRecordID>
      <Correlation ActivityID="{00c1ade5-790d-0003-d9bb-c1000d79dc01}" />
      <Execution ProcessID="2536" ThreadID="2244" />
      <Channel>PowerShellCore/Operational</Channel>
      <Computer>DESKTOP-U2U3HDH</Computer>
      <Security UserID="S-1-5-21-564872773-1291138996-2393293407-1001" />
    </System>
    <EventData>
      <Data Name="ContextInfo">        Severity = Informational
        Host Name = ConsoleHost
        Host Version = 7.5.4
        Host ID = c69065b2-af20-4b7d-abcf-692684f8ccdf
        Host Application = C:\Program Files\PowerShell\7\pwsh.dll -NonInteractive -File C:\ProgramData\psandman\inputs\example_196_generated.ps1
        Engine Version = 7.5.4
        Runspace ID = cd988f84-32d9-4b21-93b1-f456dbcc6d56
        Pipeline ID = 2
        Command Name = Get-Command
        Command Type = Cmdlet
        Script Name = 
        Command Path = 
        Sequence Number = 10
        User = DESKTOP-U2U3HDH\rizz
        Connected User = 
        Shell ID = Microsoft.PowerShell
</Data>
      <Data Name="UserData">
      </Data>
      <Data Name="Payload">CommandInvocation(Get-Command): "Get-Command"
ParameterBinding(Get-Command): name="Name"; value="example_196_generated.ps1"
ParameterBinding(Get-Command): name="ErrorAction"; value="Ignore"
NonTerminatingError(Get-Command): "The term 'example_196_generated.ps1' is not recognized as a name of a cmdlet, function, script file, or executable program.
Check the spelling of the name, or if a path was included, verify that the path is correct and try again."
</Data>
    </EventData>
  </Event>
  <Event xmlns="http://schemas.microsoft.com/win/2004/08/events/event">
    <System>
      <Provider Name="PowerShellCore" Guid="{f90714a8-5509-434a-bf6d-b1624c8a19a2}" />
      <EventID>4104</EventID>
      <Version>1</Version>
      <Level>5</Level>
      <Task>2</Task>
      <Opcode>15</Opcode>
      <Keywords>0x0</Keywords>
      <TimeCreated SystemTime="2025-12-29T21:58:52.4341035Z" />
      <EventRecordID>1302</EventRecordID>
      <Correlation ActivityID="{00c1ade5-790d-0003-dbbb-c1000d79dc01}" />
      <Execution ProcessID="2536" ThreadID="2244" />
      <Channel>PowerShellCore/Operational</Channel>
      <Computer>DESKTOP-U2U3HDH</Computer>
      <Security UserID="S-1-5-21-564872773-1291138996-2393293407-1001" />
    </System>
    <EventData>
      <Data Name="MessageNumber">1</Data>
      <Data Name="MessageTotal">1</Data>
      <Data Name="ScriptBlockText">{ Set-StrictMode -Version 1; $this.Exception.InnerException.PSMessageDetails }</Data>
      <Data Name="ScriptBlockId">af146a62-fed2-4b75-842b-934d063e9366</Data>
      <Data Name="Path">
      </Data>
    </EventData>
  </Event>
  <Event xmlns="http://schemas.microsoft.com/win/2004/08/events/event">
    <System>
      <Provider Name="PowerShellCore" Guid="{f90714a8-5509-434a-bf6d-b1624c8a19a2}" />
      <EventID>4103</EventID>
      <Version>1</Version>
      <Level>4</Level>
      <Task>106</Task>
      <Opcode>20</Opcode>
      <Keywords>0x0</Keywords>
      <TimeCreated SystemTime="2025-12-29T21:58:52.4344301Z" />
      <EventRecordID>1303</EventRecordID>
      <Correlation ActivityID="{00c1ade5-790d-0003-dcbb-c1000d79dc01}" />
      <Execution ProcessID="2536" ThreadID="2244" />
      <Channel>PowerShellCore/Operational</Channel>
      <Computer>DESKTOP-U2U3HDH</Computer>
      <Security UserID="S-1-5-21-564872773-1291138996-2393293407-1001" />
    </System>
    <EventData>
      <Data Name="ContextInfo">        Severity = Informational
        Host Name = ConsoleHost
        Host Version = 7.5.4
        Host ID = c69065b2-af20-4b7d-abcf-692684f8ccdf
        Host Application = C:\Program Files\PowerShell\7\pwsh.dll -NonInteractive -File C:\ProgramData\psandman\inputs\example_196_generated.ps1
        Engine Version = 7.5.4
        Runspace ID = cd988f84-32d9-4b21-93b1-f456dbcc6d56
        Pipeline ID = 2
        Command Name = Set-StrictMode
        Command Type = Cmdlet
        Script Name = 
        Command Path = 
        Sequence Number = 11
        User = DESKTOP-U2U3HDH\rizz
        Connected User = 
        Shell ID = Microsoft.PowerShell
</Data>
      <Data Name="UserData">
      </Data>
      <Data Name="Payload">CommandInvocation(Set-StrictMode): "Set-StrictMode"
ParameterBinding(Set-StrictMode): name="Version"; value="1.0"
</Data>
    </EventData>
  </Event>
  <Event xmlns="http://schemas.microsoft.com/win/2004/08/events/event">
    <System>
      <Provider Name="PowerShellCore" Guid="{f90714a8-5509-434a-bf6d-b1624c8a19a2}" />
      <EventID>4103</EventID>
      <Version>1</Version>
      <Level>4</Level>
      <Task>106</Task>
      <Opcode>20</Opcode>
      <Keywords>0x0</Keywords>
      <TimeCreated SystemTime="2025-12-29T21:58:52.4390212Z" />
      <EventRecordID>1304</EventRecordID>
      <Correlation ActivityID="{00c1ade5-790d-0003-debb-c1000d79dc01}" />
      <Execution ProcessID="2536" ThreadID="2244" />
      <Channel>PowerShellCore/Operational</Channel>
      <Computer>DESKTOP-U2U3HDH</Computer>
      <Security UserID="S-1-5-21-564872773-1291138996-2393293407-1001" />
    </System>
    <EventData>
      <Data Name="ContextInfo">        Severity = Informational
        Host Name = ConsoleHost
        Host Version = 7.5.4
        Host ID = c69065b2-af20-4b7d-abcf-692684f8ccdf
        Host Application = C:\Program Files\PowerShell\7\pwsh.dll -NonInteractive -File C:\ProgramData\psandman\inputs\example_196_generated.ps1
        Engine Version = 7.5.4
        Runspace ID = cd988f84-32d9-4b21-93b1-f456dbcc6d56
        Pipeline ID = 2
        Command Name = Set-StrictMode
        Command Type = Cmdlet
        Script Name = 
        Command Path = 
        Sequence Number = 12
        User = DESKTOP-U2U3HDH\rizz
        Connected User = 
        Shell ID = Microsoft.PowerShell
</Data>
      <Data Name="UserData">
      </Data>
      <Data Name="Payload">CommandInvocation(Set-StrictMode): "Set-StrictMode"
ParameterBinding(Set-StrictMode): name="Version"; value="1.0"
</Data>
    </EventData>
  </Event>
  <Event xmlns="http://schemas.microsoft.com/win/2004/08/events/event">
    <System>
      <Provider Name="PowerShellCore" Guid="{f90714a8-5509-434a-bf6d-b1624c8a19a2}" />
      <EventID>4103</EventID>
      <Version>1</Version>
      <Level>4</Level>
      <Task>106</Task>
      <Opcode>20</Opcode>
      <Keywords>0x0</Keywords>
      <TimeCreated SystemTime="2025-12-29T21:58:52.4722273Z" />
      <EventRecordID>1305</EventRecordID>
      <Correlation ActivityID="{00c1ade5-790d-0001-8db9-c1000d79dc01}" />
      <Execution ProcessID="2536" ThreadID="2244" />
      <Channel>PowerShellCore/Operational</Channel>
      <Computer>DESKTOP-U2U3HDH</Computer>
      <Security UserID="S-1-5-21-564872773-1291138996-2393293407-1001" />
    </System>
    <EventData>
      <Data Name="ContextInfo">        Severity = Informational
        Host Name = ConsoleHost
        Host Version = 7.5.4
        Host ID = c69065b2-af20-4b7d-abcf-692684f8ccdf
        Host Application = C:\Program Files\PowerShell\7\pwsh.dll -NonInteractive -File C:\ProgramData\psandman\inputs\example_196_generated.ps1
        Engine Version = 7.5.4
        Runspace ID = cd988f84-32d9-4b21-93b1-f456dbcc6d56
        Pipeline ID = 2
        Command Name = Out-Default
        Command Type = Cmdlet
        Script Name = 
        Command Path = 
        Sequence Number = 13
        User = DESKTOP-U2U3HDH\rizz
        Connected User = 
        Shell ID = Microsoft.PowerShell
</Data>
      <Data Name="UserData">
      </Data>
      <Data Name="Payload">CommandInvocation(Out-Default): "Out-Default"
ParameterBinding(Out-Default): name="InputObject"; value="Cannot process command because of one or more missing mandatory parameters: Urls."
</Data>
    </EventData>
  </Event>
</root>