<root>
  <Event xmlns="http://schemas.microsoft.com/win/2004/08/events/event">
    <System>
      <Provider Name="Microsoft-Windows-Sysmon" Guid="{5770385f-c22a-43e0-bf4c-06f5698ffbd9}" />
      <EventID>1</EventID>
      <Version>5</Version>
      <Level>4</Level>
      <Task>1</Task>
      <Opcode>0</Opcode>
      <Keywords>0x8000000000000000</Keywords>
      <TimeCreated SystemTime="2025-12-31T07:44:57.9779737Z" />
      <EventRecordID>3585</EventRecordID>
      <Correlation />
      <Execution ProcessID="3996" ThreadID="3908" />
      <Channel>Microsoft-Windows-Sysmon/Operational</Channel>
      <Computer>DESKTOP-U2U3HDH</Computer>
      <Security UserID="S-1-5-18" />
    </System>
    <EventData>
      <Data Name="RuleName">-</Data>
      <Data Name="UtcTime">2025-12-31 07:44:57.916</Data>
      <Data Name="ProcessGuid">{bdb1c22b-d479-6954-2b05-000000001700}</Data>
      <Data Name="ProcessId">2372</Data>
      <Data Name="Image">C:\Program Files\PowerShell\7\pwsh.exe</Data>
      <Data Name="FileVersion">7.5.4.500</Data>
      <Data Name="Description">PowerShell 7</Data>
      <Data Name="Product">PowerShell</Data>
      <Data Name="Company">Microsoft Corporation</Data>
      <Data Name="OriginalFileName">pwsh.dll</Data>
      <Data Name="CommandLine">"pwsh" -NonInteractive -File "C:\ProgramData\psandman\inputs\example_228_generated_train_openai.ps1"</Data>
      <Data Name="CurrentDirectory">C:\Windows\system32\</Data>
      <Data Name="User">DESKTOP-U2U3HDH\rizz</Data>
      <Data Name="LogonGuid">{bdb1c22b-d42b-6954-9eff-150000000000}</Data>
      <Data Name="LogonId">0x15ff9e</Data>
      <Data Name="TerminalSessionId">0</Data>
      <Data Name="IntegrityLevel">High</Data>
      <Data Name="Hashes">SHA1=97C1583FAD2DE5B1ED2AEAD21B938FBF6E946DAF,MD5=77D8EFAF7D34FE7B6974A448CF541FF2,SHA256=A7AD362B22E0E289772CCCF78C7AF3B99E32F3084E675392E4A9FFDDF380BF05,IMPHASH=7A8C872F8E13D32F36A675B52EDA1D6E</Data>
      <Data Name="ParentProcessGuid">{bdb1c22b-d42c-6954-1705-000000001700}</Data>
      <Data Name="ParentProcessId">2896</Data>
      <Data Name="ParentImage">C:\Program Files\PowerShell\7\pwsh.exe</Data>
      <Data Name="ParentCommandLine">"C:\Program Files\PowerShell\7\pwsh.exe" -NoProfile -ExecutionPolicy Bypass -Command "&amp; C:/ProgramData/psandman/exec-analysis-scripts.ps1 example_228_generated_train_openai.ps1"</Data>
      <Data Name="ParentUser">DESKTOP-U2U3HDH\rizz</Data>
    </EventData>
  </Event>
  <Event xmlns="http://schemas.microsoft.com/win/2004/08/events/event">
    <System>
      <Provider Name="Microsoft-Windows-Sysmon" Guid="{5770385f-c22a-43e0-bf4c-06f5698ffbd9}" />
      <EventID>11</EventID>
      <Version>2</Version>
      <Level>4</Level>
      <Task>11</Task>
      <Opcode>0</Opcode>
      <Keywords>0x8000000000000000</Keywords>
      <TimeCreated SystemTime="2025-12-31T07:45:02.2574698Z" />
      <EventRecordID>3711</EventRecordID>
      <Correlation />
      <Execution ProcessID="3996" ThreadID="3908" />
      <Channel>Microsoft-Windows-Sysmon/Operational</Channel>
      <Computer>DESKTOP-U2U3HDH</Computer>
      <Security UserID="S-1-5-18" />
    </System>
    <EventData>
      <Data Name="RuleName">-</Data>
      <Data Name="UtcTime">2025-12-31 07:45:02.256</Data>
      <Data Name="ProcessGuid">{bdb1c22b-d479-6954-2b05-000000001700}</Data>
      <Data Name="ProcessId">2372</Data>
      <Data Name="Image">C:\Program Files\PowerShell\7\pwsh.exe</Data>
      <Data Name="TargetFilename">C:\Users\rizz\AppData\Local\Temp\__PSScriptPolicyTest_ek11p2y5.5e1.ps1</Data>
      <Data Name="CreationUtcTime">2025-12-31 07:45:02.256</Data>
      <Data Name="User">DESKTOP-U2U3HDH\rizz</Data>
    </EventData>
  </Event>
  <Event xmlns="http://schemas.microsoft.com/win/2004/08/events/event">
    <System>
      <Provider Name="Microsoft-Windows-Sysmon" Guid="{5770385f-c22a-43e0-bf4c-06f5698ffbd9}" />
      <EventID>11</EventID>
      <Version>2</Version>
      <Level>4</Level>
      <Task>11</Task>
      <Opcode>0</Opcode>
      <Keywords>0x8000000000000000</Keywords>
      <TimeCreated SystemTime="2025-12-31T07:45:02.2600151Z" />
      <EventRecordID>3712</EventRecordID>
      <Correlation />
      <Execution ProcessID="3996" ThreadID="3908" />
      <Channel>Microsoft-Windows-Sysmon/Operational</Channel>
      <Computer>DESKTOP-U2U3HDH</Computer>
      <Security UserID="S-1-5-18" />
    </System>
    <EventData>
      <Data Name="RuleName">-</Data>
      <Data Name="UtcTime">2025-12-31 07:45:02.256</Data>
      <Data Name="ProcessGuid">{bdb1c22b-d479-6954-2b05-000000001700}</Data>
      <Data Name="ProcessId">2372</Data>
      <Data Name="Image">C:\Program Files\PowerShell\7\pwsh.exe</Data>
      <Data Name="TargetFilename">C:\Users\rizz\AppData\Local\Temp\__PSScriptPolicyTest_rnh51vcn.33d.psm1</Data>
      <Data Name="CreationUtcTime">2025-12-31 07:45:02.256</Data>
      <Data Name="User">DESKTOP-U2U3HDH\rizz</Data>
    </EventData>
  </Event>
  <Event xmlns="http://schemas.microsoft.com/win/2004/08/events/event">
    <System>
      <Provider Name="Microsoft-Windows-Sysmon" Guid="{5770385f-c22a-43e0-bf4c-06f5698ffbd9}" />
      <EventID>11</EventID>
      <Version>2</Version>
      <Level>4</Level>
      <Task>11</Task>
      <Opcode>0</Opcode>
      <Keywords>0x8000000000000000</Keywords>
      <TimeCreated SystemTime="2025-12-31T07:45:05.2779402Z" />
      <EventRecordID>3784</EventRecordID>
      <Correlation />
      <Execution ProcessID="3996" ThreadID="3908" />
      <Channel>Microsoft-Windows-Sysmon/Operational</Channel>
      <Computer>DESKTOP-U2U3HDH</Computer>
      <Security UserID="S-1-5-18" />
    </System>
    <EventData>
      <Data Name="RuleName">-</Data>
      <Data Name="UtcTime">2025-12-31 07:45:05.274</Data>
      <Data Name="ProcessGuid">{bdb1c22b-d479-6954-2b05-000000001700}</Data>
      <Data Name="ProcessId">2372</Data>
      <Data Name="Image">C:\Program Files\PowerShell\7\pwsh.exe</Data>
      <Data Name="TargetFilename">C:\Windows\System32\INFInjection.INF</Data>
      <Data Name="CreationUtcTime">2025-12-31 07:45:05.274</Data>
      <Data Name="User">DESKTOP-U2U3HDH\rizz</Data>
    </EventData>
  </Event>
  <Event xmlns="http://schemas.microsoft.com/win/2004/08/events/event">
    <System>
      <Provider Name="Microsoft-Windows-Sysmon" Guid="{5770385f-c22a-43e0-bf4c-06f5698ffbd9}" />
      <EventID>13</EventID>
      <Version>2</Version>
      <Level>4</Level>
      <Task>13</Task>
      <Opcode>0</Opcode>
      <Keywords>0x8000000000000000</Keywords>
      <TimeCreated SystemTime="2025-12-31T07:45:05.8926342Z" />
      <EventRecordID>3793</EventRecordID>
      <Correlation />
      <Execution ProcessID="3996" ThreadID="3908" />
      <Channel>Microsoft-Windows-Sysmon/Operational</Channel>
      <Computer>DESKTOP-U2U3HDH</Computer>
      <Security UserID="S-1-5-18" />
    </System>
    <EventData>
      <Data Name="RuleName">-</Data>
      <Data Name="EventType">SetValue</Data>
      <Data Name="UtcTime">2025-12-31 07:45:05.785</Data>
      <Data Name="ProcessGuid">{bdb1c22b-d479-6954-2b05-000000001700}</Data>
      <Data Name="ProcessId">2372</Data>
      <Data Name="Image">C:\Program Files\PowerShell\7\pwsh.exe</Data>
      <Data Name="TargetObject">HKU\.DEFAULT\Software\Microsoft\Windows\CurrentVersion\Internet Settings\ZoneMap\ProxyBypass</Data>
      <Data Name="Details">DWORD (0x00000001)</Data>
      <Data Name="User">DESKTOP-U2U3HDH\rizz</Data>
    </EventData>
  </Event>
  <Event xmlns="http://schemas.microsoft.com/win/2004/08/events/event">
    <System>
      <Provider Name="Microsoft-Windows-Sysmon" Guid="{5770385f-c22a-43e0-bf4c-06f5698ffbd9}" />
      <EventID>13</EventID>
      <Version>2</Version>
      <Level>4</Level>
      <Task>13</Task>
      <Opcode>0</Opcode>
      <Keywords>0x8000000000000000</Keywords>
      <TimeCreated SystemTime="2025-12-31T07:45:05.8926982Z" />
      <EventRecordID>3794</EventRecordID>
      <Correlation />
      <Execution ProcessID="3996" ThreadID="3908" />
      <Channel>Microsoft-Windows-Sysmon/Operational</Channel>
      <Computer>DESKTOP-U2U3HDH</Computer>
      <Security UserID="S-1-5-18" />
    </System>
    <EventData>
      <Data Name="RuleName">-</Data>
      <Data Name="EventType">SetValue</Data>
      <Data Name="UtcTime">2025-12-31 07:45:05.785</Data>
      <Data Name="ProcessGuid">{bdb1c22b-d479-6954-2b05-000000001700}</Data>
      <Data Name="ProcessId">2372</Data>
      <Data Name="Image">C:\Program Files\PowerShell\7\pwsh.exe</Data>
      <Data Name="TargetObject">HKU\.DEFAULT\Software\Microsoft\Windows\CurrentVersion\Internet Settings\ZoneMap\IntranetName</Data>
      <Data Name="Details">DWORD (0x00000001)</Data>
      <Data Name="User">DESKTOP-U2U3HDH\rizz</Data>
    </EventData>
  </Event>
  <Event xmlns="http://schemas.microsoft.com/win/2004/08/events/event">
    <System>
      <Provider Name="Microsoft-Windows-Sysmon" Guid="{5770385f-c22a-43e0-bf4c-06f5698ffbd9}" />
      <EventID>13</EventID>
      <Version>2</Version>
      <Level>4</Level>
      <Task>13</Task>
      <Opcode>0</Opcode>
      <Keywords>0x8000000000000000</Keywords>
      <TimeCreated SystemTime="2025-12-31T07:45:05.8927951Z" />
      <EventRecordID>3795</EventRecordID>
      <Correlation />
      <Execution ProcessID="3996" ThreadID="3908" />
      <Channel>Microsoft-Windows-Sysmon/Operational</Channel>
      <Computer>DESKTOP-U2U3HDH</Computer>
      <Security UserID="S-1-5-18" />
    </System>
    <EventData>
      <Data Name="RuleName">-</Data>
      <Data Name="EventType">SetValue</Data>
      <Data Name="UtcTime">2025-12-31 07:45:05.785</Data>
      <Data Name="ProcessGuid">{bdb1c22b-d479-6954-2b05-000000001700}</Data>
      <Data Name="ProcessId">2372</Data>
      <Data Name="Image">C:\Program Files\PowerShell\7\pwsh.exe</Data>
      <Data Name="TargetObject">HKU\.DEFAULT\Software\Microsoft\Windows\CurrentVersion\Internet Settings\ZoneMap\UNCAsIntranet</Data>
      <Data Name="Details">DWORD (0x00000001)</Data>
      <Data Name="User">DESKTOP-U2U3HDH\rizz</Data>
    </EventData>
  </Event>
  <Event xmlns="http://schemas.microsoft.com/win/2004/08/events/event">
    <System>
      <Provider Name="Microsoft-Windows-Sysmon" Guid="{5770385f-c22a-43e0-bf4c-06f5698ffbd9}" />
      <EventID>13</EventID>
      <Version>2</Version>
      <Level>4</Level>
      <Task>13</Task>
      <Opcode>0</Opcode>
      <Keywords>0x8000000000000000</Keywords>
      <TimeCreated SystemTime="2025-12-31T07:45:05.8929676Z" />
      <EventRecordID>3796</EventRecordID>
      <Correlation />
      <Execution ProcessID="3996" ThreadID="3908" />
      <Channel>Microsoft-Windows-Sysmon/Operational</Channel>
      <Computer>DESKTOP-U2U3HDH</Computer>
      <Security UserID="S-1-5-18" />
    </System>
    <EventData>
      <Data Name="RuleName">-</Data>
      <Data Name="EventType">SetValue</Data>
      <Data Name="UtcTime">2025-12-31 07:45:05.785</Data>
      <Data Name="ProcessGuid">{bdb1c22b-d479-6954-2b05-000000001700}</Data>
      <Data Name="ProcessId">2372</Data>
      <Data Name="Image">C:\Program Files\PowerShell\7\pwsh.exe</Data>
      <Data Name="TargetObject">HKU\.DEFAULT\Software\Microsoft\Windows\CurrentVersion\Internet Settings\ZoneMap\AutoDetect</Data>
      <Data Name="Details">DWORD (0x00000000)</Data>
      <Data Name="User">DESKTOP-U2U3HDH\rizz</Data>
    </EventData>
  </Event>
  <Event xmlns="http://schemas.microsoft.com/win/2004/08/events/event">
    <System>
      <Provider Name="Microsoft-Windows-Sysmon" Guid="{5770385f-c22a-43e0-bf4c-06f5698ffbd9}" />
      <EventID>13</EventID>
      <Version>2</Version>
      <Level>4</Level>
      <Task>13</Task>
      <Opcode>0</Opcode>
      <Keywords>0x8000000000000000</Keywords>
      <TimeCreated SystemTime="2025-12-31T07:45:05.8932237Z" />
      <EventRecordID>3797</EventRecordID>
      <Correlation />
      <Execution ProcessID="3996" ThreadID="3908" />
      <Channel>Microsoft-Windows-Sysmon/Operational</Channel>
      <Computer>DESKTOP-U2U3HDH</Computer>
      <Security UserID="S-1-5-18" />
    </System>
    <EventData>
      <Data Name="RuleName">-</Data>
      <Data Name="EventType">SetValue</Data>
      <Data Name="UtcTime">2025-12-31 07:45:05.785</Data>
      <Data Name="ProcessGuid">{bdb1c22b-d479-6954-2b05-000000001700}</Data>
      <Data Name="ProcessId">2372</Data>
      <Data Name="Image">C:\Program Files\PowerShell\7\pwsh.exe</Data>
      <Data Name="TargetObject">HKU\.DEFAULT\Software\Microsoft\Windows\CurrentVersion\Internet Settings\ZoneMap\ProxyBypass</Data>
      <Data Name="Details">DWORD (0x00000001)</Data>
      <Data Name="User">DESKTOP-U2U3HDH\rizz</Data>
    </EventData>
  </Event>
  <Event xmlns="http://schemas.microsoft.com/win/2004/08/events/event">
    <System>
      <Provider Name="Microsoft-Windows-Sysmon" Guid="{5770385f-c22a-43e0-bf4c-06f5698ffbd9}" />
      <EventID>13</EventID>
      <Version>2</Version>
      <Level>4</Level>
      <Task>13</Task>
      <Opcode>0</Opcode>
      <Keywords>0x8000000000000000</Keywords>
      <TimeCreated SystemTime="2025-12-31T07:45:05.8932663Z" />
      <EventRecordID>3798</EventRecordID>
      <Correlation />
      <Execution ProcessID="3996" ThreadID="3908" />
      <Channel>Microsoft-Windows-Sysmon/Operational</Channel>
      <Computer>DESKTOP-U2U3HDH</Computer>
      <Security UserID="S-1-5-18" />
    </System>
    <EventData>
      <Data Name="RuleName">-</Data>
      <Data Name="EventType">SetValue</Data>
      <Data Name="UtcTime">2025-12-31 07:45:05.785</Data>
      <Data Name="ProcessGuid">{bdb1c22b-d479-6954-2b05-000000001700}</Data>
      <Data Name="ProcessId">2372</Data>
      <Data Name="Image">C:\Program Files\PowerShell\7\pwsh.exe</Data>
      <Data Name="TargetObject">HKU\.DEFAULT\Software\Microsoft\Windows\CurrentVersion\Internet Settings\ZoneMap\IntranetName</Data>
      <Data Name="Details">DWORD (0x00000001)</Data>
      <Data Name="User">DESKTOP-U2U3HDH\rizz</Data>
    </EventData>
  </Event>
  <Event xmlns="http://schemas.microsoft.com/win/2004/08/events/event">
    <System>
      <Provider Name="Microsoft-Windows-Sysmon" Guid="{5770385f-c22a-43e0-bf4c-06f5698ffbd9}" />
      <EventID>13</EventID>
      <Version>2</Version>
      <Level>4</Level>
      <Task>13</Task>
      <Opcode>0</Opcode>
      <Keywords>0x8000000000000000</Keywords>
      <TimeCreated SystemTime="2025-12-31T07:45:05.8933054Z" />
      <EventRecordID>3799</EventRecordID>
      <Correlation />
      <Execution ProcessID="3996" ThreadID="3908" />
      <Channel>Microsoft-Windows-Sysmon/Operational</Channel>
      <Computer>DESKTOP-U2U3HDH</Computer>
      <Security UserID="S-1-5-18" />
    </System>
    <EventData>
      <Data Name="RuleName">-</Data>
      <Data Name="EventType">SetValue</Data>
      <Data Name="UtcTime">2025-12-31 07:45:05.785</Data>
      <Data Name="ProcessGuid">{bdb1c22b-d479-6954-2b05-000000001700}</Data>
      <Data Name="ProcessId">2372</Data>
      <Data Name="Image">C:\Program Files\PowerShell\7\pwsh.exe</Data>
      <Data Name="TargetObject">HKU\.DEFAULT\Software\Microsoft\Windows\CurrentVersion\Internet Settings\ZoneMap\UNCAsIntranet</Data>
      <Data Name="Details">DWORD (0x00000001)</Data>
      <Data Name="User">DESKTOP-U2U3HDH\rizz</Data>
    </EventData>
  </Event>
  <Event xmlns="http://schemas.microsoft.com/win/2004/08/events/event">
    <System>
      <Provider Name="Microsoft-Windows-Sysmon" Guid="{5770385f-c22a-43e0-bf4c-06f5698ffbd9}" />
      <EventID>13</EventID>
      <Version>2</Version>
      <Level>4</Level>
      <Task>13</Task>
      <Opcode>0</Opcode>
      <Keywords>0x8000000000000000</Keywords>
      <TimeCreated SystemTime="2025-12-31T07:45:05.8933440Z" />
      <EventRecordID>3800</EventRecordID>
      <Correlation />
      <Execution ProcessID="3996" ThreadID="3908" />
      <Channel>Microsoft-Windows-Sysmon/Operational</Channel>
      <Computer>DESKTOP-U2U3HDH</Computer>
      <Security UserID="S-1-5-18" />
    </System>
    <EventData>
      <Data Name="RuleName">-</Data>
      <Data Name="EventType">SetValue</Data>
      <Data Name="UtcTime">2025-12-31 07:45:05.785</Data>
      <Data Name="ProcessGuid">{bdb1c22b-d479-6954-2b05-000000001700}</Data>
      <Data Name="ProcessId">2372</Data>
      <Data Name="Image">C:\Program Files\PowerShell\7\pwsh.exe</Data>
      <Data Name="TargetObject">HKU\.DEFAULT\Software\Microsoft\Windows\CurrentVersion\Internet Settings\ZoneMap\AutoDetect</Data>
      <Data Name="Details">DWORD (0x00000000)</Data>
      <Data Name="User">DESKTOP-U2U3HDH\rizz</Data>
    </EventData>
  </Event>
  <Event xmlns="http://schemas.microsoft.com/win/2004/08/events/event">
    <System>
      <Provider Name="Microsoft-Windows-Sysmon" Guid="{5770385f-c22a-43e0-bf4c-06f5698ffbd9}" />
      <EventID>13</EventID>
      <Version>2</Version>
      <Level>4</Level>
      <Task>13</Task>
      <Opcode>0</Opcode>
      <Keywords>0x8000000000000000</Keywords>
      <TimeCreated SystemTime="2025-12-31T07:45:06.2267540Z" />
      <EventRecordID>3811</EventRecordID>
      <Correlation />
      <Execution ProcessID="3996" ThreadID="3908" />
      <Channel>Microsoft-Windows-Sysmon/Operational</Channel>
      <Computer>DESKTOP-U2U3HDH</Computer>
      <Security UserID="S-1-5-18" />
    </System>
    <EventData>
      <Data Name="RuleName">-</Data>
      <Data Name="EventType">SetValue</Data>
      <Data Name="UtcTime">2025-12-31 07:45:06.224</Data>
      <Data Name="ProcessGuid">{bdb1c22b-d479-6954-2b05-000000001700}</Data>
      <Data Name="ProcessId">2372</Data>
      <Data Name="Image">C:\Program Files\PowerShell\7\pwsh.exe</Data>
      <Data Name="TargetObject">HKU\.DEFAULT\Software\Microsoft\Windows\CurrentVersion\Explorer\StartPage\StartMenu_Start_Time</Data>
      <Data Name="Details">Binary Data</Data>
      <Data Name="User">DESKTOP-U2U3HDH\rizz</Data>
    </EventData>
  </Event>
  <Event xmlns="http://schemas.microsoft.com/win/2004/08/events/event">
    <System>
      <Provider Name="Microsoft-Windows-Sysmon" Guid="{5770385f-c22a-43e0-bf4c-06f5698ffbd9}" />
      <EventID>1</EventID>
      <Version>5</Version>
      <Level>4</Level>
      <Task>1</Task>
      <Opcode>0</Opcode>
      <Keywords>0x8000000000000000</Keywords>
      <TimeCreated SystemTime="2025-12-31T07:45:06.2995223Z" />
      <EventRecordID>3815</EventRecordID>
      <Correlation />
      <Execution ProcessID="3996" ThreadID="3908" />
      <Channel>Microsoft-Windows-Sysmon/Operational</Channel>
      <Computer>DESKTOP-U2U3HDH</Computer>
      <Security UserID="S-1-5-18" />
    </System>
    <EventData>
      <Data Name="RuleName">-</Data>
      <Data Name="UtcTime">2025-12-31 07:45:06.285</Data>
      <Data Name="ProcessGuid">{bdb1c22b-d482-6954-2c05-000000001700}</Data>
      <Data Name="ProcessId">4364</Data>
      <Data Name="Image">C:\Windows\System32\InfDefaultInstall.exe</Data>
      <Data Name="FileVersion">5.2.3668.0</Data>
      <Data Name="Description">INF Default Install</Data>
      <Data Name="Product">Microsoft« Windows« Operating System</Data>
      <Data Name="Company">Microsoft Corporation</Data>
      <Data Name="OriginalFileName">InfDefaultInstall.EXE</Data>
      <Data Name="CommandLine">"C:\Windows\system32\InfDefaultInstall.exe" INFInjection.INF</Data>
      <Data Name="CurrentDirectory">C:\Windows\System32\</Data>
      <Data Name="User">DESKTOP-U2U3HDH\rizz</Data>
      <Data Name="LogonGuid">{bdb1c22b-d42b-6954-9eff-150000000000}</Data>
      <Data Name="LogonId">0x15ff9e</Data>
      <Data Name="TerminalSessionId">0</Data>
      <Data Name="IntegrityLevel">High</Data>
      <Data Name="Hashes">SHA1=F7FCB3D77DA74DEEE25DE9296A7C7335916504E3,MD5=EE18876C1E5DE583DE7547075975120E,SHA256=E59127B5FE82714956C7A1F10392A8673086A8E1F609E059935C7DA1FA015A5D,IMPHASH=3E175C26441FF14C3E974BD9038CB8CB</Data>
      <Data Name="ParentProcessGuid">{bdb1c22b-d479-6954-2b05-000000001700}</Data>
      <Data Name="ParentProcessId">2372</Data>
      <Data Name="ParentImage">C:\Program Files\PowerShell\7\pwsh.exe</Data>
      <Data Name="ParentCommandLine">"pwsh" -NonInteractive -File "C:\ProgramData\psandman\inputs\example_228_generated_train_openai.ps1"</Data>
      <Data Name="ParentUser">DESKTOP-U2U3HDH\rizz</Data>
    </EventData>
  </Event>
  <Event xmlns="http://schemas.microsoft.com/win/2004/08/events/event">
    <System>
      <Provider Name="Microsoft-Windows-Sysmon" Guid="{5770385f-c22a-43e0-bf4c-06f5698ffbd9}" />
      <EventID>11</EventID>
      <Version>2</Version>
      <Level>4</Level>
      <Task>11</Task>
      <Opcode>0</Opcode>
      <Keywords>0x8000000000000000</Keywords>
      <TimeCreated SystemTime="2025-12-31T07:45:15.0242818Z" />
      <EventRecordID>3856</EventRecordID>
      <Correlation />
      <Execution ProcessID="3996" ThreadID="3908" />
      <Channel>Microsoft-Windows-Sysmon/Operational</Channel>
      <Computer>DESKTOP-U2U3HDH</Computer>
      <Security UserID="S-1-5-18" />
    </System>
    <EventData>
      <Data Name="RuleName">-</Data>
      <Data Name="UtcTime">2025-12-31 07:45:15.021</Data>
      <Data Name="ProcessGuid">{bdb1c22b-d479-6954-2b05-000000001700}</Data>
      <Data Name="ProcessId">2372</Data>
      <Data Name="Image">C:\Program Files\PowerShell\7\pwsh.exe</Data>
      <Data Name="TargetFilename">C:\Users\rizz\AppData\Local\Microsoft\PowerShell\StartupProfileData-NonInteractive</Data>
      <Data Name="CreationUtcTime">2025-12-14 17:54:33.280</Data>
      <Data Name="User">DESKTOP-U2U3HDH\rizz</Data>
    </EventData>
  </Event>
  <Event xmlns="http://schemas.microsoft.com/win/2004/08/events/event">
    <System>
      <Provider Name="Microsoft-Windows-Sysmon" Guid="{5770385f-c22a-43e0-bf4c-06f5698ffbd9}" />
      <EventID>22</EventID>
      <Version>5</Version>
      <Level>4</Level>
      <Task>22</Task>
      <Opcode>0</Opcode>
      <Keywords>0x8000000000000000</Keywords>
      <TimeCreated SystemTime="2025-12-31T07:45:35.7286935Z" />
      <EventRecordID>4086</EventRecordID>
      <Correlation />
      <Execution ProcessID="3996" ThreadID="3780" />
      <Channel>Microsoft-Windows-Sysmon/Operational</Channel>
      <Computer>DESKTOP-U2U3HDH</Computer>
      <Security UserID="S-1-5-18" />
    </System>
    <EventData>
      <Data Name="RuleName">-</Data>
      <Data Name="UtcTime">2025-12-31 07:45:33.716</Data>
      <Data Name="ProcessGuid">{bdb1c22b-d479-6954-2b05-000000001700}</Data>
      <Data Name="ProcessId">2372</Data>
      <Data Name="QueryName">dc.services.visualstudio.com</Data>
      <Data Name="QueryStatus">9701</Data>
      <Data Name="QueryResults">-</Data>
      <Data Name="Image">C:\Program Files\PowerShell\7\pwsh.exe</Data>
      <Data Name="User">DESKTOP-U2U3HDH\rizz</Data>
    </EventData>
  </Event>
</root>