<root>
  <Event xmlns="http://schemas.microsoft.com/win/2004/08/events/event">
    <System>
      <Provider Name="Microsoft-Windows-Sysmon" Guid="{5770385f-c22a-43e0-bf4c-06f5698ffbd9}" />
      <EventID>1</EventID>
      <Version>5</Version>
      <Level>4</Level>
      <Task>1</Task>
      <Opcode>0</Opcode>
      <Keywords>0x8000000000000000</Keywords>
      <TimeCreated SystemTime="2026-01-23T15:08:31.7387014Z" />
      <EventRecordID>3553</EventRecordID>
      <Correlation />
      <Execution ProcessID="4868" ThreadID="8" />
      <Channel>Microsoft-Windows-Sysmon/Operational</Channel>
      <Computer>DESKTOP-U2U3HDH</Computer>
      <Security UserID="S-1-5-18" />
    </System>
    <EventData>
      <Data Name="RuleName">-</Data>
      <Data Name="UtcTime">2026-01-23 15:08:31.661</Data>
      <Data Name="ProcessGuid">{bdb1c22b-8eef-6973-5e05-000000001700}</Data>
      <Data Name="ProcessId">1564</Data>
      <Data Name="Image">C:\Program Files\PowerShell\7\pwsh.exe</Data>
      <Data Name="FileVersion">7.5.4.500</Data>
      <Data Name="Description">PowerShell 7</Data>
      <Data Name="Product">PowerShell</Data>
      <Data Name="Company">Microsoft Corporation</Data>
      <Data Name="OriginalFileName">pwsh.dll</Data>
      <Data Name="CommandLine">"pwsh" -NonInteractive -File "C:\ProgramData\psandman\inputs\example_1633_train_generated.ps1"</Data>
      <Data Name="CurrentDirectory">C:\Windows\system32\</Data>
      <Data Name="User">DESKTOP-U2U3HDH\rizz</Data>
      <Data Name="LogonGuid">{bdb1c22b-8ec1-6973-e6ba-160000000000}</Data>
      <Data Name="LogonId">0x16bae6</Data>
      <Data Name="TerminalSessionId">0</Data>
      <Data Name="IntegrityLevel">High</Data>
      <Data Name="Hashes">SHA1=97C1583FAD2DE5B1ED2AEAD21B938FBF6E946DAF,MD5=77D8EFAF7D34FE7B6974A448CF541FF2,SHA256=A7AD362B22E0E289772CCCF78C7AF3B99E32F3084E675392E4A9FFDDF380BF05,IMPHASH=7A8C872F8E13D32F36A675B52EDA1D6E</Data>
      <Data Name="ParentProcessGuid">{bdb1c22b-8ec2-6973-4d05-000000001700}</Data>
      <Data Name="ParentProcessId">5100</Data>
      <Data Name="ParentImage">C:\Program Files\PowerShell\7\pwsh.exe</Data>
      <Data Name="ParentCommandLine">"C:\Program Files\PowerShell\7\pwsh.exe" -NoProfile -ExecutionPolicy Bypass -Command "&amp; C:/ProgramData/psandman/exec-analysis-scripts.ps1 example_1633_train_generated.ps1"</Data>
      <Data Name="ParentUser">DESKTOP-U2U3HDH\rizz</Data>
    </EventData>
  </Event>
  <Event xmlns="http://schemas.microsoft.com/win/2004/08/events/event">
    <System>
      <Provider Name="Microsoft-Windows-Sysmon" Guid="{5770385f-c22a-43e0-bf4c-06f5698ffbd9}" />
      <EventID>11</EventID>
      <Version>2</Version>
      <Level>4</Level>
      <Task>11</Task>
      <Opcode>0</Opcode>
      <Keywords>0x8000000000000000</Keywords>
      <TimeCreated SystemTime="2026-01-23T15:08:34.8501813Z" />
      <EventRecordID>3630</EventRecordID>
      <Correlation />
      <Execution ProcessID="4868" ThreadID="8" />
      <Channel>Microsoft-Windows-Sysmon/Operational</Channel>
      <Computer>DESKTOP-U2U3HDH</Computer>
      <Security UserID="S-1-5-18" />
    </System>
    <EventData>
      <Data Name="RuleName">-</Data>
      <Data Name="UtcTime">2026-01-23 15:08:34.847</Data>
      <Data Name="ProcessGuid">{bdb1c22b-8eef-6973-5e05-000000001700}</Data>
      <Data Name="ProcessId">1564</Data>
      <Data Name="Image">C:\Program Files\PowerShell\7\pwsh.exe</Data>
      <Data Name="TargetFilename">C:\Users\rizz\AppData\Local\Temp\__PSScriptPolicyTest_g0uooqh2.yj0.ps1</Data>
      <Data Name="CreationUtcTime">2026-01-23 15:08:34.847</Data>
      <Data Name="User">DESKTOP-U2U3HDH\rizz</Data>
    </EventData>
  </Event>
  <Event xmlns="http://schemas.microsoft.com/win/2004/08/events/event">
    <System>
      <Provider Name="Microsoft-Windows-Sysmon" Guid="{5770385f-c22a-43e0-bf4c-06f5698ffbd9}" />
      <EventID>11</EventID>
      <Version>2</Version>
      <Level>4</Level>
      <Task>11</Task>
      <Opcode>0</Opcode>
      <Keywords>0x8000000000000000</Keywords>
      <TimeCreated SystemTime="2026-01-23T15:08:34.8529736Z" />
      <EventRecordID>3631</EventRecordID>
      <Correlation />
      <Execution ProcessID="4868" ThreadID="8" />
      <Channel>Microsoft-Windows-Sysmon/Operational</Channel>
      <Computer>DESKTOP-U2U3HDH</Computer>
      <Security UserID="S-1-5-18" />
    </System>
    <EventData>
      <Data Name="RuleName">-</Data>
      <Data Name="UtcTime">2026-01-23 15:08:34.847</Data>
      <Data Name="ProcessGuid">{bdb1c22b-8eef-6973-5e05-000000001700}</Data>
      <Data Name="ProcessId">1564</Data>
      <Data Name="Image">C:\Program Files\PowerShell\7\pwsh.exe</Data>
      <Data Name="TargetFilename">C:\Users\rizz\AppData\Local\Temp\__PSScriptPolicyTest_oyewavnp.tqw.psm1</Data>
      <Data Name="CreationUtcTime">2026-01-23 15:08:34.847</Data>
      <Data Name="User">DESKTOP-U2U3HDH\rizz</Data>
    </EventData>
  </Event>
  <Event xmlns="http://schemas.microsoft.com/win/2004/08/events/event">
    <System>
      <Provider Name="Microsoft-Windows-Sysmon" Guid="{5770385f-c22a-43e0-bf4c-06f5698ffbd9}" />
      <EventID>1</EventID>
      <Version>5</Version>
      <Level>4</Level>
      <Task>1</Task>
      <Opcode>0</Opcode>
      <Keywords>0x8000000000000000</Keywords>
      <TimeCreated SystemTime="2026-01-23T15:08:37.7377203Z" />
      <EventRecordID>3691</EventRecordID>
      <Correlation />
      <Execution ProcessID="4868" ThreadID="8" />
      <Channel>Microsoft-Windows-Sysmon/Operational</Channel>
      <Computer>DESKTOP-U2U3HDH</Computer>
      <Security UserID="S-1-5-18" />
    </System>
    <EventData>
      <Data Name="RuleName">-</Data>
      <Data Name="UtcTime">2026-01-23 15:08:37.685</Data>
      <Data Name="ProcessGuid">{bdb1c22b-8ef5-6973-5f05-000000001700}</Data>
      <Data Name="ProcessId">4176</Data>
      <Data Name="Image">C:\Windows\System32\WindowsPowerShell\v1.0\powershell.exe</Data>
      <Data Name="FileVersion">10.0.19041.2913 (WinBuild.160101.0800)</Data>
      <Data Name="Description">Windows PowerShell</Data>
      <Data Name="Product">Microsoft« Windows« Operating System</Data>
      <Data Name="Company">Microsoft Corporation</Data>
      <Data Name="OriginalFileName">PowerShell.EXE</Data>
      <Data Name="CommandLine">"C:\Windows\System32\WindowsPowerShell\v1.0\powershell.exe" -Version 5.1 -s -NoLogo -NoProfile</Data>
      <Data Name="CurrentDirectory">C:\Windows\system32\</Data>
      <Data Name="User">DESKTOP-U2U3HDH\rizz</Data>
      <Data Name="LogonGuid">{bdb1c22b-8ec1-6973-e6ba-160000000000}</Data>
      <Data Name="LogonId">0x16bae6</Data>
      <Data Name="TerminalSessionId">0</Data>
      <Data Name="IntegrityLevel">High</Data>
      <Data Name="Hashes">SHA1=EB39E26A364ECD0691A59FCEF61A90334112617E,MD5=BCF01E61144D6D6325650134823198B8,SHA256=B4E7BC24BF3F5C3DA2EB6E9EC5EC10F90099DEFA91B820F2F3FC70DD9E4785C4,IMPHASH=88CB9A420410BDA787E305B65518A934</Data>
      <Data Name="ParentProcessGuid">{bdb1c22b-8eef-6973-5e05-000000001700}</Data>
      <Data Name="ParentProcessId">1564</Data>
      <Data Name="ParentImage">C:\Program Files\PowerShell\7\pwsh.exe</Data>
      <Data Name="ParentCommandLine">"pwsh" -NonInteractive -File "C:\ProgramData\psandman\inputs\example_1633_train_generated.ps1"</Data>
      <Data Name="ParentUser">DESKTOP-U2U3HDH\rizz</Data>
    </EventData>
  </Event>
  <Event xmlns="http://schemas.microsoft.com/win/2004/08/events/event">
    <System>
      <Provider Name="Microsoft-Windows-Sysmon" Guid="{5770385f-c22a-43e0-bf4c-06f5698ffbd9}" />
      <EventID>11</EventID>
      <Version>2</Version>
      <Level>4</Level>
      <Task>11</Task>
      <Opcode>0</Opcode>
      <Keywords>0x8000000000000000</Keywords>
      <TimeCreated SystemTime="2026-01-23T15:08:41.4684582Z" />
      <EventRecordID>3768</EventRecordID>
      <Correlation />
      <Execution ProcessID="4868" ThreadID="8" />
      <Channel>Microsoft-Windows-Sysmon/Operational</Channel>
      <Computer>DESKTOP-U2U3HDH</Computer>
      <Security UserID="S-1-5-18" />
    </System>
    <EventData>
      <Data Name="RuleName">-</Data>
      <Data Name="UtcTime">2026-01-23 15:08:41.453</Data>
      <Data Name="ProcessGuid">{bdb1c22b-8ef5-6973-5f05-000000001700}</Data>
      <Data Name="ProcessId">4176</Data>
      <Data Name="Image">C:\Windows\System32\WindowsPowerShell\v1.0\powershell.exe</Data>
      <Data Name="TargetFilename">C:\Users\rizz\AppData\Local\Temp\__PSScriptPolicyTest_zgw2lg0u.nfc.ps1</Data>
      <Data Name="CreationUtcTime">2026-01-23 15:08:41.453</Data>
      <Data Name="User">DESKTOP-U2U3HDH\rizz</Data>
    </EventData>
  </Event>
  <Event xmlns="http://schemas.microsoft.com/win/2004/08/events/event">
    <System>
      <Provider Name="Microsoft-Windows-Sysmon" Guid="{5770385f-c22a-43e0-bf4c-06f5698ffbd9}" />
      <EventID>11</EventID>
      <Version>2</Version>
      <Level>4</Level>
      <Task>11</Task>
      <Opcode>0</Opcode>
      <Keywords>0x8000000000000000</Keywords>
      <TimeCreated SystemTime="2026-01-23T15:08:41.4699702Z" />
      <EventRecordID>3769</EventRecordID>
      <Correlation />
      <Execution ProcessID="4868" ThreadID="8" />
      <Channel>Microsoft-Windows-Sysmon/Operational</Channel>
      <Computer>DESKTOP-U2U3HDH</Computer>
      <Security UserID="S-1-5-18" />
    </System>
    <EventData>
      <Data Name="RuleName">-</Data>
      <Data Name="UtcTime">2026-01-23 15:08:41.453</Data>
      <Data Name="ProcessGuid">{bdb1c22b-8ef5-6973-5f05-000000001700}</Data>
      <Data Name="ProcessId">4176</Data>
      <Data Name="Image">C:\Windows\System32\WindowsPowerShell\v1.0\powershell.exe</Data>
      <Data Name="TargetFilename">C:\Users\rizz\AppData\Local\Temp\__PSScriptPolicyTest_p1uq4dmt.qaf.psm1</Data>
      <Data Name="CreationUtcTime">2026-01-23 15:08:41.453</Data>
      <Data Name="User">DESKTOP-U2U3HDH\rizz</Data>
    </EventData>
  </Event>
  <Event xmlns="http://schemas.microsoft.com/win/2004/08/events/event">
    <System>
      <Provider Name="Microsoft-Windows-Sysmon" Guid="{5770385f-c22a-43e0-bf4c-06f5698ffbd9}" />
      <EventID>11</EventID>
      <Version>2</Version>
      <Level>4</Level>
      <Task>11</Task>
      <Opcode>0</Opcode>
      <Keywords>0x8000000000000000</Keywords>
      <TimeCreated SystemTime="2026-01-23T15:08:46.3780949Z" />
      <EventRecordID>3796</EventRecordID>
      <Correlation />
      <Execution ProcessID="4868" ThreadID="8" />
      <Channel>Microsoft-Windows-Sysmon/Operational</Channel>
      <Computer>DESKTOP-U2U3HDH</Computer>
      <Security UserID="S-1-5-18" />
    </System>
    <EventData>
      <Data Name="RuleName">-</Data>
      <Data Name="UtcTime">2026-01-23 15:08:46.373</Data>
      <Data Name="ProcessGuid">{bdb1c22b-8eef-6973-5e05-000000001700}</Data>
      <Data Name="ProcessId">1564</Data>
      <Data Name="Image">C:\Program Files\PowerShell\7\pwsh.exe</Data>
      <Data Name="TargetFilename">C:\Users\rizz\AppData\Local\Microsoft\PowerShell\StartupProfileData-NonInteractive</Data>
      <Data Name="CreationUtcTime">2025-12-14 17:54:33.280</Data>
      <Data Name="User">DESKTOP-U2U3HDH\rizz</Data>
    </EventData>
  </Event>
  <Event xmlns="http://schemas.microsoft.com/win/2004/08/events/event">
    <System>
      <Provider Name="Microsoft-Windows-Sysmon" Guid="{5770385f-c22a-43e0-bf4c-06f5698ffbd9}" />
      <EventID>11</EventID>
      <Version>2</Version>
      <Level>4</Level>
      <Task>11</Task>
      <Opcode>0</Opcode>
      <Keywords>0x8000000000000000</Keywords>
      <TimeCreated SystemTime="2026-01-23T15:08:47.8708824Z" />
      <EventRecordID>3799</EventRecordID>
      <Correlation />
      <Execution ProcessID="4868" ThreadID="8" />
      <Channel>Microsoft-Windows-Sysmon/Operational</Channel>
      <Computer>DESKTOP-U2U3HDH</Computer>
      <Security UserID="S-1-5-18" />
    </System>
    <EventData>
      <Data Name="RuleName">-</Data>
      <Data Name="UtcTime">2026-01-23 15:08:47.861</Data>
      <Data Name="ProcessGuid">{bdb1c22b-8eef-6973-5e05-000000001700}</Data>
      <Data Name="ProcessId">1564</Data>
      <Data Name="Image">C:\Program Files\PowerShell\7\pwsh.exe</Data>
      <Data Name="TargetFilename">C:\Users\rizz\AppData\Local\Temp\remoteIpMoProxy_PowerSploit_3.0.0.0_localhost_816bda43-efa3-413a-848e-de283e91664f</Data>
      <Data Name="CreationUtcTime">2026-01-23 15:08:47.861</Data>
      <Data Name="User">DESKTOP-U2U3HDH\rizz</Data>
    </EventData>
  </Event>
  <Event xmlns="http://schemas.microsoft.com/win/2004/08/events/event">
    <System>
      <Provider Name="Microsoft-Windows-Sysmon" Guid="{5770385f-c22a-43e0-bf4c-06f5698ffbd9}" />
      <EventID>11</EventID>
      <Version>2</Version>
      <Level>4</Level>
      <Task>11</Task>
      <Opcode>0</Opcode>
      <Keywords>0x8000000000000000</Keywords>
      <TimeCreated SystemTime="2026-01-23T15:08:47.8714180Z" />
      <EventRecordID>3800</EventRecordID>
      <Correlation />
      <Execution ProcessID="4868" ThreadID="8" />
      <Channel>Microsoft-Windows-Sysmon/Operational</Channel>
      <Computer>DESKTOP-U2U3HDH</Computer>
      <Security UserID="S-1-5-18" />
    </System>
    <EventData>
      <Data Name="RuleName">-</Data>
      <Data Name="UtcTime">2026-01-23 15:08:47.861</Data>
      <Data Name="ProcessGuid">{bdb1c22b-8eef-6973-5e05-000000001700}</Data>
      <Data Name="ProcessId">1564</Data>
      <Data Name="Image">C:\Program Files\PowerShell\7\pwsh.exe</Data>
      <Data Name="TargetFilename">C:\Users\rizz\AppData\Local\Temp\tmp_n1lr3puu.uco</Data>
      <Data Name="CreationUtcTime">2026-01-23 15:08:47.861</Data>
      <Data Name="User">DESKTOP-U2U3HDH\rizz</Data>
    </EventData>
  </Event>
  <Event xmlns="http://schemas.microsoft.com/win/2004/08/events/event">
    <System>
      <Provider Name="Microsoft-Windows-Sysmon" Guid="{5770385f-c22a-43e0-bf4c-06f5698ffbd9}" />
      <EventID>11</EventID>
      <Version>2</Version>
      <Level>4</Level>
      <Task>11</Task>
      <Opcode>0</Opcode>
      <Keywords>0x8000000000000000</Keywords>
      <TimeCreated SystemTime="2026-01-23T15:08:48.6837559Z" />
      <EventRecordID>3802</EventRecordID>
      <Correlation />
      <Execution ProcessID="4868" ThreadID="8" />
      <Channel>Microsoft-Windows-Sysmon/Operational</Channel>
      <Computer>DESKTOP-U2U3HDH</Computer>
      <Security UserID="S-1-5-18" />
    </System>
    <EventData>
      <Data Name="RuleName">-</Data>
      <Data Name="UtcTime">2026-01-23 15:08:48.679</Data>
      <Data Name="ProcessGuid">{bdb1c22b-8eef-6973-5e05-000000001700}</Data>
      <Data Name="ProcessId">1564</Data>
      <Data Name="Image">C:\Program Files\PowerShell\7\pwsh.exe</Data>
      <Data Name="TargetFilename">C:\Users\rizz\AppData\Local\Microsoft\PowerShell\ModuleAnalysisCache-0C86AEE9</Data>
      <Data Name="CreationUtcTime">2025-12-15 07:06:03.741</Data>
      <Data Name="User">DESKTOP-U2U3HDH\rizz</Data>
    </EventData>
  </Event>
  <Event xmlns="http://schemas.microsoft.com/win/2004/08/events/event">
    <System>
      <Provider Name="Microsoft-Windows-Sysmon" Guid="{5770385f-c22a-43e0-bf4c-06f5698ffbd9}" />
      <EventID>11</EventID>
      <Version>2</Version>
      <Level>4</Level>
      <Task>11</Task>
      <Opcode>0</Opcode>
      <Keywords>0x8000000000000000</Keywords>
      <TimeCreated SystemTime="2026-01-23T15:08:49.4508987Z" />
      <EventRecordID>3803</EventRecordID>
      <Correlation />
      <Execution ProcessID="4868" ThreadID="8" />
      <Channel>Microsoft-Windows-Sysmon/Operational</Channel>
      <Computer>DESKTOP-U2U3HDH</Computer>
      <Security UserID="S-1-5-18" />
    </System>
    <EventData>
      <Data Name="RuleName">-</Data>
      <Data Name="UtcTime">2026-01-23 15:08:49.448</Data>
      <Data Name="ProcessGuid">{bdb1c22b-8eef-6973-5e05-000000001700}</Data>
      <Data Name="ProcessId">1564</Data>
      <Data Name="Image">C:\Program Files\PowerShell\7\pwsh.exe</Data>
      <Data Name="TargetFilename">C:\Users\rizz\AppData\Local\Temp\tmp_n1lr3puu.uco\remoteIpMoProxy_PowerSploit_3.0.0.0_localhost_816bda43-efa3-413a-848e-de283e91664f.psm1</Data>
      <Data Name="CreationUtcTime">2026-01-23 15:08:49.441</Data>
      <Data Name="User">DESKTOP-U2U3HDH\rizz</Data>
    </EventData>
  </Event>
  <Event xmlns="http://schemas.microsoft.com/win/2004/08/events/event">
    <System>
      <Provider Name="Microsoft-Windows-Sysmon" Guid="{5770385f-c22a-43e0-bf4c-06f5698ffbd9}" />
      <EventID>11</EventID>
      <Version>2</Version>
      <Level>4</Level>
      <Task>11</Task>
      <Opcode>0</Opcode>
      <Keywords>0x8000000000000000</Keywords>
      <TimeCreated SystemTime="2026-01-23T15:08:49.4686034Z" />
      <EventRecordID>3804</EventRecordID>
      <Correlation />
      <Execution ProcessID="4868" ThreadID="8" />
      <Channel>Microsoft-Windows-Sysmon/Operational</Channel>
      <Computer>DESKTOP-U2U3HDH</Computer>
      <Security UserID="S-1-5-18" />
    </System>
    <EventData>
      <Data Name="RuleName">-</Data>
      <Data Name="UtcTime">2026-01-23 15:08:49.460</Data>
      <Data Name="ProcessGuid">{bdb1c22b-8eef-6973-5e05-000000001700}</Data>
      <Data Name="ProcessId">1564</Data>
      <Data Name="Image">C:\Program Files\PowerShell\7\pwsh.exe</Data>
      <Data Name="TargetFilename">C:\Users\rizz\AppData\Local\Temp\tmp_n1lr3puu.uco\remoteIpMoProxy_PowerSploit_3.0.0.0_localhost_816bda43-efa3-413a-848e-de283e91664f.format.ps1xml</Data>
      <Data Name="CreationUtcTime">2026-01-23 15:08:49.460</Data>
      <Data Name="User">DESKTOP-U2U3HDH\rizz</Data>
    </EventData>
  </Event>
  <Event xmlns="http://schemas.microsoft.com/win/2004/08/events/event">
    <System>
      <Provider Name="Microsoft-Windows-Sysmon" Guid="{5770385f-c22a-43e0-bf4c-06f5698ffbd9}" />
      <EventID>11</EventID>
      <Version>2</Version>
      <Level>4</Level>
      <Task>11</Task>
      <Opcode>0</Opcode>
      <Keywords>0x8000000000000000</Keywords>
      <TimeCreated SystemTime="2026-01-23T15:08:49.4733155Z" />
      <EventRecordID>3805</EventRecordID>
      <Correlation />
      <Execution ProcessID="4868" ThreadID="8" />
      <Channel>Microsoft-Windows-Sysmon/Operational</Channel>
      <Computer>DESKTOP-U2U3HDH</Computer>
      <Security UserID="S-1-5-18" />
    </System>
    <EventData>
      <Data Name="RuleName">-</Data>
      <Data Name="UtcTime">2026-01-23 15:08:49.460</Data>
      <Data Name="ProcessGuid">{bdb1c22b-8eef-6973-5e05-000000001700}</Data>
      <Data Name="ProcessId">1564</Data>
      <Data Name="Image">C:\Program Files\PowerShell\7\pwsh.exe</Data>
      <Data Name="TargetFilename">C:\Users\rizz\AppData\Local\Temp\tmp_n1lr3puu.uco\remoteIpMoProxy_PowerSploit_3.0.0.0_localhost_816bda43-efa3-413a-848e-de283e91664f.psd1</Data>
      <Data Name="CreationUtcTime">2026-01-23 15:08:49.460</Data>
      <Data Name="User">DESKTOP-U2U3HDH\rizz</Data>
    </EventData>
  </Event>
  <Event xmlns="http://schemas.microsoft.com/win/2004/08/events/event">
    <System>
      <Provider Name="Microsoft-Windows-Sysmon" Guid="{5770385f-c22a-43e0-bf4c-06f5698ffbd9}" />
      <EventID>11</EventID>
      <Version>2</Version>
      <Level>4</Level>
      <Task>11</Task>
      <Opcode>0</Opcode>
      <Keywords>0x8000000000000000</Keywords>
      <TimeCreated SystemTime="2026-01-23T15:08:49.5237168Z" />
      <EventRecordID>3806</EventRecordID>
      <Correlation />
      <Execution ProcessID="4868" ThreadID="8" />
      <Channel>Microsoft-Windows-Sysmon/Operational</Channel>
      <Computer>DESKTOP-U2U3HDH</Computer>
      <Security UserID="S-1-5-18" />
    </System>
    <EventData>
      <Data Name="RuleName">-</Data>
      <Data Name="UtcTime">2026-01-23 15:08:49.498</Data>
      <Data Name="ProcessGuid">{bdb1c22b-8eef-6973-5e05-000000001700}</Data>
      <Data Name="ProcessId">1564</Data>
      <Data Name="Image">C:\Program Files\PowerShell\7\pwsh.exe</Data>
      <Data Name="TargetFilename">C:\Users\rizz\AppData\Local\Temp\remoteIpMoProxy_PowerSploit_3.0.0.0_localhost_816bda43-efa3-413a-848e-de283e91664f\remoteIpMoProxy_PowerSploit_3.0.0.0_localhost_816bda43-efa3-413a-848e-de283e91664f.format.ps1xml</Data>
      <Data Name="CreationUtcTime">2026-01-23 15:08:49.498</Data>
      <Data Name="User">DESKTOP-U2U3HDH\rizz</Data>
    </EventData>
  </Event>
  <Event xmlns="http://schemas.microsoft.com/win/2004/08/events/event">
    <System>
      <Provider Name="Microsoft-Windows-Sysmon" Guid="{5770385f-c22a-43e0-bf4c-06f5698ffbd9}" />
      <EventID>11</EventID>
      <Version>2</Version>
      <Level>4</Level>
      <Task>11</Task>
      <Opcode>0</Opcode>
      <Keywords>0x8000000000000000</Keywords>
      <TimeCreated SystemTime="2026-01-23T15:08:49.5890920Z" />
      <EventRecordID>3808</EventRecordID>
      <Correlation />
      <Execution ProcessID="4868" ThreadID="8" />
      <Channel>Microsoft-Windows-Sysmon/Operational</Channel>
      <Computer>DESKTOP-U2U3HDH</Computer>
      <Security UserID="S-1-5-18" />
    </System>
    <EventData>
      <Data Name="RuleName">-</Data>
      <Data Name="UtcTime">2026-01-23 15:08:49.584</Data>
      <Data Name="ProcessGuid">{bdb1c22b-8eef-6973-5e05-000000001700}</Data>
      <Data Name="ProcessId">1564</Data>
      <Data Name="Image">C:\Program Files\PowerShell\7\pwsh.exe</Data>
      <Data Name="TargetFilename">C:\Users\rizz\AppData\Local\Temp\remoteIpMoProxy_PowerSploit_3.0.0.0_localhost_816bda43-efa3-413a-848e-de283e91664f\remoteIpMoProxy_PowerSploit_3.0.0.0_localhost_816bda43-efa3-413a-848e-de283e91664f.psd1</Data>
      <Data Name="CreationUtcTime">2026-01-23 15:08:49.584</Data>
      <Data Name="User">DESKTOP-U2U3HDH\rizz</Data>
    </EventData>
  </Event>
  <Event xmlns="http://schemas.microsoft.com/win/2004/08/events/event">
    <System>
      <Provider Name="Microsoft-Windows-Sysmon" Guid="{5770385f-c22a-43e0-bf4c-06f5698ffbd9}" />
      <EventID>11</EventID>
      <Version>2</Version>
      <Level>4</Level>
      <Task>11</Task>
      <Opcode>0</Opcode>
      <Keywords>0x8000000000000000</Keywords>
      <TimeCreated SystemTime="2026-01-23T15:08:49.5938312Z" />
      <EventRecordID>3809</EventRecordID>
      <Correlation />
      <Execution ProcessID="4868" ThreadID="8" />
      <Channel>Microsoft-Windows-Sysmon/Operational</Channel>
      <Computer>DESKTOP-U2U3HDH</Computer>
      <Security UserID="S-1-5-18" />
    </System>
    <EventData>
      <Data Name="RuleName">-</Data>
      <Data Name="UtcTime">2026-01-23 15:08:49.584</Data>
      <Data Name="ProcessGuid">{bdb1c22b-8eef-6973-5e05-000000001700}</Data>
      <Data Name="ProcessId">1564</Data>
      <Data Name="Image">C:\Program Files\PowerShell\7\pwsh.exe</Data>
      <Data Name="TargetFilename">C:\Users\rizz\AppData\Local\Temp\remoteIpMoProxy_PowerSploit_3.0.0.0_localhost_816bda43-efa3-413a-848e-de283e91664f\remoteIpMoProxy_PowerSploit_3.0.0.0_localhost_816bda43-efa3-413a-848e-de283e91664f.psm1</Data>
      <Data Name="CreationUtcTime">2026-01-23 15:08:49.584</Data>
      <Data Name="User">DESKTOP-U2U3HDH\rizz</Data>
    </EventData>
  </Event>
</root>