<root>
  <Event xmlns="http://schemas.microsoft.com/win/2004/08/events/event">
    <System>
      <Provider Name="PowerShellCore" Guid="{f90714a8-5509-434a-bf6d-b1624c8a19a2}" />
      <EventID>40961</EventID>
      <Version>1</Version>
      <Level>4</Level>
      <Task>4</Task>
      <Opcode>1</Opcode>
      <Keywords>0x0</Keywords>
      <TimeCreated SystemTime="2026-01-23T15:08:34.8460161Z" />
      <EventRecordID>1289</EventRecordID>
      <Correlation ActivityID="{026a7b18-8c78-0001-9888-6a02788cdc01}" />
      <Execution ProcessID="1564" ThreadID="3784" />
      <Channel>PowerShellCore/Operational</Channel>
      <Computer>DESKTOP-U2U3HDH</Computer>
      <Security UserID="S-1-5-21-564872773-1291138996-2393293407-1001" />
    </System>
    <EventData>
    </EventData>
  </Event>
  <Event xmlns="http://schemas.microsoft.com/win/2004/08/events/event">
    <System>
      <Provider Name="PowerShellCore" Guid="{f90714a8-5509-434a-bf6d-b1624c8a19a2}" />
      <EventID>53504</EventID>
      <Version>1</Version>
      <Level>4</Level>
      <Task>111</Task>
      <Opcode>10</Opcode>
      <Keywords>0x0</Keywords>
      <TimeCreated SystemTime="2026-01-23T15:08:36.2755668Z" />
      <EventRecordID>1290</EventRecordID>
      <Correlation />
      <Execution ProcessID="1564" ThreadID="1416" />
      <Channel>PowerShellCore/Operational</Channel>
      <Computer>DESKTOP-U2U3HDH</Computer>
      <Security UserID="S-1-5-21-564872773-1291138996-2393293407-1001" />
    </System>
    <EventData>
      <Data Name="param1">1564</Data>
      <Data Name="param2">DefaultAppDomain</Data>
    </EventData>
  </Event>
  <Event xmlns="http://schemas.microsoft.com/win/2004/08/events/event">
    <System>
      <Provider Name="PowerShellCore" Guid="{f90714a8-5509-434a-bf6d-b1624c8a19a2}" />
      <EventID>40962</EventID>
      <Version>1</Version>
      <Level>4</Level>
      <Task>4</Task>
      <Opcode>2</Opcode>
      <Keywords>0x0</Keywords>
      <TimeCreated SystemTime="2026-01-23T15:08:36.8194275Z" />
      <EventRecordID>1291</EventRecordID>
      <Correlation ActivityID="{026a7b18-8c78-0001-9888-6a02788cdc01}" />
      <Execution ProcessID="1564" ThreadID="3784" />
      <Channel>PowerShellCore/Operational</Channel>
      <Computer>DESKTOP-U2U3HDH</Computer>
      <Security UserID="S-1-5-21-564872773-1291138996-2393293407-1001" />
    </System>
    <EventData>
    </EventData>
  </Event>
  <Event xmlns="http://schemas.microsoft.com/win/2004/08/events/event">
    <System>
      <Provider Name="PowerShellCore" Guid="{f90714a8-5509-434a-bf6d-b1624c8a19a2}" />
      <EventID>4104</EventID>
      <Version>1</Version>
      <Level>5</Level>
      <Task>2</Task>
      <Opcode>15</Opcode>
      <Keywords>0x0</Keywords>
      <TimeCreated SystemTime="2026-01-23T15:08:37.0982012Z" />
      <EventRecordID>1292</EventRecordID>
      <Correlation ActivityID="{026a7b18-8c78-0001-9a88-6a02788cdc01}" />
      <Execution ProcessID="1564" ThreadID="840" />
      <Channel>PowerShellCore/Operational</Channel>
      <Computer>DESKTOP-U2U3HDH</Computer>
      <Security UserID="S-1-5-21-564872773-1291138996-2393293407-1001" />
    </System>
    <EventData>
      <Data Name="MessageNumber">1</Data>
      <Data Name="MessageTotal">1</Data>
      <Data Name="ScriptBlockText">Invoke-Shellcode -Shellcode ([byte[]]@(0xE9, 0x90, 0xC3))</Data>
      <Data Name="ScriptBlockId">07fcbfd8-6566-4cc3-8c0d-0a9e75fca71f</Data>
      <Data Name="Path">C:\ProgramData\psandman\inputs\example_1633_train_generated.ps1</Data>
    </EventData>
  </Event>
  <Event xmlns="http://schemas.microsoft.com/win/2004/08/events/event">
    <System>
      <Provider Name="PowerShellCore" Guid="{f90714a8-5509-434a-bf6d-b1624c8a19a2}" />
      <EventID>4104</EventID>
      <Version>1</Version>
      <Level>5</Level>
      <Task>2</Task>
      <Opcode>15</Opcode>
      <Keywords>0x0</Keywords>
      <TimeCreated SystemTime="2026-01-23T15:08:37.3903146Z" />
      <EventRecordID>1293</EventRecordID>
      <Correlation ActivityID="{026a7b18-8c78-0003-5e88-6a02788cdc01}" />
      <Execution ProcessID="1564" ThreadID="840" />
      <Channel>PowerShellCore/Operational</Channel>
      <Computer>DESKTOP-U2U3HDH</Computer>
      <Security UserID="S-1-5-21-564872773-1291138996-2393293407-1001" />
    </System>
    <EventData>
      <Data Name="MessageNumber">1</Data>
      <Data Name="MessageTotal">1</Data>
      <Data Name="ScriptBlockText"># module.psd1
@{
    ModuleVersion = '1.0'
    GUID = '73007eb8-e713-473b-8209-a0461cbfabec'
    Author = 'Your Name'
    RootModule = 'malicious-cmds.psm1'
    CompanyName = 'You'
    Copyright = '(c)'
    Description = 'Description'
    PowerShellVersion = '5.1.0'
    FunctionsToExport = '*'
    CmdletsToExport = '*'
    VariablesToExport = '*'
    AliasesToExport = ''
}</Data>
      <Data Name="ScriptBlockId">17a6e2f3-a2be-48f7-8986-68fca16c3978</Data>
      <Data Name="Path">C:\Windows\system32\WindowsPowerShell\v1.0\Modules\malicious-cmds\malicious-cmds.psd1</Data>
    </EventData>
  </Event>
  <Event xmlns="http://schemas.microsoft.com/win/2004/08/events/event">
    <System>
      <Provider Name="PowerShellCore" Guid="{f90714a8-5509-434a-bf6d-b1624c8a19a2}" />
      <EventID>4104</EventID>
      <Version>1</Version>
      <Level>5</Level>
      <Task>2</Task>
      <Opcode>15</Opcode>
      <Keywords>0x0</Keywords>
      <TimeCreated SystemTime="2026-01-23T15:08:37.6335774Z" />
      <EventRecordID>1294</EventRecordID>
      <Correlation ActivityID="{026a7b18-8c78-0003-5f88-6a02788cdc01}" />
      <Execution ProcessID="1564" ThreadID="840" />
      <Channel>PowerShellCore/Operational</Channel>
      <Computer>DESKTOP-U2U3HDH</Computer>
      <Security UserID="S-1-5-21-564872773-1291138996-2393293407-1001" />
    </System>
    <EventData>
      <Data Name="MessageNumber">1</Data>
      <Data Name="MessageTotal">1</Data>
      <Data Name="ScriptBlockText">@{
# Script module or binary module file associated with this manifest.
ModuleToProcess = 'PowerSploit.psm1'

# Version number of this module.
ModuleVersion = '3.0.0.0'

# ID used to uniquely identify this module
GUID = '6753b496-d842-40a3-924a-0f09e248640c'

# Author of this module
Author = 'Matthew Graeber'

# Copyright statement for this module
Copyright = 'BSD 3-Clause'

# Description of the functionality provided by this module
Description = 'PowerSploit is a collection of Microsoft PowerShell modules that can be used to aid penetration testers and red team operator during all phases of an engagement.'

# Minimum version of the Windows PowerShell engine required by this module
PowerShellVersion = '2.0'

# Functions to export from this module
FunctionsToExport = @(
    'Add-NetUser',
    'Add-ObjectAcl',
    'Add-Persistence',
    'Add-ServiceDacl',
    'Convert-NameToSid',
    'Convert-NT4toCanonical',
    'Convert-SidToName',
    'Copy-ClonedFile',
    'Find-AVSignature',
    'Find-ComputerField',
    'Find-ForeignGroup',
    'Find-ForeignUser',
    'Find-GPOComputerAdmin',
    'Find-GPOLocation',
    'Find-InterestingFile',
    'Find-LocalAdminAccess',
    'Find-PathDLLHijack',
    'Find-ProcessDLLHijack',
    'Find-ManagedSecurityGroups',
    'Find-UserField',
    'Get-ADObject',
    'Get-ApplicationHost',
    'Get-CachedRDPConnection',
    'Get-ComputerDetails',
    'Get-ComputerProperty',
    'Get-CurrentUserTokenGroupSid',
    'Get-DFSshare',
    'Get-DomainPolicy',
    'Get-ExploitableSystem',
    'Get-GPPPassword',
    'Get-HttpStatus',
    'Get-Keystrokes',
    'Get-LastLoggedOn',
    'Get-ModifiablePath',
    'Get-ModifiableRegistryAutoRun',
    'Get-ModifiableScheduledTaskFile',
    'Get-ModifiableService',
    'Get-ModifiableServiceFile',
    'Get-NetComputer',
    'Get-NetDomain',
    'Get-NetDomainController',
    'Get-NetDomainTrust',
    'Get-NetFileServer',
    'Get-NetForest',
    'Get-NetForestCatalog',
    'Get-NetForestDomain',
    'Get-NetForestTrust',
    'Get-NetGPO',
    'Get-NetGPOGroup',
    'Get-NetGroup',
    'Get-NetGroupMember',
    'Get-NetLocalGroup',
    'Get-NetLoggedon',
    'Get-NetOU',
    'Get-NetProcess',
    'Get-NetRDPSession',
    'Get-NetSession',
    'Get-NetShare',
    'Get-NetSite',
    'Get-NetSubnet',
    'Get-NetUser',
    'Get-ObjectAcl',
    'Get-PathAcl',
    'Get-Proxy',
    'Get-RegistryAlwaysInstallElevated',
    'Get-RegistryAutoLogon',
    'Get-SecurityPackages',
    'Get-ServiceDetail',
    'Get-SiteListPassword',
    'Get-System',
    'Get-TimedScreenshot',
    'Get-UnattendedInstallFile',
    'Get-UnquotedService',
    'Get-UserEvent',
    'Get-UserProperty',
    'Get-VaultCredential',
    'Get-VolumeShadowCopy',
    'Get-Webconfig',
    'Install-ServiceBinary',
    'Install-SSP',
    'Invoke-ACLScanner',
    'Invoke-CheckLocalAdminAccess',
    'Invoke-CredentialInjection',
    'Invoke-DllInjection',
    'Invoke-EnumerateLocalAdmin',
    'Invoke-EventHunter',
    'Invoke-FileFinder',
    'Invoke-MapDomainTrust',
    'Invoke-Mimikatz',
    'Invoke-NinjaCopy',
    'Invoke-Portscan',
    'Invoke-PrivescAudit',
    'Invoke-ProcessHunter',
    'Invoke-ReflectivePEInjection',
    'Invoke-ReverseDnsLookup',
    'Invoke-ServiceAbuse',
    'Invoke-ShareFinder',
    'Invoke-Shellcode',
    'Invoke-TokenManipulation',
    'Invoke-UserHunter',
    'Invoke-WmiCommand',
    'Mount-VolumeShadowCopy',
    'New-ElevatedPersistenceOption',
    'New-UserPersistenceOption',
    'New-VolumeShadowCopy',
    'Out-CompressedDll',
    'Out-EncodedCommand',
    'Out-EncryptedScript',
    'Out-Minidump',
    'Remove-Comments',
    'Remove-VolumeShadowCopy',
    'Restore-ServiceBinary',
    'Set-ADObject',
    'Set-CriticalProcess',
    'Set-MacAttribute',
    'Set-MasterBootRecord',
    'Set-ServiceBinPath',
    'Test-ServiceDaclPermission',
    'Write-HijackDll',
    'Write-ServiceBinary',
    'Write-UserAddMSI'
)

# List of all modules packaged with this module.
ModuleList = @( @{ModuleName = 'AntivirusBypass'; ModuleVersion = '3.0.0.0'; GUID = '7cf9de61-2bfc-41b4-a397-9d7cf3a8e66b'},
                @{ModuleName = 'CodeExecution'; ModuleVersion = '3.0.0.0'; GUID = 'a8a6780b-e694-4aa4-b28d-646afa66733c'},
                @{ModuleName = 'Exfiltration'; ModuleVersion = '3.0.0.0'; GUID = '75dafa99-1402-4e29-b5d4-6c87da2b323a'},
                @{ModuleName = 'Recon'; ModuleVersion = '3.0.0.0'; GUID = '7e775ad6-cd3d-4a93-b788-da067274c877'},
                @{ModuleName = 'ScriptModification'; ModuleVersion = '3.0.0.0'; GUID = 'a4d86266-b39b-437a-b5bb-d6f99aa6e610'},
                @{ModuleName = 'Persistence'; ModuleVersion = '3.0.0.0'; GUID = '633d0f10-a056-41da-869d-6d2f75430195'},
                @{ModuleName = 'PrivEsc'; ModuleVersion = '3.0.0.0'; GUID = 'efb2a78f-a069-4bfd-91c2-7c7c0c225f56'} )

PrivateData = @{

    PSData = @{

        # Tags applied to this module. These help with module discovery in online galleries.
        Tags = @('security','pentesting','red team','offense')

        # A URL to the license for this module.
        LicenseUri = 'http://www.apache.org/licenses/LICENSE-2.0.html'

        # A URL to the main website for this project.
        ProjectUri = 'https://github.com/PowerShellMafia/PowerSploit'

    }

}

}
</Data>
      <Data Name="ScriptBlockId">f80a56f0-7cf9-4edf-ac3b-7eb535639824</Data>
      <Data Name="Path">C:\Windows\system32\WindowsPowerShell\v1.0\Modules\PowerSploit\PowerSploit.psd1</Data>
    </EventData>
  </Event>
  <Event xmlns="http://schemas.microsoft.com/win/2004/08/events/event">
    <System>
      <Provider Name="PowerShellCore" Guid="{f90714a8-5509-434a-bf6d-b1624c8a19a2}" />
      <EventID>8193</EventID>
      <Version>1</Version>
      <Level>5</Level>
      <Task>1</Task>
      <Opcode>16</Opcode>
      <Keywords>0x0</Keywords>
      <TimeCreated SystemTime="2026-01-23T15:08:37.6572164Z" />
      <EventRecordID>1295</EventRecordID>
      <Correlation ActivityID="{b9c12f28-f691-41d8-a4ba-8ab35b276867}" />
      <Execution ProcessID="1564" ThreadID="840" />
      <Channel>PowerShellCore/Operational</Channel>
      <Computer>DESKTOP-U2U3HDH</Computer>
      <Security UserID="S-1-5-21-564872773-1291138996-2393293407-1001" />
    </System>
    <EventData>
      <Data Name="param1">b9c12f28-f691-41d8-a4ba-8ab35b276867</Data>
    </EventData>
  </Event>
  <Event xmlns="http://schemas.microsoft.com/win/2004/08/events/event">
    <System>
      <Provider Name="PowerShellCore" Guid="{f90714a8-5509-434a-bf6d-b1624c8a19a2}" />
      <EventID>8194</EventID>
      <Version>1</Version>
      <Level>5</Level>
      <Task>1</Task>
      <Opcode>16</Opcode>
      <Keywords>0x0</Keywords>
      <TimeCreated SystemTime="2026-01-23T15:08:37.6573262Z" />
      <EventRecordID>1296</EventRecordID>
      <Correlation ActivityID="{e69b5434-eaa2-4e30-9416-40bf41407ba9}" />
      <Execution ProcessID="1564" ThreadID="840" />
      <Channel>PowerShellCore/Operational</Channel>
      <Computer>DESKTOP-U2U3HDH</Computer>
      <Security UserID="S-1-5-21-564872773-1291138996-2393293407-1001" />
    </System>
    <EventData>
      <Data Name="InstanceId">e69b5434-eaa2-4e30-9416-40bf41407ba9</Data>
      <Data Name="MaxRunspaces">1</Data>
      <Data Name="MinRunspaces">1</Data>
    </EventData>
  </Event>
  <Event xmlns="http://schemas.microsoft.com/win/2004/08/events/event">
    <System>
      <Provider Name="PowerShellCore" Guid="{f90714a8-5509-434a-bf6d-b1624c8a19a2}" />
      <EventID>8195</EventID>
      <Version>1</Version>
      <Level>5</Level>
      <Task>1</Task>
      <Opcode>10</Opcode>
      <Keywords>0x0</Keywords>
      <TimeCreated SystemTime="2026-01-23T15:08:37.6614612Z" />
      <EventRecordID>1297</EventRecordID>
      <Correlation ActivityID="{e69b5434-eaa2-4e30-9416-40bf41407ba9}" />
      <Execution ProcessID="1564" ThreadID="840" />
      <Channel>PowerShellCore/Operational</Channel>
      <Computer>DESKTOP-U2U3HDH</Computer>
      <Security UserID="S-1-5-21-564872773-1291138996-2393293407-1001" />
    </System>
    <EventData>
    </EventData>
  </Event>
  <Event xmlns="http://schemas.microsoft.com/win/2004/08/events/event">
    <System>
      <Provider Name="PowerShellCore" Guid="{f90714a8-5509-434a-bf6d-b1624c8a19a2}" />
      <EventID>8197</EventID>
      <Version>1</Version>
      <Level>5</Level>
      <Task>1</Task>
      <Opcode>10</Opcode>
      <Keywords>0x0</Keywords>
      <TimeCreated SystemTime="2026-01-23T15:08:37.6617949Z" />
      <EventRecordID>1298</EventRecordID>
      <Correlation ActivityID="{e69b5434-eaa2-4e30-9416-40bf41407ba9}" />
      <Execution ProcessID="1564" ThreadID="840" />
      <Channel>PowerShellCore/Operational</Channel>
      <Computer>DESKTOP-U2U3HDH</Computer>
      <Security UserID="S-1-5-21-564872773-1291138996-2393293407-1001" />
    </System>
    <EventData>
      <Data Name="param1">Opening</Data>
    </EventData>
  </Event>
  <Event xmlns="http://schemas.microsoft.com/win/2004/08/events/event">
    <System>
      <Provider Name="PowerShellCore" Guid="{f90714a8-5509-434a-bf6d-b1624c8a19a2}" />
      <EventID>8196</EventID>
      <Version>1</Version>
      <Level>4</Level>
      <Task>0</Task>
      <Opcode>20</Opcode>
      <Keywords>0x0</Keywords>
      <TimeCreated SystemTime="2026-01-23T15:08:42.0668869Z" />
      <EventRecordID>1299</EventRecordID>
      <Correlation ActivityID="{e69b5434-eaa2-4e30-9416-40bf41407ba9}" />
      <Execution ProcessID="1564" ThreadID="4156" />
      <Channel>PowerShellCore/Operational</Channel>
      <Computer>DESKTOP-U2U3HDH</Computer>
      <Security UserID="S-1-5-21-564872773-1291138996-2393293407-1001" />
    </System>
    <EventData>
    </EventData>
  </Event>
  <Event xmlns="http://schemas.microsoft.com/win/2004/08/events/event">
    <System>
      <Provider Name="PowerShellCore" Guid="{f90714a8-5509-434a-bf6d-b1624c8a19a2}" />
      <EventID>12039</EventID>
      <Version>1</Version>
      <Level>4</Level>
      <Task>0</Task>
      <Opcode>20</Opcode>
      <Keywords>0x0</Keywords>
      <TimeCreated SystemTime="2026-01-23T15:08:42.0668879Z" />
      <EventRecordID>1300</EventRecordID>
      <Correlation ActivityID="{e69b5434-eaa2-4e30-9416-40bf41407ba9}" />
      <Execution ProcessID="1564" ThreadID="4156" />
      <Channel>PowerShellCore/Operational</Channel>
      <Computer>DESKTOP-U2U3HDH</Computer>
      <Security UserID="S-1-5-21-564872773-1291138996-2393293407-1001" />
    </System>
    <EventData>
    </EventData>
  </Event>
  <Event xmlns="http://schemas.microsoft.com/win/2004/08/events/event">
    <System>
      <Provider Name="PowerShellCore" Guid="{f90714a8-5509-434a-bf6d-b1624c8a19a2}" />
      <EventID>8196</EventID>
      <Version>1</Version>
      <Level>4</Level>
      <Task>0</Task>
      <Opcode>20</Opcode>
      <Keywords>0x0</Keywords>
      <TimeCreated SystemTime="2026-01-23T15:08:43.6299522Z" />
      <EventRecordID>1301</EventRecordID>
      <Correlation ActivityID="{e69b5434-eaa2-4e30-9416-40bf41407ba9}" />
      <Execution ProcessID="1564" ThreadID="4156" />
      <Channel>PowerShellCore/Operational</Channel>
      <Computer>DESKTOP-U2U3HDH</Computer>
      <Security UserID="S-1-5-21-564872773-1291138996-2393293407-1001" />
    </System>
    <EventData>
    </EventData>
  </Event>
  <Event xmlns="http://schemas.microsoft.com/win/2004/08/events/event">
    <System>
      <Provider Name="PowerShellCore" Guid="{f90714a8-5509-434a-bf6d-b1624c8a19a2}" />
      <EventID>12039</EventID>
      <Version>1</Version>
      <Level>4</Level>
      <Task>0</Task>
      <Opcode>20</Opcode>
      <Keywords>0x0</Keywords>
      <TimeCreated SystemTime="2026-01-23T15:08:43.6299538Z" />
      <EventRecordID>1302</EventRecordID>
      <Correlation ActivityID="{e69b5434-eaa2-4e30-9416-40bf41407ba9}" />
      <Execution ProcessID="1564" ThreadID="4156" />
      <Channel>PowerShellCore/Operational</Channel>
      <Computer>DESKTOP-U2U3HDH</Computer>
      <Security UserID="S-1-5-21-564872773-1291138996-2393293407-1001" />
    </System>
    <EventData>
    </EventData>
  </Event>
  <Event xmlns="http://schemas.microsoft.com/win/2004/08/events/event">
    <System>
      <Provider Name="PowerShellCore" Guid="{f90714a8-5509-434a-bf6d-b1624c8a19a2}" />
      <EventID>8197</EventID>
      <Version>1</Version>
      <Level>5</Level>
      <Task>1</Task>
      <Opcode>10</Opcode>
      <Keywords>0x0</Keywords>
      <TimeCreated SystemTime="2026-01-23T15:08:43.6344755Z" />
      <EventRecordID>1303</EventRecordID>
      <Correlation ActivityID="{e69b5434-eaa2-4e30-9416-40bf41407ba9}" />
      <Execution ProcessID="1564" ThreadID="4156" />
      <Channel>PowerShellCore/Operational</Channel>
      <Computer>DESKTOP-U2U3HDH</Computer>
      <Security UserID="S-1-5-21-564872773-1291138996-2393293407-1001" />
    </System>
    <EventData>
      <Data Name="param1">Opened</Data>
    </EventData>
  </Event>
  <Event xmlns="http://schemas.microsoft.com/win/2004/08/events/event">
    <System>
      <Provider Name="PowerShellCore" Guid="{f90714a8-5509-434a-bf6d-b1624c8a19a2}" />
      <EventID>8196</EventID>
      <Version>1</Version>
      <Level>4</Level>
      <Task>0</Task>
      <Opcode>20</Opcode>
      <Keywords>0x0</Keywords>
      <TimeCreated SystemTime="2026-01-23T15:08:43.6876890Z" />
      <EventRecordID>1304</EventRecordID>
      <Correlation ActivityID="{e69b5434-eaa2-4e30-9416-40bf41407ba9}" />
      <Execution ProcessID="1564" ThreadID="1044" />
      <Channel>PowerShellCore/Operational</Channel>
      <Computer>DESKTOP-U2U3HDH</Computer>
      <Security UserID="S-1-5-21-564872773-1291138996-2393293407-1001" />
    </System>
    <EventData>
    </EventData>
  </Event>
  <Event xmlns="http://schemas.microsoft.com/win/2004/08/events/event">
    <System>
      <Provider Name="PowerShellCore" Guid="{f90714a8-5509-434a-bf6d-b1624c8a19a2}" />
      <EventID>12039</EventID>
      <Version>1</Version>
      <Level>4</Level>
      <Task>0</Task>
      <Opcode>20</Opcode>
      <Keywords>0x0</Keywords>
      <TimeCreated SystemTime="2026-01-23T15:08:43.6876899Z" />
      <EventRecordID>1305</EventRecordID>
      <Correlation ActivityID="{e69b5434-eaa2-4e30-9416-40bf41407ba9}" />
      <Execution ProcessID="1564" ThreadID="1044" />
      <Channel>PowerShellCore/Operational</Channel>
      <Computer>DESKTOP-U2U3HDH</Computer>
      <Security UserID="S-1-5-21-564872773-1291138996-2393293407-1001" />
    </System>
    <EventData>
    </EventData>
  </Event>
  <Event xmlns="http://schemas.microsoft.com/win/2004/08/events/event">
    <System>
      <Provider Name="PowerShellCore" Guid="{f90714a8-5509-434a-bf6d-b1624c8a19a2}" />
      <EventID>8196</EventID>
      <Version>1</Version>
      <Level>4</Level>
      <Task>0</Task>
      <Opcode>20</Opcode>
      <Keywords>0x0</Keywords>
      <TimeCreated SystemTime="2026-01-23T15:08:45.4211561Z" />
      <EventRecordID>1306</EventRecordID>
      <Correlation ActivityID="{e69b5434-eaa2-4e30-9416-40bf41407ba9}" />
      <Execution ProcessID="1564" ThreadID="4156" />
      <Channel>PowerShellCore/Operational</Channel>
      <Computer>DESKTOP-U2U3HDH</Computer>
      <Security UserID="S-1-5-21-564872773-1291138996-2393293407-1001" />
    </System>
    <EventData>
    </EventData>
  </Event>
  <Event xmlns="http://schemas.microsoft.com/win/2004/08/events/event">
    <System>
      <Provider Name="PowerShellCore" Guid="{f90714a8-5509-434a-bf6d-b1624c8a19a2}" />
      <EventID>12039</EventID>
      <Version>1</Version>
      <Level>4</Level>
      <Task>0</Task>
      <Opcode>20</Opcode>
      <Keywords>0x0</Keywords>
      <TimeCreated SystemTime="2026-01-23T15:08:45.4211574Z" />
      <EventRecordID>1307</EventRecordID>
      <Correlation ActivityID="{e69b5434-eaa2-4e30-9416-40bf41407ba9}" />
      <Execution ProcessID="1564" ThreadID="4156" />
      <Channel>PowerShellCore/Operational</Channel>
      <Computer>DESKTOP-U2U3HDH</Computer>
      <Security UserID="S-1-5-21-564872773-1291138996-2393293407-1001" />
    </System>
    <EventData>
    </EventData>
  </Event>
  <Event xmlns="http://schemas.microsoft.com/win/2004/08/events/event">
    <System>
      <Provider Name="PowerShellCore" Guid="{f90714a8-5509-434a-bf6d-b1624c8a19a2}" />
      <EventID>8196</EventID>
      <Version>1</Version>
      <Level>4</Level>
      <Task>0</Task>
      <Opcode>20</Opcode>
      <Keywords>0x0</Keywords>
      <TimeCreated SystemTime="2026-01-23T15:08:45.4293763Z" />
      <EventRecordID>1308</EventRecordID>
      <Correlation ActivityID="{e69b5434-eaa2-4e30-9416-40bf41407ba9}" />
      <Execution ProcessID="1564" ThreadID="4156" />
      <Channel>PowerShellCore/Operational</Channel>
      <Computer>DESKTOP-U2U3HDH</Computer>
      <Security UserID="S-1-5-21-564872773-1291138996-2393293407-1001" />
    </System>
    <EventData>
    </EventData>
  </Event>
  <Event xmlns="http://schemas.microsoft.com/win/2004/08/events/event">
    <System>
      <Provider Name="PowerShellCore" Guid="{f90714a8-5509-434a-bf6d-b1624c8a19a2}" />
      <EventID>12039</EventID>
      <Version>1</Version>
      <Level>4</Level>
      <Task>0</Task>
      <Opcode>20</Opcode>
      <Keywords>0x0</Keywords>
      <TimeCreated SystemTime="2026-01-23T15:08:45.4293779Z" />
      <EventRecordID>1309</EventRecordID>
      <Correlation ActivityID="{e69b5434-eaa2-4e30-9416-40bf41407ba9}" />
      <Execution ProcessID="1564" ThreadID="4156" />
      <Channel>PowerShellCore/Operational</Channel>
      <Computer>DESKTOP-U2U3HDH</Computer>
      <Security UserID="S-1-5-21-564872773-1291138996-2393293407-1001" />
    </System>
    <EventData>
    </EventData>
  </Event>
  <Event xmlns="http://schemas.microsoft.com/win/2004/08/events/event">
    <System>
      <Provider Name="PowerShellCore" Guid="{f90714a8-5509-434a-bf6d-b1624c8a19a2}" />
      <EventID>8196</EventID>
      <Version>1</Version>
      <Level>4</Level>
      <Task>0</Task>
      <Opcode>20</Opcode>
      <Keywords>0x0</Keywords>
      <TimeCreated SystemTime="2026-01-23T15:08:45.6628881Z" />
      <EventRecordID>1310</EventRecordID>
      <Correlation ActivityID="{e69b5434-eaa2-4e30-9416-40bf41407ba9}" />
      <Execution ProcessID="1564" ThreadID="4156" />
      <Channel>PowerShellCore/Operational</Channel>
      <Computer>DESKTOP-U2U3HDH</Computer>
      <Security UserID="S-1-5-21-564872773-1291138996-2393293407-1001" />
    </System>
    <EventData>
    </EventData>
  </Event>
  <Event xmlns="http://schemas.microsoft.com/win/2004/08/events/event">
    <System>
      <Provider Name="PowerShellCore" Guid="{f90714a8-5509-434a-bf6d-b1624c8a19a2}" />
      <EventID>12039</EventID>
      <Version>1</Version>
      <Level>4</Level>
      <Task>0</Task>
      <Opcode>20</Opcode>
      <Keywords>0x0</Keywords>
      <TimeCreated SystemTime="2026-01-23T15:08:45.6628889Z" />
      <EventRecordID>1311</EventRecordID>
      <Correlation ActivityID="{e69b5434-eaa2-4e30-9416-40bf41407ba9}" />
      <Execution ProcessID="1564" ThreadID="4156" />
      <Channel>PowerShellCore/Operational</Channel>
      <Computer>DESKTOP-U2U3HDH</Computer>
      <Security UserID="S-1-5-21-564872773-1291138996-2393293407-1001" />
    </System>
    <EventData>
    </EventData>
  </Event>
  <Event xmlns="http://schemas.microsoft.com/win/2004/08/events/event">
    <System>
      <Provider Name="PowerShellCore" Guid="{f90714a8-5509-434a-bf6d-b1624c8a19a2}" />
      <EventID>8196</EventID>
      <Version>1</Version>
      <Level>4</Level>
      <Task>0</Task>
      <Opcode>20</Opcode>
      <Keywords>0x0</Keywords>
      <TimeCreated SystemTime="2026-01-23T15:08:46.6903907Z" />
      <EventRecordID>1312</EventRecordID>
      <Correlation ActivityID="{e69b5434-eaa2-4e30-9416-40bf41407ba9}" />
      <Execution ProcessID="1564" ThreadID="1044" />
      <Channel>PowerShellCore/Operational</Channel>
      <Computer>DESKTOP-U2U3HDH</Computer>
      <Security UserID="S-1-5-21-564872773-1291138996-2393293407-1001" />
    </System>
    <EventData>
    </EventData>
  </Event>
  <Event xmlns="http://schemas.microsoft.com/win/2004/08/events/event">
    <System>
      <Provider Name="PowerShellCore" Guid="{f90714a8-5509-434a-bf6d-b1624c8a19a2}" />
      <EventID>12039</EventID>
      <Version>1</Version>
      <Level>4</Level>
      <Task>0</Task>
      <Opcode>20</Opcode>
      <Keywords>0x0</Keywords>
      <TimeCreated SystemTime="2026-01-23T15:08:46.6903915Z" />
      <EventRecordID>1313</EventRecordID>
      <Correlation ActivityID="{e69b5434-eaa2-4e30-9416-40bf41407ba9}" />
      <Execution ProcessID="1564" ThreadID="1044" />
      <Channel>PowerShellCore/Operational</Channel>
      <Computer>DESKTOP-U2U3HDH</Computer>
      <Security UserID="S-1-5-21-564872773-1291138996-2393293407-1001" />
    </System>
    <EventData>
    </EventData>
  </Event>
  <Event xmlns="http://schemas.microsoft.com/win/2004/08/events/event">
    <System>
      <Provider Name="PowerShellCore" Guid="{f90714a8-5509-434a-bf6d-b1624c8a19a2}" />
      <EventID>8196</EventID>
      <Version>1</Version>
      <Level>4</Level>
      <Task>0</Task>
      <Opcode>20</Opcode>
      <Keywords>0x0</Keywords>
      <TimeCreated SystemTime="2026-01-23T15:08:46.6924927Z" />
      <EventRecordID>1314</EventRecordID>
      <Correlation ActivityID="{e69b5434-eaa2-4e30-9416-40bf41407ba9}" />
      <Execution ProcessID="1564" ThreadID="1044" />
      <Channel>PowerShellCore/Operational</Channel>
      <Computer>DESKTOP-U2U3HDH</Computer>
      <Security UserID="S-1-5-21-564872773-1291138996-2393293407-1001" />
    </System>
    <EventData>
    </EventData>
  </Event>
  <Event xmlns="http://schemas.microsoft.com/win/2004/08/events/event">
    <System>
      <Provider Name="PowerShellCore" Guid="{f90714a8-5509-434a-bf6d-b1624c8a19a2}" />
      <EventID>12039</EventID>
      <Version>1</Version>
      <Level>4</Level>
      <Task>0</Task>
      <Opcode>20</Opcode>
      <Keywords>0x0</Keywords>
      <TimeCreated SystemTime="2026-01-23T15:08:46.6924949Z" />
      <EventRecordID>1315</EventRecordID>
      <Correlation ActivityID="{e69b5434-eaa2-4e30-9416-40bf41407ba9}" />
      <Execution ProcessID="1564" ThreadID="1044" />
      <Channel>PowerShellCore/Operational</Channel>
      <Computer>DESKTOP-U2U3HDH</Computer>
      <Security UserID="S-1-5-21-564872773-1291138996-2393293407-1001" />
    </System>
    <EventData>
    </EventData>
  </Event>
  <Event xmlns="http://schemas.microsoft.com/win/2004/08/events/event">
    <System>
      <Provider Name="PowerShellCore" Guid="{f90714a8-5509-434a-bf6d-b1624c8a19a2}" />
      <EventID>8196</EventID>
      <Version>1</Version>
      <Level>4</Level>
      <Task>0</Task>
      <Opcode>20</Opcode>
      <Keywords>0x0</Keywords>
      <TimeCreated SystemTime="2026-01-23T15:08:47.8250105Z" />
      <EventRecordID>1316</EventRecordID>
      <Correlation ActivityID="{e69b5434-eaa2-4e30-9416-40bf41407ba9}" />
      <Execution ProcessID="1564" ThreadID="1044" />
      <Channel>PowerShellCore/Operational</Channel>
      <Computer>DESKTOP-U2U3HDH</Computer>
      <Security UserID="S-1-5-21-564872773-1291138996-2393293407-1001" />
    </System>
    <EventData>
    </EventData>
  </Event>
  <Event xmlns="http://schemas.microsoft.com/win/2004/08/events/event">
    <System>
      <Provider Name="PowerShellCore" Guid="{f90714a8-5509-434a-bf6d-b1624c8a19a2}" />
      <EventID>12039</EventID>
      <Version>1</Version>
      <Level>4</Level>
      <Task>0</Task>
      <Opcode>20</Opcode>
      <Keywords>0x0</Keywords>
      <TimeCreated SystemTime="2026-01-23T15:08:47.8250114Z" />
      <EventRecordID>1317</EventRecordID>
      <Correlation ActivityID="{e69b5434-eaa2-4e30-9416-40bf41407ba9}" />
      <Execution ProcessID="1564" ThreadID="1044" />
      <Channel>PowerShellCore/Operational</Channel>
      <Computer>DESKTOP-U2U3HDH</Computer>
      <Security UserID="S-1-5-21-564872773-1291138996-2393293407-1001" />
    </System>
    <EventData>
    </EventData>
  </Event>
  <Event xmlns="http://schemas.microsoft.com/win/2004/08/events/event">
    <System>
      <Provider Name="PowerShellCore" Guid="{f90714a8-5509-434a-bf6d-b1624c8a19a2}" />
      <EventID>4104</EventID>
      <Version>1</Version>
      <Level>5</Level>
      <Task>2</Task>
      <Opcode>15</Opcode>
      <Keywords>0x0</Keywords>
      <TimeCreated SystemTime="2026-01-23T15:08:47.8524372Z" />
      <EventRecordID>1318</EventRecordID>
      <Correlation ActivityID="{026a7b18-8c78-0001-b888-6a02788cdc01}" />
      <Execution ProcessID="1564" ThreadID="840" />
      <Channel>PowerShellCore/Operational</Channel>
      <Computer>DESKTOP-U2U3HDH</Computer>
      <Security UserID="S-1-5-21-564872773-1291138996-2393293407-1001" />
    </System>
    <EventData>
      <Data Name="MessageNumber">1</Data>
      <Data Name="MessageTotal">1</Data>
      <Data Name="ScriptBlockText">@{
GUID = "1DA87E53-152B-403E-98DC-74D7B4D63D59"
Author = "PowerShell"
CompanyName = "Microsoft Corporation"
Copyright = "Copyright (c) Microsoft Corporation."
ModuleVersion = "7.0.0.0"
CompatiblePSEditions = @("Core")
PowerShellVersion = "3.0"
CmdletsToExport = @(
  'Export-Alias', 'Get-Alias', 'Import-Alias', 'New-Alias', 'Remove-Alias', 'Set-Alias', 'Export-Clixml', 'Import-Clixml',
  'Measure-Command', 'Trace-Command', 'ConvertFrom-Csv', 'ConvertTo-Csv', 'Export-Csv', 'Import-Csv', 'Get-Culture',
  'Format-Custom', 'Get-Date', 'Set-Date', 'Write-Debug', 'Wait-Debugger', 'Register-EngineEvent', 'Write-Error',
  'Get-Event', 'New-Event', 'Remove-Event', 'Unregister-Event', 'Wait-Event', 'Get-EventSubscriber', 'Invoke-Expression',
  'Out-File', 'Unblock-File', 'Get-FileHash', 'Export-FormatData', 'Get-FormatData', 'Update-FormatData', 'New-Guid',
  'Format-Hex', 'Get-Host', 'Read-Host', 'Write-Host', 'ConvertTo-Html', 'Write-Information', 'ConvertFrom-Json',
  'ConvertTo-Json', 'Test-Json', 'Format-List', 'Import-LocalizedData', 'Send-MailMessage', 'ConvertFrom-Markdown',
  'Show-Markdown', 'Get-MarkdownOption', 'Set-MarkdownOption', 'Add-Member', 'Get-Member', 'Compare-Object', 'Group-Object',
  'Measure-Object', 'New-Object', 'Select-Object', 'Sort-Object', 'Tee-Object', 'Register-ObjectEvent', 'Write-Output',
  'Import-PowerShellDataFile', 'Write-Progress', 'Disable-PSBreakpoint', 'Enable-PSBreakpoint', 'Get-PSBreakpoint',
  'Remove-PSBreakpoint', 'Set-PSBreakpoint', 'Get-PSCallStack', 'Export-PSSession', 'Import-PSSession', 'Get-Random', 'Get-SecureRandom'
  'Invoke-RestMethod', 'Debug-Runspace', 'Get-Runspace', 'Disable-RunspaceDebug', 'Enable-RunspaceDebug',
  'Get-RunspaceDebug', 'ConvertFrom-SddlString', 'Start-Sleep', 'Join-String', 'Out-String', 'Select-String',
  'ConvertFrom-StringData', 'Format-Table', 'New-TemporaryFile', 'New-TimeSpan', 'Get-TraceSource', 'Set-TraceSource',
  'Add-Type', 'Get-TypeData', 'Remove-TypeData', 'Update-TypeData', 'Get-UICulture', 'Get-Unique', 'Get-Uptime',
  'Clear-Variable', 'Get-Variable', 'New-Variable', 'Remove-Variable', 'Set-Variable', 'Get-Verb', 'Write-Verbose',
  'Write-Warning', 'Invoke-WebRequest', 'Format-Wide', 'ConvertTo-Xml', 'Select-Xml', 'Get-Error', 'Update-List',
  'Out-GridView', 'Show-Command', 'Out-Printer', 'ConvertTo-CliXml', 'ConvertFrom-CliXml'
)
FunctionsToExport = @()
AliasesToExport = @('fhx')
NestedModules = @("Microsoft.PowerShell.Commands.Utility.dll")
HelpInfoURI = 'https://aka.ms/powershell75-help'
}

# SIG # Begin signature block
# MIIoLQYJKoZIhvcNAQcCoIIoHjCCKBoCAQExDzANBglghkgBZQMEAgEFADB5Bgor
# BgEEAYI3AgEEoGswaTA0BgorBgEEAYI3AgEeMCYCAwEAAAQQH8w7YFlLCE63JNLG
# KX7zUQIBAAIBAAIBAAIBAAIBADAxMA0GCWCGSAFlAwQCAQUABCCyMx/aUkQgyEK/
# YLSaJqLOT2l2FYTrfzrL8I1BT1hD1aCCDXYwggX0MIID3KADAgECAhMzAAAEhV6Z
# 7A5ZL83XAAAAAASFMA0GCSqGSIb3DQEBCwUAMH4xCzAJBgNVBAYTAlVTMRMwEQYD
# VQQIEwpXYXNoaW5ndG9uMRAwDgYDVQQHEwdSZWRtb25kMR4wHAYDVQQKExVNaWNy
# b3NvZnQgQ29ycG9yYXRpb24xKDAmBgNVBAMTH01pY3Jvc29mdCBDb2RlIFNpZ25p
# bmcgUENBIDIwMTEwHhcNMjUwNjE5MTgyMTM3WhcNMjYwNjE3MTgyMTM3WjB0MQsw
# CQYDVQQGEwJVUzETMBEGA1UECBMKV2FzaGluZ3RvbjEQMA4GA1UEBxMHUmVkbW9u
# ZDEeMBwGA1UEChMVTWljcm9zb2Z0IENvcnBvcmF0aW9uMR4wHAYDVQQDExVNaWNy
# b3NvZnQgQ29ycG9yYXRpb24wggEiMA0GCSqGSIb3DQEBAQUAA4IBDwAwggEKAoIB
# AQDASkh1cpvuUqfbqxele7LCSHEamVNBfFE4uY1FkGsAdUF/vnjpE1dnAD9vMOqy
# 5ZO49ILhP4jiP/P2Pn9ao+5TDtKmcQ+pZdzbG7t43yRXJC3nXvTGQroodPi9USQi
# 9rI+0gwuXRKBII7L+k3kMkKLmFrsWUjzgXVCLYa6ZH7BCALAcJWZTwWPoiT4HpqQ
# hJcYLB7pfetAVCeBEVZD8itKQ6QA5/LQR+9X6dlSj4Vxta4JnpxvgSrkjXCz+tlJ
# 67ABZ551lw23RWU1uyfgCfEFhBfiyPR2WSjskPl9ap6qrf8fNQ1sGYun2p4JdXxe
# UAKf1hVa/3TQXjvPTiRXCnJPAgMBAAGjggFzMIIBbzAfBgNVHSUEGDAWBgorBgEE
# AYI3TAgBBggrBgEFBQcDAzAdBgNVHQ4EFgQUuCZyGiCuLYE0aU7j5TFqY05kko0w
# RQYDVR0RBD4wPKQ6MDgxHjAcBgNVBAsTFU1pY3Jvc29mdCBDb3Jwb3JhdGlvbjEW
# MBQGA1UEBRMNMjMwMDEyKzUwNTM1OTAfBgNVHSMEGDAWgBRIbmTlUAXTgqoXNzci
# tW2oynUClTBUBgNVHR8ETTBLMEmgR6BFhkNodHRwOi8vd3d3Lm1pY3Jvc29mdC5j
# b20vcGtpb3BzL2NybC9NaWNDb2RTaWdQQ0EyMDExXzIwMTEtMDctMDguY3JsMGEG
# CCsGAQUFBwEBBFUwUzBRBggrBgEFBQcwAoZFaHR0cDovL3d3dy5taWNyb3NvZnQu
# Y29tL3BraW9wcy9jZXJ0cy9NaWNDb2RTaWdQQ0EyMDExXzIwMTEtMDctMDguY3J0
# MAwGA1UdEwEB/wQCMAAwDQYJKoZIhvcNAQELBQADggIBACjmqAp2Ci4sTHZci+qk
# tEAKsFk5HNVGKyWR2rFGXsd7cggZ04H5U4SV0fAL6fOE9dLvt4I7HBHLhpGdE5Uj
# Ly4NxLTG2bDAkeAVmxmd2uKWVGKym1aarDxXfv3GCN4mRX+Pn4c+py3S/6Kkt5eS
# DAIIsrzKw3Kh2SW1hCwXX/k1v4b+NH1Fjl+i/xPJspXCFuZB4aC5FLT5fgbRKqns
# WeAdn8DsrYQhT3QXLt6Nv3/dMzv7G/Cdpbdcoul8FYl+t3dmXM+SIClC3l2ae0wO
# lNrQ42yQEycuPU5OoqLT85jsZ7+4CaScfFINlO7l7Y7r/xauqHbSPQ1r3oIC+e71
# 5s2G3ClZa3y99aYx2lnXYe1srcrIx8NAXTViiypXVn9ZGmEkfNcfDiqGQwkml5z9
# nm3pWiBZ69adaBBbAFEjyJG4y0a76bel/4sDCVvaZzLM3TFbxVO9BQrjZRtbJZbk
# C3XArpLqZSfx53SuYdddxPX8pvcqFuEu8wcUeD05t9xNbJ4TtdAECJlEi0vvBxlm
# M5tzFXy2qZeqPMXHSQYqPgZ9jvScZ6NwznFD0+33kbzyhOSz/WuGbAu4cHZG8gKn
# lQVT4uA2Diex9DMs2WHiokNknYlLoUeWXW1QrJLpqO82TLyKTbBM/oZHAdIc0kzo
# STro9b3+vjn2809D0+SOOCVZMIIHejCCBWKgAwIBAgIKYQ6Q0gAAAAAAAzANBgkq
# hkiG9w0BAQsFADCBiDELMAkGA1UEBhMCVVMxEzARBgNVBAgTCldhc2hpbmd0b24x
# EDAOBgNVBAcTB1JlZG1vbmQxHjAcBgNVBAoTFU1pY3Jvc29mdCBDb3Jwb3JhdGlv
# bjEyMDAGA1UEAxMpTWljcm9zb2Z0IFJvb3QgQ2VydGlmaWNhdGUgQXV0aG9yaXR5
# IDIwMTEwHhcNMTEwNzA4MjA1OTA5WhcNMjYwNzA4MjEwOTA5WjB+MQswCQYDVQQG
# EwJVUzETMBEGA1UECBMKV2FzaGluZ3RvbjEQMA4GA1UEBxMHUmVkbW9uZDEeMBwG
# A1UEChMVTWljcm9zb2Z0IENvcnBvcmF0aW9uMSgwJgYDVQQDEx9NaWNyb3NvZnQg
# Q29kZSBTaWduaW5nIFBDQSAyMDExMIICIjANBgkqhkiG9w0BAQEFAAOCAg8AMIIC
# CgKCAgEAq/D6chAcLq3YbqqCEE00uvK2WCGfQhsqa+laUKq4BjgaBEm6f8MMHt03
# a8YS2AvwOMKZBrDIOdUBFDFC04kNeWSHfpRgJGyvnkmc6Whe0t+bU7IKLMOv2akr
# rnoJr9eWWcpgGgXpZnboMlImEi/nqwhQz7NEt13YxC4Ddato88tt8zpcoRb0Rrrg
# OGSsbmQ1eKagYw8t00CT+OPeBw3VXHmlSSnnDb6gE3e+lD3v++MrWhAfTVYoonpy
# 4BI6t0le2O3tQ5GD2Xuye4Yb2T6xjF3oiU+EGvKhL1nkkDstrjNYxbc+/jLTswM9
# sbKvkjh+0p2ALPVOVpEhNSXDOW5kf1O6nA+tGSOEy/S6A4aN91/w0FK/jJSHvMAh
# dCVfGCi2zCcoOCWYOUo2z3yxkq4cI6epZuxhH2rhKEmdX4jiJV3TIUs+UsS1Vz8k
# A/DRelsv1SPjcF0PUUZ3s/gA4bysAoJf28AVs70b1FVL5zmhD+kjSbwYuER8ReTB
# w3J64HLnJN+/RpnF78IcV9uDjexNSTCnq47f7Fufr/zdsGbiwZeBe+3W7UvnSSmn
# Eyimp31ngOaKYnhfsi+E11ecXL93KCjx7W3DKI8sj0A3T8HhhUSJxAlMxdSlQy90
# lfdu+HggWCwTXWCVmj5PM4TasIgX3p5O9JawvEagbJjS4NaIjAsCAwEAAaOCAe0w
# ggHpMBAGCSsGAQQBgjcVAQQDAgEAMB0GA1UdDgQWBBRIbmTlUAXTgqoXNzcitW2o
# ynUClTAZBgkrBgEEAYI3FAIEDB4KAFMAdQBiAEMAQTALBgNVHQ8EBAMCAYYwDwYD
# VR0TAQH/BAUwAwEB/zAfBgNVHSMEGDAWgBRyLToCMZBDuRQFTuHqp8cx0SOJNDBa
# BgNVHR8EUzBRME+gTaBLhklodHRwOi8vY3JsLm1pY3Jvc29mdC5jb20vcGtpL2Ny
# bC9wcm9kdWN0cy9NaWNSb29DZXJBdXQyMDExXzIwMTFfMDNfMjIuY3JsMF4GCCsG
# AQUFBwEBBFIwUDBOBggrBgEFBQcwAoZCaHR0cDovL3d3dy5taWNyb3NvZnQuY29t
# L3BraS9jZXJ0cy9NaWNSb29DZXJBdXQyMDExXzIwMTFfMDNfMjIuY3J0MIGfBgNV
# HSAEgZcwgZQwgZEGCSsGAQQBgjcuAzCBgzA/BggrBgEFBQcCARYzaHR0cDovL3d3
# dy5taWNyb3NvZnQuY29tL3BraW9wcy9kb2NzL3ByaW1hcnljcHMuaHRtMEAGCCsG
# AQUFBwICMDQeMiAdAEwAZQBnAGEAbABfAHAAbwBsAGkAYwB5AF8AcwB0AGEAdABl
# AG0AZQBuAHQALiAdMA0GCSqGSIb3DQEBCwUAA4ICAQBn8oalmOBUeRou09h0ZyKb
# C5YR4WOSmUKWfdJ5DJDBZV8uLD74w3LRbYP+vj/oCso7v0epo/Np22O/IjWll11l
# hJB9i0ZQVdgMknzSGksc8zxCi1LQsP1r4z4HLimb5j0bpdS1HXeUOeLpZMlEPXh6
# I/MTfaaQdION9MsmAkYqwooQu6SpBQyb7Wj6aC6VoCo/KmtYSWMfCWluWpiW5IP0
# wI/zRive/DvQvTXvbiWu5a8n7dDd8w6vmSiXmE0OPQvyCInWH8MyGOLwxS3OW560
# STkKxgrCxq2u5bLZ2xWIUUVYODJxJxp/sfQn+N4sOiBpmLJZiWhub6e3dMNABQam
# ASooPoI/E01mC8CzTfXhj38cbxV9Rad25UAqZaPDXVJihsMdYzaXht/a8/jyFqGa
# J+HNpZfQ7l1jQeNbB5yHPgZ3BtEGsXUfFL5hYbXw3MYbBL7fQccOKO7eZS/sl/ah
# XJbYANahRr1Z85elCUtIEJmAH9AAKcWxm6U/RXceNcbSoqKfenoi+kiVH6v7RyOA
# 9Z74v2u3S5fi63V4GuzqN5l5GEv/1rMjaHXmr/r8i+sLgOppO6/8MO0ETI7f33Vt
# Y5E90Z1WTk+/gFcioXgRMiF670EKsT/7qMykXcGhiJtXcVZOSEXAQsmbdlsKgEhr
# /Xmfwb1tbWrJUnMTDXpQzTGCGg0wghoJAgEBMIGVMH4xCzAJBgNVBAYTAlVTMRMw
# EQYDVQQIEwpXYXNoaW5ndG9uMRAwDgYDVQQHEwdSZWRtb25kMR4wHAYDVQQKExVN
# aWNyb3NvZnQgQ29ycG9yYXRpb24xKDAmBgNVBAMTH01pY3Jvc29mdCBDb2RlIFNp
# Z25pbmcgUENBIDIwMTECEzMAAASFXpnsDlkvzdcAAAAABIUwDQYJYIZIAWUDBAIB
# BQCgga4wGQYJKoZIhvcNAQkDMQwGCisGAQQBgjcCAQQwHAYKKwYBBAGCNwIBCzEO
# MAwGCisGAQQBgjcCARUwLwYJKoZIhvcNAQkEMSIEILWNa7v1BEr6ip+/F1JmU3KR
# zgtmnUaXNyQWfZs5crjWMEIGCisGAQQBgjcCAQwxNDAyoBSAEgBNAGkAYwByAG8A
# cwBvAGYAdKEagBhodHRwOi8vd3d3Lm1pY3Jvc29mdC5jb20wDQYJKoZIhvcNAQEB
# BQAEggEARzfOIQjD28wlDn2+flZoZtZzy2EiuS8aCPd7mBqdjj8eoOgOA1IKO487
# 2C3jqWbl3OCLucKknp8+XaXRTn/2KKKFBYCR1VlIkkrUAuzwsYZ8QcNnh9n+m1Gp
# 5zxYvXpnbwccGKW5wxrNf1RkHln0kMi/FsqU0PqHwIEkQwbp25eQ1AnxU40vig8L
# 3FpP9pd5tXM/fdehug/2uo68AVdJh450a2C3KPn5uGOph0KZ7LARNgDMnddTxh6X
# IeI95XUgsu3wMQ7UbemHj8qPWqqAv4AR4Ic6Doc2eOFluhrmEDu7N6ktOHNZDNxV
# +sA79wB+iTMjo3YfuoTnoIX41KEYA6GCF5cwgheTBgorBgEEAYI3AwMBMYIXgzCC
# F38GCSqGSIb3DQEHAqCCF3AwghdsAgEDMQ8wDQYJYIZIAWUDBAIBBQAwggFSBgsq
# hkiG9w0BCRABBKCCAUEEggE9MIIBOQIBAQYKKwYBBAGEWQoDATAxMA0GCWCGSAFl
# AwQCAQUABCDO9Mp30HKzFTP8K3OggoknBGcCOTNT42GTPYOT+t1bFAIGaKOo4tPB
# GBMyMDI1MTAxNTE4MTIwOS40NDRaMASAAgH0oIHRpIHOMIHLMQswCQYDVQQGEwJV
# UzETMBEGA1UECBMKV2FzaGluZ3RvbjEQMA4GA1UEBxMHUmVkbW9uZDEeMBwGA1UE
# ChMVTWljcm9zb2Z0IENvcnBvcmF0aW9uMSUwIwYDVQQLExxNaWNyb3NvZnQgQW1l
# cmljYSBPcGVyYXRpb25zMScwJQYDVQQLEx5uU2hpZWxkIFRTUyBFU046MzcwMy0w
# NUUwLUQ5NDcxJTAjBgNVBAMTHE1pY3Jvc29mdCBUaW1lLVN0YW1wIFNlcnZpY2Wg
# ghHtMIIHIDCCBQigAwIBAgITMwAAAgpHshTZ7rKzDwABAAACCjANBgkqhkiG9w0B
# AQsFADB8MQswCQYDVQQGEwJVUzETMBEGA1UECBMKV2FzaGluZ3RvbjEQMA4GA1UE
# BxMHUmVkbW9uZDEeMBwGA1UEChMVTWljcm9zb2Z0IENvcnBvcmF0aW9uMSYwJAYD
# VQQDEx1NaWNyb3NvZnQgVGltZS1TdGFtcCBQQ0EgMjAxMDAeFw0yNTAxMzAxOTQy
# NTdaFw0yNjA0MjIxOTQyNTdaMIHLMQswCQYDVQQGEwJVUzETMBEGA1UECBMKV2Fz
# aGluZ3RvbjEQMA4GA1UEBxMHUmVkbW9uZDEeMBwGA1UEChMVTWljcm9zb2Z0IENv
# cnBvcmF0aW9uMSUwIwYDVQQLExxNaWNyb3NvZnQgQW1lcmljYSBPcGVyYXRpb25z
# MScwJQYDVQQLEx5uU2hpZWxkIFRTUyBFU046MzcwMy0wNUUwLUQ5NDcxJTAjBgNV
# BAMTHE1pY3Jvc29mdCBUaW1lLVN0YW1wIFNlcnZpY2UwggIiMA0GCSqGSIb3DQEB
# AQUAA4ICDwAwggIKAoICAQCy7NzwEpb7BpwAk9LJ00Xq30TcTjcwNZ80TxAtAbhS
# aJ2kwnJA1Au/Do9/fEBjAHv6Mmtt3fmPDeIJnQ7VBeIq8RcfjcjrbPIg3wA5v5MQ
# flPNSBNOvcXRP+fZnAy0ELDzfnJHnCkZNsQUZ7GF7LxULTKOYY2YJw4TrmcHohkY
# 6DjCZyxhqmGQwwdbjoPWRbYu/ozFem/yfJPyjVBql1068bcVh58A8c5CD6TWN/L3
# u+Ny+7O8+Dver6qBT44Ey7pfPZMZ1Hi7yvCLv5LGzSB6o2OD5GIZy7z4kh8UYHdz
# jn9Wx+QZ2233SJQKtZhpI7uHf3oMTg0zanQfz7mgudefmGBrQEg1ox3n+3Tizh0D
# 9zVmNQP9sFjsPQtNGZ9ID9H8A+kFInx4mrSxA2SyGMOQcxlGM30ktIKM3iqCuFEU
# 9CHVMpN94/1fl4T6PonJ+/oWJqFlatYuMKv2Z8uiprnFcAxCpOsDIVBO9K1vHeAM
# iQQUlcE9CD536I1YLnmO2qHagPPmXhdOGrHUnCUtop21elukHh75q/5zH+OnNekp
# 5udpjQNZCviYAZdHsLnkU0NfUAr6r1UqDcSq1yf5RiwimB8SjsdmHll4gPjmqVi0
# /rmnM1oAEQm3PyWcTQQibYLiuKN7Y4io5bJTVwm+vRRbpJ5UL/D33C//7qnHbeoW
# BQIDAQABo4IBSTCCAUUwHQYDVR0OBBYEFAKvF0EEj4AyPfY8W/qrsAvftZwkMB8G
# A1UdIwQYMBaAFJ+nFV0AXmJdg/Tl0mWnG1M1GelyMF8GA1UdHwRYMFYwVKBSoFCG
# Tmh0dHA6Ly93d3cubWljcm9zb2Z0LmNvbS9wa2lvcHMvY3JsL01pY3Jvc29mdCUy
# MFRpbWUtU3RhbXAlMjBQQ0ElMjAyMDEwKDEpLmNybDBsBggrBgEFBQcBAQRgMF4w
# XAYIKwYBBQUHMAKGUGh0dHA6Ly93d3cubWljcm9zb2Z0LmNvbS9wa2lvcHMvY2Vy
# dHMvTWljcm9zb2Z0JTIwVGltZS1TdGFtcCUyMFBDQSUyMDIwMTAoMSkuY3J0MAwG
# A1UdEwEB/wQCMAAwFgYDVR0lAQH/BAwwCgYIKwYBBQUHAwgwDgYDVR0PAQH/BAQD
# AgeAMA0GCSqGSIb3DQEBCwUAA4ICAQCwk3PW0CyjOaqXCMOusTde7ep2CwP/xV1J
# 3o9KAiKSdq8a2UR5RCHYhnJseemweMUH2kNefpnAh2Bn8H2opDztDJkj8OYRd/KQ
# ysE12NwaY3KOwAW8Rg8OdXv5fUZIsOWgprkCQM0VoFHdXYExkJN3EzBbUCUw3yb4
# gAFPK56T+6cPpI8MJLJCQXHNMgti2QZhX9KkfRAffFYMFcpsbI+oziC5Brrk3361
# cJFHhgEJR0J42nqZTGSgUpDGHSZARGqNcAV5h+OQDLeF2p3URx/P6McUg1nJ2gMP
# YBsD+bwd9B0c/XIZ9Mt3ujlELPpkijjCdSZxhzu2M3SZWJr57uY+FC+LspvIOH1O
# pofanh3JGDosNcAEu9yUMWKsEBMngD6VWQSQYZ6X9F80zCoeZwTq0i9AujnYzzx5
# W2fEgZejRu6K1GCASmztNlYJlACjqafWRofTqkJhV/J2v97X3ruDvfpuOuQoUtVA
# wXrDsG2NOBuvVso5KdW54hBSsz/4+ORB4qLnq4/GNtajUHorKRKHGOgFo8DKaXG+
# UNANwhGNxHbILSa59PxExMgCjBRP3828yGKsquSEzzLNWnz5af9ZmeH4809fwItt
# I41JkuiY9X6hmMmLYv8OY34vvOK+zyxkS+9BULVAP6gt+yaHaBlrln8Gi4/dBr2y
# 6Srr/56g0DCCB3EwggVZoAMCAQICEzMAAAAVxedrngKbSZkAAAAAABUwDQYJKoZI
# hvcNAQELBQAwgYgxCzAJBgNVBAYTAlVTMRMwEQYDVQQIEwpXYXNoaW5ndG9uMRAw
# DgYDVQQHEwdSZWRtb25kMR4wHAYDVQQKExVNaWNyb3NvZnQgQ29ycG9yYXRpb24x
# MjAwBgNVBAMTKU1pY3Jvc29mdCBSb290IENlcnRpZmljYXRlIEF1dGhvcml0eSAy
# MDEwMB4XDTIxMDkzMDE4MjIyNVoXDTMwMDkzMDE4MzIyNVowfDELMAkGA1UEBhMC
# VVMxEzARBgNVBAgTCldhc2hpbmd0b24xEDAOBgNVBAcTB1JlZG1vbmQxHjAcBgNV
# BAoTFU1pY3Jvc29mdCBDb3Jwb3JhdGlvbjEmMCQGA1UEAxMdTWljcm9zb2Z0IFRp
# bWUtU3RhbXAgUENBIDIwMTAwggIiMA0GCSqGSIb3DQEBAQUAA4ICDwAwggIKAoIC
# AQDk4aZM57RyIQt5osvXJHm9DtWC0/3unAcH0qlsTnXIyjVX9gF/bErg4r25Phdg
# M/9cT8dm95VTcVrifkpa/rg2Z4VGIwy1jRPPdzLAEBjoYH1qUoNEt6aORmsHFPPF
# dvWGUNzBRMhxXFExN6AKOG6N7dcP2CZTfDlhAnrEqv1yaa8dq6z2Nr41JmTamDu6
# GnszrYBbfowQHJ1S/rboYiXcag/PXfT+jlPP1uyFVk3v3byNpOORj7I5LFGc6XBp
# Dco2LXCOMcg1KL3jtIckw+DJj361VI/c+gVVmG1oO5pGve2krnopN6zL64NF50Zu
# yjLVwIYwXE8s4mKyzbnijYjklqwBSru+cakXW2dg3viSkR4dPf0gz3N9QZpGdc3E
# XzTdEonW/aUgfX782Z5F37ZyL9t9X4C626p+Nuw2TPYrbqgSUei/BQOj0XOmTTd0
# lBw0gg/wEPK3Rxjtp+iZfD9M269ewvPV2HM9Q07BMzlMjgK8QmguEOqEUUbi0b1q
# GFphAXPKZ6Je1yh2AuIzGHLXpyDwwvoSCtdjbwzJNmSLW6CmgyFdXzB0kZSU2LlQ
# +QuJYfM2BjUYhEfb3BvR/bLUHMVr9lxSUV0S2yW6r1AFemzFER1y7435UsSFF5PA
# PBXbGjfHCBUYP3irRbb1Hode2o+eFnJpxq57t7c+auIurQIDAQABo4IB3TCCAdkw
# EgYJKwYBBAGCNxUBBAUCAwEAATAjBgkrBgEEAYI3FQIEFgQUKqdS/mTEmr6CkTxG
# NSnPEP8vBO4wHQYDVR0OBBYEFJ+nFV0AXmJdg/Tl0mWnG1M1GelyMFwGA1UdIARV
# MFMwUQYMKwYBBAGCN0yDfQEBMEEwPwYIKwYBBQUHAgEWM2h0dHA6Ly93d3cubWlj
# cm9zb2Z0LmNvbS9wa2lvcHMvRG9jcy9SZXBvc2l0b3J5Lmh0bTATBgNVHSUEDDAK
# BggrBgEFBQcDCDAZBgkrBgEEAYI3FAIEDB4KAFMAdQBiAEMAQTALBgNVHQ8EBAMC
# AYYwDwYDVR0TAQH/BAUwAwEB/zAfBgNVHSMEGDAWgBTV9lbLj+iiXGJo0T2UkFvX
# zpoYxDBWBgNVHR8ETzBNMEugSaBHhkVodHRwOi8vY3JsLm1pY3Jvc29mdC5jb20v
# cGtpL2NybC9wcm9kdWN0cy9NaWNSb29DZXJBdXRfMjAxMC0wNi0yMy5jcmwwWgYI
# KwYBBQUHAQEETjBMMEoGCCsGAQUFBzAChj5odHRwOi8vd3d3Lm1pY3Jvc29mdC5j
# b20vcGtpL2NlcnRzL01pY1Jvb0NlckF1dF8yMDEwLTA2LTIzLmNydDANBgkqhkiG
# 9w0BAQsFAAOCAgEAnVV9/Cqt4SwfZwExJFvhnnJL/Klv6lwUtj5OR2R4sQaTlz0x
# M7U518JxNj/aZGx80HU5bbsPMeTCj/ts0aGUGCLu6WZnOlNN3Zi6th542DYunKmC
# VgADsAW+iehp4LoJ7nvfam++Kctu2D9IdQHZGN5tggz1bSNU5HhTdSRXud2f8449
# xvNo32X2pFaq95W2KFUn0CS9QKC/GbYSEhFdPSfgQJY4rPf5KYnDvBewVIVCs/wM
# nosZiefwC2qBwoEZQhlSdYo2wh3DYXMuLGt7bj8sCXgU6ZGyqVvfSaN0DLzskYDS
# PeZKPmY7T7uG+jIa2Zb0j/aRAfbOxnT99kxybxCrdTDFNLB62FD+CljdQDzHVG2d
# Y3RILLFORy3BFARxv2T5JL5zbcqOCb2zAVdJVGTZc9d/HltEAY5aGZFrDZ+kKNxn
# GSgkujhLmm77IVRrakURR6nxt67I6IleT53S0Ex2tVdUCbFpAUR+fKFhbHP+Crvs
# QWY9af3LwUFJfn6Tvsv4O+S3Fb+0zj6lMVGEvL8CwYKiexcdFYmNcP7ntdAoGokL
# jzbaukz5m/8K6TT4JDVnK+ANuOaMmdbhIurwJ0I9JZTmdHRbatGePu1+oDEzfbzL
# 6Xu/OHBE0ZDxyKs6ijoIYn/ZcGNTTY3ugm2lBRDBcQZqELQdVTNYs6FwZvKhggNQ
# MIICOAIBATCB+aGB0aSBzjCByzELMAkGA1UEBhMCVVMxEzARBgNVBAgTCldhc2hp
# bmd0b24xEDAOBgNVBAcTB1JlZG1vbmQxHjAcBgNVBAoTFU1pY3Jvc29mdCBDb3Jw
# b3JhdGlvbjElMCMGA1UECxMcTWljcm9zb2Z0IEFtZXJpY2EgT3BlcmF0aW9uczEn
# MCUGA1UECxMeblNoaWVsZCBUU1MgRVNOOjM3MDMtMDVFMC1EOTQ3MSUwIwYDVQQD
# ExxNaWNyb3NvZnQgVGltZS1TdGFtcCBTZXJ2aWNloiMKAQEwBwYFKw4DAhoDFQDR
# AMVJlA6bKq93Vnu3UkJgm5HlYaCBgzCBgKR+MHwxCzAJBgNVBAYTAlVTMRMwEQYD
# VQQIEwpXYXNoaW5ndG9uMRAwDgYDVQQHEwdSZWRtb25kMR4wHAYDVQQKExVNaWNy
# b3NvZnQgQ29ycG9yYXRpb24xJjAkBgNVBAMTHU1pY3Jvc29mdCBUaW1lLVN0YW1w
# IFBDQSAyMDEwMA0GCSqGSIb3DQEBCwUAAgUA7JntojAiGA8yMDI1MTAxNTA5NTMz
# OFoYDzIwMjUxMDE2MDk1MzM4WjB3MD0GCisGAQQBhFkKBAExLzAtMAoCBQDsme2i
# AgEAMAoCAQACAhaiAgH/MAcCAQACAhKnMAoCBQDsmz8iAgEAMDYGCisGAQQBhFkK
# BAIxKDAmMAwGCisGAQQBhFkKAwKgCjAIAgEAAgMHoSChCjAIAgEAAgMBhqAwDQYJ
# KoZIhvcNAQELBQADggEBAEUl8mlKa2gBBBt0Fo2YkGahRkIX628l43634/ahX7Ua
# Xqt93ThrpYx2hN9gpX2UdrCWOvjrrwsYh8nY0I0gqy9yfW1Tjdfus/vo9hrenGxd
# cDvkjINAnU9nI0umvB/ngz1MNIBnMh8MBDPNZQezmT3yY2L/dqtJoExPiHzI4X08
# 8ZEGmjsrDPvFw8YUf9V/3d5oBgDm++Q4CbhsulF1Dr4rywvAbzuFfB7OEgO0Zto/
# uFunW2Deg7ZM8xhoy4ii9SO1YaNFcGlbA0rSod2wJFKllZsDEdO80XaCjMVkf80k
# IlZK1uizf5kgspGi/K8G8GReXdEylfV+VlV5s6zMdIExggQNMIIECQIBATCBkzB8
# MQswCQYDVQQGEwJVUzETMBEGA1UECBMKV2FzaGluZ3RvbjEQMA4GA1UEBxMHUmVk
# bW9uZDEeMBwGA1UEChMVTWljcm9zb2Z0IENvcnBvcmF0aW9uMSYwJAYDVQQDEx1N
# aWNyb3NvZnQgVGltZS1TdGFtcCBQQ0EgMjAxMAITMwAAAgpHshTZ7rKzDwABAAAC
# CjANBglghkgBZQMEAgEFAKCCAUowGgYJKoZIhvcNAQkDMQ0GCyqGSIb3DQEJEAEE
# MC8GCSqGSIb3DQEJBDEiBCBGgH9dLbmjblNHQl6awD/Wdki1A1EJ3hem8R+QF41Y
# /jCB+gYLKoZIhvcNAQkQAi8xgeowgecwgeQwgb0EIE2ay/y0epK/X3Z03KTcloqE
# 8u9IXRtdO7Mex0hw9+SaMIGYMIGApH4wfDELMAkGA1UEBhMCVVMxEzARBgNVBAgT
# Cldhc2hpbmd0b24xEDAOBgNVBAcTB1JlZG1vbmQxHjAcBgNVBAoTFU1pY3Jvc29m
# dCBDb3Jwb3JhdGlvbjEmMCQGA1UEAxMdTWljcm9zb2Z0IFRpbWUtU3RhbXAgUENB
# IDIwMTACEzMAAAIKR7IU2e6ysw8AAQAAAgowIgQg3X72HO1Gf+/jecs0IiZ+9Chv
# 5K4dZix9OwzGi30wHXIwDQYJKoZIhvcNAQELBQAEggIAel4bHGmJun0Rp6FC8e89
# 8B/WSn7vd2lR2DXoXpSJ9Z996vzDzlOPYhq8FZa3T5m9fycxNBoYG8GQBx7P33Ts
# OAih6S8Zz2m+G75aqEe5KPBv6dcjTEQd4gEYD9jzHGlY5uGYM7QCPfWd2s6N4Xm5
# cJTCeKzrEVvBhBge8AUT4rcQUWNIitfhOVfkC3LQfOrdGr8SKR3xKeZhKo97D1WQ
# 9zbC5koFRfdMitBUA1PD2B71y3cD0/eDREM+d6bCHnu/VXZCrMoauLpsPhr3i1kf
# ZuQVLtOl7K7GmBX3/QxF/trdPXMYy1qhIwruUfxWLf8SXzT8+K9WO/dWUmu1FwEc
# RUycVBVh2CKtPasZ1S4cXk8lGTdwinn81LNuNh0FneC/0MS4RvdZeRD4WyHy5mNI
# EdKGj468EMIgiTkl06JUTnXlAMUQmZxS3wszXELn0fvll2t7Tt1UT0+jy+tHP+04
# sOeKLaxRHD4iuPzTfkhdAhs/K6Kv/ODaMsE1HI57SCq7gG13OnLP+vpnpoa4qnEz
# nRKkyHYvW8JxUtYx1q/R0NcVZ9caOeaL+UNwZE1F782HgV4YYYOdNIY06AnwUReJ
# dT9Xd0wnpShNs6JoN7iKNGJQuk7DFjxl6vp67U5fDzllTNelFZkT/mOcrFGko3Tj
# 2Fqb0SssGtMlnGGOUnC39JI=
# SIG # End signature block
</Data>
      <Data Name="ScriptBlockId">09397254-7730-402d-a34d-517b0fbc613b</Data>
      <Data Name="Path">C:\program files\powershell\7\Modules\Microsoft.PowerShell.Utility\Microsoft.PowerShell.Utility.psd1</Data>
    </EventData>
  </Event>
  <Event xmlns="http://schemas.microsoft.com/win/2004/08/events/event">
    <System>
      <Provider Name="PowerShellCore" Guid="{f90714a8-5509-434a-bf6d-b1624c8a19a2}" />
      <EventID>8196</EventID>
      <Version>1</Version>
      <Level>4</Level>
      <Task>0</Task>
      <Opcode>20</Opcode>
      <Keywords>0x0</Keywords>
      <TimeCreated SystemTime="2026-01-23T15:08:47.9420958Z" />
      <EventRecordID>1319</EventRecordID>
      <Correlation ActivityID="{e69b5434-eaa2-4e30-9416-40bf41407ba9}" />
      <Execution ProcessID="1564" ThreadID="1044" />
      <Channel>PowerShellCore/Operational</Channel>
      <Computer>DESKTOP-U2U3HDH</Computer>
      <Security UserID="S-1-5-21-564872773-1291138996-2393293407-1001" />
    </System>
    <EventData>
    </EventData>
  </Event>
  <Event xmlns="http://schemas.microsoft.com/win/2004/08/events/event">
    <System>
      <Provider Name="PowerShellCore" Guid="{f90714a8-5509-434a-bf6d-b1624c8a19a2}" />
      <EventID>12039</EventID>
      <Version>1</Version>
      <Level>4</Level>
      <Task>0</Task>
      <Opcode>20</Opcode>
      <Keywords>0x0</Keywords>
      <TimeCreated SystemTime="2026-01-23T15:08:47.9420966Z" />
      <EventRecordID>1320</EventRecordID>
      <Correlation ActivityID="{e69b5434-eaa2-4e30-9416-40bf41407ba9}" />
      <Execution ProcessID="1564" ThreadID="1044" />
      <Channel>PowerShellCore/Operational</Channel>
      <Computer>DESKTOP-U2U3HDH</Computer>
      <Security UserID="S-1-5-21-564872773-1291138996-2393293407-1001" />
    </System>
    <EventData>
    </EventData>
  </Event>
  